2022-11-06 19:25:12,925 [Worker-6: Loading available Gradle versions] INFO  o.e.b.c.i.u.g.PublishedGradleVersions - Gradle version information cache is up-to-date. Trying to read.
2022-11-06 19:26:02,357 [Worker-6: Loading available Gradle versions] INFO  o.e.b.c.i.u.g.PublishedGradleVersions - Gradle version information cache is up-to-date. Trying to read.
2022-11-06 19:29:11,023 [Worker-0: Import Getting Started Content] INFO  o.e.m.c.i.l.LifecycleMappingFactory - Using org.maven.ide.eclipse.wtp.WarLifecycleMapping lifecycle mapping for MavenProject: com.codingdojo.booksapi:booksapi:0.0.1-SNAPSHOT @ C:\PNSA-Cohort3\Java\Spring MVC\booksapi\pom.xml.
2022-11-06 19:29:11,963 [Worker-0: Import Getting Started Content] INFO  o.e.m.j.i.AbstractJavaProjectConfigurator - Adding source folder /booksapi/src/main/java
2022-11-06 19:29:11,971 [Worker-0: Import Getting Started Content] INFO  o.e.m.j.i.AbstractJavaProjectConfigurator - Adding resource folder /booksapi/src/main/resources
2022-11-06 19:29:11,974 [Worker-0: Import Getting Started Content] INFO  o.e.m.j.i.AbstractJavaProjectConfigurator - Adding resource folder /booksapi/src/main/resources
2022-11-06 19:29:11,977 [Worker-0: Import Getting Started Content] INFO  o.e.m.j.i.AbstractJavaProjectConfigurator - Adding source folder /booksapi/src/test/java
2022-11-06 19:29:13,912 [Worker-0: Import Getting Started Content] INFO  o.e.m.c.i.p.ProjectConfigurationManager - Imported and configured 1 project(s) in 3 sec
2022-11-06 19:29:13,916 [Worker-0: Import Getting Started Content] INFO  o.e.m.c.i.p.ProjectConfigurationManager - Update started
2022-11-06 19:29:14,217 [Worker-0: Import Getting Started Content] INFO  o.e.m.c.i.l.LifecycleMappingFactory - Using org.maven.ide.eclipse.wtp.WarLifecycleMapping lifecycle mapping for MavenProject: com.codingdojo.booksapi:booksapi:0.0.1-SNAPSHOT @ C:\PNSA-Cohort3\Java\Spring MVC\booksapi\pom.xml.
2022-11-06 19:29:15,043 [Worker-0: Import Getting Started Content] INFO  o.e.m.j.i.AbstractJavaProjectConfigurator - Adding source folder /booksapi/src/main/java
2022-11-06 19:29:15,044 [Worker-0: Import Getting Started Content] INFO  o.e.m.j.i.AbstractJavaProjectConfigurator - Adding resource folder /booksapi/src/main/resources
2022-11-06 19:29:15,044 [Worker-0: Import Getting Started Content] INFO  o.e.m.j.i.AbstractJavaProjectConfigurator - Adding resource folder /booksapi/src/main/resources
2022-11-06 19:29:15,045 [Worker-0: Import Getting Started Content] INFO  o.e.m.j.i.AbstractJavaProjectConfigurator - Adding source folder /booksapi/src/test/java
2022-11-06 19:29:15,832 [Worker-0: Import Getting Started Content] INFO  o.e.m.w.i.f.ResourceFilteringBuildParticipant - Cleaning filtered folder for booksapi
2022-11-06 19:29:15,838 [Worker-0: Import Getting Started Content] INFO  o.e.m.c.i.p.ProjectConfigurationManager - Update completed: 1 sec
2022-11-06 19:29:16,370 [Worker-4: Building] INFO  o.e.m.c.i.embedder.EclipseLogger - Using 'UTF-8' encoding to copy filtered resources.
2022-11-06 19:29:16,370 [Worker-4: Building] INFO  o.e.m.c.i.embedder.EclipseLogger - Using 'UTF-8' encoding to copy filtered properties files.
2022-11-06 19:29:16,375 [Worker-4: Building] INFO  o.e.m.c.i.embedder.EclipseLogger - Copying 1 resource
2022-11-06 19:29:16,390 [Worker-4: Building] INFO  o.e.m.c.i.embedder.EclipseLogger - Copying 0 resource
2022-11-06 19:29:16,393 [Worker-4: Building] INFO  o.e.m.c.i.embedder.EclipseLogger - Using 'UTF-8' encoding to copy filtered resources.
2022-11-06 19:29:16,393 [Worker-4: Building] INFO  o.e.m.c.i.embedder.EclipseLogger - Using 'UTF-8' encoding to copy filtered properties files.
2022-11-06 19:29:16,393 [Worker-4: Building] INFO  o.e.m.c.i.embedder.EclipseLogger - skip non existing resourceDirectory C:\PNSA-Cohort3\Java\Spring MVC\booksapi\src\test\resources
2022-11-06 19:29:16,394 [Worker-4: Building] INFO  o.e.m.w.i.f.ResourceFilteringBuildParticipant - Changed resources require a complete clean of filtered resources of booksapi
2022-11-06 19:29:16,395 [Worker-4: Building] INFO  o.e.m.w.i.f.ResourceFilteringBuildParticipant - Executing resource filtering for booksapi
2022-11-06 19:29:16,399 [Worker-4: Building] INFO  o.e.m.c.i.embedder.EclipseLogger - Using 'UTF-8' encoding to copy filtered resources.
2022-11-06 19:29:16,399 [Worker-4: Building] INFO  o.e.m.c.i.embedder.EclipseLogger - Using 'UTF-8' encoding to copy filtered properties files.
2022-11-06 19:32:44,634 [Worker-11: Building] INFO  o.e.m.c.i.l.LifecycleMappingFactory - Using org.maven.ide.eclipse.wtp.WarLifecycleMapping lifecycle mapping for MavenProject: com.codingdojo.booksapi:booksapi:0.0.1-SNAPSHOT @ C:\PNSA-Cohort3\Java\Spring MVC\booksapi\pom.xml.
2022-11-06 19:32:45,379 [Worker-11: Building] INFO  o.e.m.c.i.embedder.EclipseLogger - Using 'UTF-8' encoding to copy filtered resources.
2022-11-06 19:32:45,379 [Worker-11: Building] INFO  o.e.m.c.i.embedder.EclipseLogger - Using 'UTF-8' encoding to copy filtered properties files.
2022-11-06 19:32:45,382 [Worker-11: Building] INFO  o.e.m.c.i.embedder.EclipseLogger - Copying 0 resource
2022-11-06 19:32:45,382 [Worker-11: Building] INFO  o.e.m.c.i.embedder.EclipseLogger - Copying 0 resource
2022-11-06 19:32:45,386 [Worker-11: Building] INFO  o.e.m.c.i.embedder.EclipseLogger - Using 'UTF-8' encoding to copy filtered resources.
2022-11-06 19:32:45,386 [Worker-11: Building] INFO  o.e.m.c.i.embedder.EclipseLogger - Using 'UTF-8' encoding to copy filtered properties files.
2022-11-06 19:32:45,386 [Worker-11: Building] INFO  o.e.m.c.i.embedder.EclipseLogger - skip non existing resourceDirectory C:\PNSA-Cohort3\Java\Spring MVC\booksapi\src\test\resources
2022-11-06 19:32:45,386 [Worker-11: Building] INFO  o.e.m.w.i.f.ResourceFilteringBuildParticipant - Changed resources require a complete clean of filtered resources of booksapi
2022-11-06 19:32:45,386 [Worker-11: Building] INFO  o.e.m.w.i.f.ResourceFilteringBuildParticipant - Executing resource filtering for booksapi
2022-11-06 19:32:45,391 [Worker-11: Building] INFO  o.e.m.c.i.embedder.EclipseLogger - Using 'UTF-8' encoding to copy filtered resources.
2022-11-06 19:32:45,392 [Worker-11: Building] INFO  o.e.m.c.i.embedder.EclipseLogger - Using 'UTF-8' encoding to copy filtered properties files.
2022-11-06 19:32:46,387 [Worker-11: Download sources and javadoc] INFO  o.e.m.c.i.e.AbstractTransferListenerAdapter - Downloading https://repo.maven.apache.org/maven2/org/webjars/webjars-locator/0.30/webjars-locator-0.30-sources.jar
2022-11-06 19:32:46,476 [Worker-11: Download sources and javadoc] INFO  o.e.m.c.i.e.AbstractTransferListenerAdapter - Downloaded https://repo.maven.apache.org/maven2/org/webjars/webjars-locator/0.30/webjars-locator-0.30-sources.jar
2022-11-06 19:32:46,479 [Worker-11: Download sources and javadoc] INFO  o.e.m.j.internal.DownloadSourcesJob - Downloaded sources for org.webjars:webjars-locator:0.30
2022-11-06 19:32:46,725 [Worker-16: Building] INFO  o.e.m.c.i.embedder.EclipseLogger - Using 'UTF-8' encoding to copy filtered resources.
2022-11-06 19:32:46,725 [Worker-16: Building] INFO  o.e.m.c.i.embedder.EclipseLogger - Using 'UTF-8' encoding to copy filtered properties files.
2022-11-06 19:32:46,729 [Worker-16: Building] INFO  o.e.m.c.i.embedder.EclipseLogger - Copying 1 resource
2022-11-06 19:32:46,743 [Worker-16: Building] INFO  o.e.m.c.i.embedder.EclipseLogger - Copying 0 resource
2022-11-06 19:32:46,747 [Worker-16: Building] INFO  o.e.m.c.i.embedder.EclipseLogger - Using 'UTF-8' encoding to copy filtered resources.
2022-11-06 19:32:46,747 [Worker-16: Building] INFO  o.e.m.c.i.embedder.EclipseLogger - Using 'UTF-8' encoding to copy filtered properties files.
2022-11-06 19:32:46,747 [Worker-16: Building] INFO  o.e.m.c.i.embedder.EclipseLogger - skip non existing resourceDirectory C:\PNSA-Cohort3\Java\Spring MVC\booksapi\src\test\resources
2022-11-06 19:32:46,962 [Worker-11: Download sources and javadoc] INFO  o.e.m.c.i.e.AbstractTransferListenerAdapter - Downloading https://repo.maven.apache.org/maven2/org/webjars/bootstrap/5.0.1/bootstrap-5.0.1-sources.jar
2022-11-06 19:32:47,111 [Worker-11: Download sources and javadoc] INFO  o.e.m.c.i.e.AbstractTransferListenerAdapter - Downloaded https://repo.maven.apache.org/maven2/org/webjars/bootstrap/5.0.1/bootstrap-5.0.1-sources.jar
2022-11-06 19:32:47,113 [Worker-11: Download sources and javadoc] INFO  o.e.m.j.internal.DownloadSourcesJob - Downloaded sources for org.webjars:bootstrap:5.0.1
2022-11-06 19:32:47,379 [Worker-11: Download sources and javadoc] INFO  o.e.m.c.i.e.AbstractTransferListenerAdapter - Downloaded https://repo.maven.apache.org/maven2/org/webjars/popper.js/2.9.2/popper.js-2.9.2-sources.jar
2022-11-06 19:32:47,382 [Worker-11: Download sources and javadoc] ERROR o.e.m.j.internal.DownloadSourcesJob - Could not download sources for org.webjars:popper.js:2.9.2
org.eclipse.core.runtime.CoreException: Could not resolve artifact org.webjars:popper.js:jar:sources:2.9.2
	at org.eclipse.m2e.core.internal.embedder.MavenImpl.lambda$6(MavenImpl.java:608)
	at org.eclipse.m2e.core.internal.embedder.MavenExecutionContext.executeBare(MavenExecutionContext.java:350)
	at org.eclipse.m2e.core.internal.embedder.MavenExecutionContext.execute(MavenExecutionContext.java:219)
	at org.eclipse.m2e.core.internal.embedder.MavenExecutionContext.execute(MavenExecutionContext.java:205)
	at org.eclipse.m2e.core.internal.embedder.MavenImpl.resolve(MavenImpl.java:577)
	at org.eclipse.m2e.core.internal.embedder.MavenImpl.resolve(MavenImpl.java:562)
	at org.eclipse.m2e.jdt.internal.DownloadSourcesJob.download(DownloadSourcesJob.java:308)
	at org.eclipse.m2e.jdt.internal.DownloadSourcesJob.downloadAttachments(DownloadSourcesJob.java:282)
	at org.eclipse.m2e.jdt.internal.DownloadSourcesJob.downloadMaven(DownloadSourcesJob.java:252)
	at org.eclipse.m2e.jdt.internal.DownloadSourcesJob.downloadFilesAndPopulateToUpdate(DownloadSourcesJob.java:220)
	at org.eclipse.m2e.jdt.internal.DownloadSourcesJob.lambda$0(DownloadSourcesJob.java:149)
	at org.eclipse.m2e.core.internal.embedder.MavenExecutionContext.executeBare(MavenExecutionContext.java:350)
	at org.eclipse.m2e.core.internal.embedder.MavenExecutionContext.execute(MavenExecutionContext.java:262)
	at org.eclipse.m2e.core.internal.embedder.MavenExecutionContext.execute(MavenExecutionContext.java:205)
	at org.eclipse.m2e.core.embedder.IMaven.execute(IMaven.java:270)
	at org.eclipse.m2e.jdt.internal.DownloadSourcesJob.run(DownloadSourcesJob.java:149)
	at org.eclipse.core.internal.jobs.Worker.run(Worker.java:63)
2022-11-06 19:32:47,889 [Worker-11: Building] INFO  o.e.m.c.i.embedder.EclipseLogger - Using 'UTF-8' encoding to copy filtered resources.
2022-11-06 19:32:47,889 [Worker-11: Building] INFO  o.e.m.c.i.embedder.EclipseLogger - Using 'UTF-8' encoding to copy filtered properties files.
2022-11-06 19:32:47,890 [Worker-11: Building] INFO  o.e.m.c.i.embedder.EclipseLogger - Copying 0 resource
2022-11-06 19:32:47,890 [Worker-11: Building] INFO  o.e.m.c.i.embedder.EclipseLogger - Copying 0 resource
2022-11-06 19:32:47,894 [Worker-11: Building] INFO  o.e.m.c.i.embedder.EclipseLogger - Using 'UTF-8' encoding to copy filtered resources.
2022-11-06 19:32:47,894 [Worker-11: Building] INFO  o.e.m.c.i.embedder.EclipseLogger - Using 'UTF-8' encoding to copy filtered properties files.
2022-11-06 19:32:47,894 [Worker-11: Building] INFO  o.e.m.c.i.embedder.EclipseLogger - skip non existing resourceDirectory C:\PNSA-Cohort3\Java\Spring MVC\booksapi\src\test\resources
2022-11-06 19:34:40,667 [Worker-18: Building] INFO  o.e.m.c.i.embedder.EclipseLogger - Using 'UTF-8' encoding to copy filtered resources.
2022-11-06 19:34:40,667 [Worker-18: Building] INFO  o.e.m.c.i.embedder.EclipseLogger - Using 'UTF-8' encoding to copy filtered properties files.
2022-11-06 19:34:40,667 [Worker-18: Building] INFO  o.e.m.c.i.embedder.EclipseLogger - Copying 0 resource
2022-11-06 19:34:40,667 [Worker-18: Building] INFO  o.e.m.c.i.embedder.EclipseLogger - Copying 0 resource
2022-11-06 19:34:40,670 [Worker-18: Building] INFO  o.e.m.c.i.embedder.EclipseLogger - Using 'UTF-8' encoding to copy filtered resources.
2022-11-06 19:34:40,670 [Worker-18: Building] INFO  o.e.m.c.i.embedder.EclipseLogger - Using 'UTF-8' encoding to copy filtered properties files.
2022-11-06 19:34:40,670 [Worker-18: Building] INFO  o.e.m.c.i.embedder.EclipseLogger - skip non existing resourceDirectory C:\PNSA-Cohort3\Java\Spring MVC\booksapi\src\test\resources
2022-11-06 19:35:16,980 [Worker-12: Building] INFO  o.e.m.c.i.embedder.EclipseLogger - Using 'UTF-8' encoding to copy filtered resources.
2022-11-06 19:35:16,980 [Worker-12: Building] INFO  o.e.m.c.i.embedder.EclipseLogger - Using 'UTF-8' encoding to copy filtered properties files.
2022-11-06 19:35:16,981 [Worker-12: Building] INFO  o.e.m.c.i.embedder.EclipseLogger - Copying 0 resource
2022-11-06 19:35:16,982 [Worker-12: Building] INFO  o.e.m.c.i.embedder.EclipseLogger - Copying 0 resource
2022-11-06 19:35:16,989 [Worker-12: Building] INFO  o.e.m.c.i.embedder.EclipseLogger - Using 'UTF-8' encoding to copy filtered resources.
2022-11-06 19:35:16,990 [Worker-12: Building] INFO  o.e.m.c.i.embedder.EclipseLogger - Using 'UTF-8' encoding to copy filtered properties files.
2022-11-06 19:35:16,990 [Worker-12: Building] INFO  o.e.m.c.i.embedder.EclipseLogger - skip non existing resourceDirectory C:\PNSA-Cohort3\Java\Spring MVC\booksapi\src\test\resources
2022-11-06 19:35:22,732 [Worker-18: Building] INFO  o.e.m.c.i.embedder.EclipseLogger - Using 'UTF-8' encoding to copy filtered resources.
2022-11-06 19:35:22,732 [Worker-18: Building] INFO  o.e.m.c.i.embedder.EclipseLogger - Using 'UTF-8' encoding to copy filtered properties files.
2022-11-06 19:35:22,732 [Worker-18: Building] INFO  o.e.m.c.i.embedder.EclipseLogger - Copying 0 resource
2022-11-06 19:35:22,732 [Worker-18: Building] INFO  o.e.m.c.i.embedder.EclipseLogger - Copying 0 resource
2022-11-06 19:35:22,737 [Worker-18: Building] INFO  o.e.m.c.i.embedder.EclipseLogger - Using 'UTF-8' encoding to copy filtered resources.
2022-11-06 19:35:22,737 [Worker-18: Building] INFO  o.e.m.c.i.embedder.EclipseLogger - Using 'UTF-8' encoding to copy filtered properties files.
2022-11-06 19:35:22,737 [Worker-18: Building] INFO  o.e.m.c.i.embedder.EclipseLogger - skip non existing resourceDirectory C:\PNSA-Cohort3\Java\Spring MVC\booksapi\src\test\resources
2022-11-06 19:36:06,641 [Worker-0: Building] INFO  o.e.m.c.i.embedder.EclipseLogger - Using 'UTF-8' encoding to copy filtered resources.
2022-11-06 19:36:06,641 [Worker-0: Building] INFO  o.e.m.c.i.embedder.EclipseLogger - Using 'UTF-8' encoding to copy filtered properties files.
2022-11-06 19:36:06,642 [Worker-0: Building] INFO  o.e.m.c.i.embedder.EclipseLogger - Copying 1 resource
2022-11-06 19:36:06,649 [Worker-0: Building] INFO  o.e.m.c.i.embedder.EclipseLogger - Copying 0 resource
2022-11-06 19:36:06,651 [Worker-0: Building] INFO  o.e.m.c.i.embedder.EclipseLogger - Using 'UTF-8' encoding to copy filtered resources.
2022-11-06 19:36:06,651 [Worker-0: Building] INFO  o.e.m.c.i.embedder.EclipseLogger - Using 'UTF-8' encoding to copy filtered properties files.
2022-11-06 19:36:06,651 [Worker-0: Building] INFO  o.e.m.c.i.embedder.EclipseLogger - skip non existing resourceDirectory C:\PNSA-Cohort3\Java\Spring MVC\booksapi\src\test\resources
2022-11-06 19:40:09,748 [Worker-18: Building] INFO  o.e.m.c.i.embedder.EclipseLogger - Using 'UTF-8' encoding to copy filtered resources.
2022-11-06 19:40:09,748 [Worker-18: Building] INFO  o.e.m.c.i.embedder.EclipseLogger - Using 'UTF-8' encoding to copy filtered properties files.
2022-11-06 19:40:09,751 [Worker-18: Building] INFO  o.e.m.c.i.embedder.EclipseLogger - Copying 1 resource
2022-11-06 19:40:09,769 [Worker-18: Building] INFO  o.e.m.c.i.embedder.EclipseLogger - Copying 0 resource
2022-11-06 19:40:09,775 [Worker-18: Building] INFO  o.e.m.c.i.embedder.EclipseLogger - Using 'UTF-8' encoding to copy filtered resources.
2022-11-06 19:40:09,775 [Worker-18: Building] INFO  o.e.m.c.i.embedder.EclipseLogger - Using 'UTF-8' encoding to copy filtered properties files.
2022-11-06 19:40:09,775 [Worker-18: Building] INFO  o.e.m.c.i.embedder.EclipseLogger - skip non existing resourceDirectory C:\PNSA-Cohort3\Java\Spring MVC\booksapi\src\test\resources
2022-11-06 19:41:12,856 [Worker-18: Building] INFO  o.e.m.c.i.embedder.EclipseLogger - Using 'UTF-8' encoding to copy filtered resources.
2022-11-06 19:41:12,856 [Worker-18: Building] INFO  o.e.m.c.i.embedder.EclipseLogger - Using 'UTF-8' encoding to copy filtered properties files.
2022-11-06 19:41:12,858 [Worker-18: Building] INFO  o.e.m.c.i.embedder.EclipseLogger - Copying 1 resource
2022-11-06 19:41:12,866 [Worker-18: Building] INFO  o.e.m.c.i.embedder.EclipseLogger - Copying 0 resource
2022-11-06 19:41:12,870 [Worker-18: Building] INFO  o.e.m.c.i.embedder.EclipseLogger - Using 'UTF-8' encoding to copy filtered resources.
2022-11-06 19:41:12,870 [Worker-18: Building] INFO  o.e.m.c.i.embedder.EclipseLogger - Using 'UTF-8' encoding to copy filtered properties files.
2022-11-06 19:41:12,870 [Worker-18: Building] INFO  o.e.m.c.i.embedder.EclipseLogger - skip non existing resourceDirectory C:\PNSA-Cohort3\Java\Spring MVC\booksapi\src\test\resources
2022-11-06 19:41:13,951 [Worker-18: Building] INFO  o.e.m.c.i.embedder.EclipseLogger - Using 'UTF-8' encoding to copy filtered resources.
2022-11-06 19:41:13,951 [Worker-18: Building] INFO  o.e.m.c.i.embedder.EclipseLogger - Using 'UTF-8' encoding to copy filtered properties files.
2022-11-06 19:41:13,953 [Worker-18: Building] INFO  o.e.m.c.i.embedder.EclipseLogger - Copying 0 resource
2022-11-06 19:41:13,953 [Worker-18: Building] INFO  o.e.m.c.i.embedder.EclipseLogger - Copying 0 resource
2022-11-06 19:41:13,960 [Worker-18: Building] INFO  o.e.m.c.i.embedder.EclipseLogger - Using 'UTF-8' encoding to copy filtered resources.
2022-11-06 19:41:13,960 [Worker-18: Building] INFO  o.e.m.c.i.embedder.EclipseLogger - Using 'UTF-8' encoding to copy filtered properties files.
2022-11-06 19:41:13,960 [Worker-18: Building] INFO  o.e.m.c.i.embedder.EclipseLogger - skip non existing resourceDirectory C:\PNSA-Cohort3\Java\Spring MVC\booksapi\src\test\resources
2022-11-06 19:47:49,817 [Worker-22: Building] INFO  o.e.m.c.i.embedder.EclipseLogger - Using 'UTF-8' encoding to copy filtered resources.
2022-11-06 19:47:49,818 [Worker-22: Building] INFO  o.e.m.c.i.embedder.EclipseLogger - Using 'UTF-8' encoding to copy filtered properties files.
2022-11-06 19:47:49,818 [Worker-22: Building] INFO  o.e.m.c.i.embedder.EclipseLogger - Copying 1 resource
2022-11-06 19:47:49,833 [Worker-22: Building] INFO  o.e.m.c.i.embedder.EclipseLogger - Copying 0 resource
2022-11-06 19:47:49,838 [Worker-22: Building] INFO  o.e.m.c.i.embedder.EclipseLogger - Using 'UTF-8' encoding to copy filtered resources.
2022-11-06 19:47:49,838 [Worker-22: Building] INFO  o.e.m.c.i.embedder.EclipseLogger - Using 'UTF-8' encoding to copy filtered properties files.
2022-11-06 19:47:49,838 [Worker-22: Building] INFO  o.e.m.c.i.embedder.EclipseLogger - skip non existing resourceDirectory C:\PNSA-Cohort3\Java\Spring MVC\booksapi\src\test\resources
2022-11-06 19:49:36,134 [Worker-24: Building] INFO  o.e.m.c.i.embedder.EclipseLogger - Using 'UTF-8' encoding to copy filtered resources.
2022-11-06 19:49:36,134 [Worker-24: Building] INFO  o.e.m.c.i.embedder.EclipseLogger - Using 'UTF-8' encoding to copy filtered properties files.
2022-11-06 19:49:36,135 [Worker-24: Building] INFO  o.e.m.c.i.embedder.EclipseLogger - Copying 1 resource
2022-11-06 19:49:36,145 [Worker-24: Building] INFO  o.e.m.c.i.embedder.EclipseLogger - Copying 0 resource
2022-11-06 19:49:36,148 [Worker-24: Building] INFO  o.e.m.c.i.embedder.EclipseLogger - Using 'UTF-8' encoding to copy filtered resources.
2022-11-06 19:49:36,148 [Worker-24: Building] INFO  o.e.m.c.i.embedder.EclipseLogger - Using 'UTF-8' encoding to copy filtered properties files.
2022-11-06 19:49:36,148 [Worker-24: Building] INFO  o.e.m.c.i.embedder.EclipseLogger - skip non existing resourceDirectory C:\PNSA-Cohort3\Java\Spring MVC\booksapi\src\test\resources
2022-11-06 19:50:51,372 [Worker-25: Building] INFO  o.e.m.c.i.embedder.EclipseLogger - Using 'UTF-8' encoding to copy filtered resources.
2022-11-06 19:50:51,372 [Worker-25: Building] INFO  o.e.m.c.i.embedder.EclipseLogger - Using 'UTF-8' encoding to copy filtered properties files.
2022-11-06 19:50:51,373 [Worker-25: Building] INFO  o.e.m.c.i.embedder.EclipseLogger - Copying 1 resource
2022-11-06 19:50:51,382 [Worker-25: Building] INFO  o.e.m.c.i.embedder.EclipseLogger - Copying 0 resource
2022-11-06 19:50:51,385 [Worker-25: Building] INFO  o.e.m.c.i.embedder.EclipseLogger - Using 'UTF-8' encoding to copy filtered resources.
2022-11-06 19:50:51,385 [Worker-25: Building] INFO  o.e.m.c.i.embedder.EclipseLogger - Using 'UTF-8' encoding to copy filtered properties files.
2022-11-06 19:50:51,385 [Worker-25: Building] INFO  o.e.m.c.i.embedder.EclipseLogger - skip non existing resourceDirectory C:\PNSA-Cohort3\Java\Spring MVC\booksapi\src\test\resources
2022-11-06 19:52:01,729 [Worker-25: Building] INFO  o.e.m.c.i.embedder.EclipseLogger - Using 'UTF-8' encoding to copy filtered resources.
2022-11-06 19:52:01,729 [Worker-25: Building] INFO  o.e.m.c.i.embedder.EclipseLogger - Using 'UTF-8' encoding to copy filtered properties files.
2022-11-06 19:52:01,730 [Worker-25: Building] INFO  o.e.m.c.i.embedder.EclipseLogger - Copying 1 resource
2022-11-06 19:52:01,740 [Worker-25: Building] INFO  o.e.m.c.i.embedder.EclipseLogger - Copying 0 resource
2022-11-06 19:52:01,743 [Worker-25: Building] INFO  o.e.m.c.i.embedder.EclipseLogger - Using 'UTF-8' encoding to copy filtered resources.
2022-11-06 19:52:01,744 [Worker-25: Building] INFO  o.e.m.c.i.embedder.EclipseLogger - Using 'UTF-8' encoding to copy filtered properties files.
2022-11-06 19:52:01,744 [Worker-25: Building] INFO  o.e.m.c.i.embedder.EclipseLogger - skip non existing resourceDirectory C:\PNSA-Cohort3\Java\Spring MVC\booksapi\src\test\resources
2022-11-06 19:56:11,882 [Worker-28: Building] INFO  o.e.m.c.i.embedder.EclipseLogger - Using 'UTF-8' encoding to copy filtered resources.
2022-11-06 19:56:11,882 [Worker-28: Building] INFO  o.e.m.c.i.embedder.EclipseLogger - Using 'UTF-8' encoding to copy filtered properties files.
2022-11-06 19:56:11,883 [Worker-28: Building] INFO  o.e.m.c.i.embedder.EclipseLogger - Copying 1 resource
2022-11-06 19:56:11,892 [Worker-28: Building] INFO  o.e.m.c.i.embedder.EclipseLogger - Copying 0 resource
2022-11-06 19:56:11,895 [Worker-28: Building] INFO  o.e.m.c.i.embedder.EclipseLogger - Using 'UTF-8' encoding to copy filtered resources.
2022-11-06 19:56:11,896 [Worker-28: Building] INFO  o.e.m.c.i.embedder.EclipseLogger - Using 'UTF-8' encoding to copy filtered properties files.
2022-11-06 19:56:11,896 [Worker-28: Building] INFO  o.e.m.c.i.embedder.EclipseLogger - skip non existing resourceDirectory C:\PNSA-Cohort3\Java\Spring MVC\booksapi\src\test\resources
2022-11-06 19:56:44,338 [Worker-26: Building] INFO  o.e.m.c.i.embedder.EclipseLogger - Using 'UTF-8' encoding to copy filtered resources.
2022-11-06 19:56:44,339 [Worker-26: Building] INFO  o.e.m.c.i.embedder.EclipseLogger - Using 'UTF-8' encoding to copy filtered properties files.
2022-11-06 19:56:44,340 [Worker-26: Building] INFO  o.e.m.c.i.embedder.EclipseLogger - Copying 1 resource
2022-11-06 19:56:44,349 [Worker-26: Building] INFO  o.e.m.c.i.embedder.EclipseLogger - Copying 0 resource
2022-11-06 19:56:44,352 [Worker-26: Building] INFO  o.e.m.c.i.embedder.EclipseLogger - Using 'UTF-8' encoding to copy filtered resources.
2022-11-06 19:56:44,352 [Worker-26: Building] INFO  o.e.m.c.i.embedder.EclipseLogger - Using 'UTF-8' encoding to copy filtered properties files.
2022-11-06 19:56:44,352 [Worker-26: Building] INFO  o.e.m.c.i.embedder.EclipseLogger - skip non existing resourceDirectory C:\PNSA-Cohort3\Java\Spring MVC\booksapi\src\test\resources
2022-11-06 19:58:40,636 [Worker-24: Building] INFO  o.e.m.c.i.embedder.EclipseLogger - Using 'UTF-8' encoding to copy filtered resources.
2022-11-06 19:58:40,636 [Worker-24: Building] INFO  o.e.m.c.i.embedder.EclipseLogger - Using 'UTF-8' encoding to copy filtered properties files.
2022-11-06 19:58:40,637 [Worker-24: Building] INFO  o.e.m.c.i.embedder.EclipseLogger - Copying 1 resource
2022-11-06 19:58:40,645 [Worker-24: Building] INFO  o.e.m.c.i.embedder.EclipseLogger - Copying 0 resource
2022-11-06 19:58:40,648 [Worker-24: Building] INFO  o.e.m.c.i.embedder.EclipseLogger - Using 'UTF-8' encoding to copy filtered resources.
2022-11-06 19:58:40,648 [Worker-24: Building] INFO  o.e.m.c.i.embedder.EclipseLogger - Using 'UTF-8' encoding to copy filtered properties files.
2022-11-06 19:58:40,648 [Worker-24: Building] INFO  o.e.m.c.i.embedder.EclipseLogger - skip non existing resourceDirectory C:\PNSA-Cohort3\Java\Spring MVC\booksapi\src\test\resources
2022-11-06 19:58:41,694 [Worker-24: Building] INFO  o.e.m.c.i.embedder.EclipseLogger - Using 'UTF-8' encoding to copy filtered resources.
2022-11-06 19:58:41,694 [Worker-24: Building] INFO  o.e.m.c.i.embedder.EclipseLogger - Using 'UTF-8' encoding to copy filtered properties files.
2022-11-06 19:58:41,695 [Worker-24: Building] INFO  o.e.m.c.i.embedder.EclipseLogger - Copying 1 resource
2022-11-06 19:58:41,703 [Worker-24: Building] INFO  o.e.m.c.i.embedder.EclipseLogger - Copying 0 resource
2022-11-06 19:58:41,705 [Worker-24: Building] INFO  o.e.m.c.i.embedder.EclipseLogger - Using 'UTF-8' encoding to copy filtered resources.
2022-11-06 19:58:41,705 [Worker-24: Building] INFO  o.e.m.c.i.embedder.EclipseLogger - Using 'UTF-8' encoding to copy filtered properties files.
2022-11-06 19:58:41,705 [Worker-24: Building] INFO  o.e.m.c.i.embedder.EclipseLogger - skip non existing resourceDirectory C:\PNSA-Cohort3\Java\Spring MVC\booksapi\src\test\resources
2022-11-06 19:59:58,640 [Worker-26: Building] INFO  o.e.m.c.i.embedder.EclipseLogger - Using 'UTF-8' encoding to copy filtered resources.
2022-11-06 19:59:58,640 [Worker-26: Building] INFO  o.e.m.c.i.embedder.EclipseLogger - Using 'UTF-8' encoding to copy filtered properties files.
2022-11-06 19:59:58,641 [Worker-26: Building] INFO  o.e.m.c.i.embedder.EclipseLogger - Copying 1 resource
2022-11-06 19:59:58,649 [Worker-26: Building] INFO  o.e.m.c.i.embedder.EclipseLogger - Copying 0 resource
2022-11-06 19:59:58,651 [Worker-26: Building] INFO  o.e.m.c.i.embedder.EclipseLogger - Using 'UTF-8' encoding to copy filtered resources.
2022-11-06 19:59:58,651 [Worker-26: Building] INFO  o.e.m.c.i.embedder.EclipseLogger - Using 'UTF-8' encoding to copy filtered properties files.
2022-11-06 19:59:58,651 [Worker-26: Building] INFO  o.e.m.c.i.embedder.EclipseLogger - skip non existing resourceDirectory C:\PNSA-Cohort3\Java\Spring MVC\booksapi\src\test\resources
2022-11-06 20:00:19,223 [Worker-30: Building] INFO  o.e.m.c.i.embedder.EclipseLogger - Using 'UTF-8' encoding to copy filtered resources.
2022-11-06 20:00:19,223 [Worker-30: Building] INFO  o.e.m.c.i.embedder.EclipseLogger - Using 'UTF-8' encoding to copy filtered properties files.
2022-11-06 20:00:19,224 [Worker-30: Building] INFO  o.e.m.c.i.embedder.EclipseLogger - Copying 1 resource
2022-11-06 20:00:19,232 [Worker-30: Building] INFO  o.e.m.c.i.embedder.EclipseLogger - Copying 0 resource
2022-11-06 20:00:19,235 [Worker-30: Building] INFO  o.e.m.c.i.embedder.EclipseLogger - Using 'UTF-8' encoding to copy filtered resources.
2022-11-06 20:00:19,235 [Worker-30: Building] INFO  o.e.m.c.i.embedder.EclipseLogger - Using 'UTF-8' encoding to copy filtered properties files.
2022-11-06 20:00:19,235 [Worker-30: Building] INFO  o.e.m.c.i.embedder.EclipseLogger - skip non existing resourceDirectory C:\PNSA-Cohort3\Java\Spring MVC\booksapi\src\test\resources
2022-11-06 20:00:59,135 [Worker-30: Building] INFO  o.e.m.c.i.embedder.EclipseLogger - Using 'UTF-8' encoding to copy filtered resources.
2022-11-06 20:00:59,135 [Worker-30: Building] INFO  o.e.m.c.i.embedder.EclipseLogger - Using 'UTF-8' encoding to copy filtered properties files.
2022-11-06 20:00:59,136 [Worker-30: Building] INFO  o.e.m.c.i.embedder.EclipseLogger - Copying 1 resource
2022-11-06 20:00:59,145 [Worker-30: Building] INFO  o.e.m.c.i.embedder.EclipseLogger - Copying 0 resource
2022-11-06 20:00:59,149 [Worker-30: Building] INFO  o.e.m.c.i.embedder.EclipseLogger - Using 'UTF-8' encoding to copy filtered resources.
2022-11-06 20:00:59,149 [Worker-30: Building] INFO  o.e.m.c.i.embedder.EclipseLogger - Using 'UTF-8' encoding to copy filtered properties files.
2022-11-06 20:00:59,149 [Worker-30: Building] INFO  o.e.m.c.i.embedder.EclipseLogger - skip non existing resourceDirectory C:\PNSA-Cohort3\Java\Spring MVC\booksapi\src\test\resources
2022-11-06 20:02:11,843 [Worker-29: Building] INFO  o.e.m.c.i.embedder.EclipseLogger - Using 'UTF-8' encoding to copy filtered resources.
2022-11-06 20:02:11,843 [Worker-29: Building] INFO  o.e.m.c.i.embedder.EclipseLogger - Using 'UTF-8' encoding to copy filtered properties files.
2022-11-06 20:02:11,844 [Worker-29: Building] INFO  o.e.m.c.i.embedder.EclipseLogger - Copying 1 resource
2022-11-06 20:02:11,849 [Worker-29: Building] INFO  o.e.m.c.i.embedder.EclipseLogger - Copying 0 resource
2022-11-06 20:02:11,851 [Worker-29: Building] INFO  o.e.m.c.i.embedder.EclipseLogger - Using 'UTF-8' encoding to copy filtered resources.
2022-11-06 20:02:11,851 [Worker-29: Building] INFO  o.e.m.c.i.embedder.EclipseLogger - Using 'UTF-8' encoding to copy filtered properties files.
2022-11-06 20:02:11,852 [Worker-29: Building] INFO  o.e.m.c.i.embedder.EclipseLogger - skip non existing resourceDirectory C:\PNSA-Cohort3\Java\Spring MVC\booksapi\src\test\resources
2022-11-06 20:02:27,129 [Worker-24: Download sources and javadoc] INFO  o.e.m.c.i.e.AbstractTransferListenerAdapter - Downloading https://repo.maven.apache.org/maven2/org/webjars/popper.js/2.9.2/popper.js-2.9.2-javadoc.jar
2022-11-06 20:02:27,377 [Worker-24: Download sources and javadoc] INFO  o.e.m.c.i.e.AbstractTransferListenerAdapter - Downloaded https://repo.maven.apache.org/maven2/org/webjars/popper.js/2.9.2/popper.js-2.9.2-javadoc.jar
2022-11-06 20:02:27,380 [Worker-24: Download sources and javadoc] INFO  o.e.m.j.internal.DownloadSourcesJob - Downloaded javadoc for org.webjars:popper.js:2.9.2
2022-11-06 20:02:27,753 [Worker-24: Building] INFO  o.e.m.c.i.embedder.EclipseLogger - Using 'UTF-8' encoding to copy filtered resources.
2022-11-06 20:02:27,753 [Worker-24: Building] INFO  o.e.m.c.i.embedder.EclipseLogger - Using 'UTF-8' encoding to copy filtered properties files.
2022-11-06 20:02:27,753 [Worker-24: Building] INFO  o.e.m.c.i.embedder.EclipseLogger - Copying 0 resource
2022-11-06 20:02:27,754 [Worker-24: Building] INFO  o.e.m.c.i.embedder.EclipseLogger - Copying 0 resource
2022-11-06 20:02:27,758 [Worker-24: Building] INFO  o.e.m.c.i.embedder.EclipseLogger - Using 'UTF-8' encoding to copy filtered resources.
2022-11-06 20:02:27,758 [Worker-24: Building] INFO  o.e.m.c.i.embedder.EclipseLogger - Using 'UTF-8' encoding to copy filtered properties files.
2022-11-06 20:02:27,758 [Worker-24: Building] INFO  o.e.m.c.i.embedder.EclipseLogger - skip non existing resourceDirectory C:\PNSA-Cohort3\Java\Spring MVC\booksapi\src\test\resources
2022-11-06 20:05:55,112 [Worker-31: Launching booksapi - BooksapiApplication] INFO  o.e.m.c.i.embedder.EclipseLogger - Using 'UTF-8' encoding to copy filtered resources.
2022-11-06 20:05:55,113 [Worker-31: Launching booksapi - BooksapiApplication] INFO  o.e.m.c.i.embedder.EclipseLogger - Using 'UTF-8' encoding to copy filtered properties files.
2022-11-06 20:05:55,114 [Worker-31: Launching booksapi - BooksapiApplication] INFO  o.e.m.c.i.embedder.EclipseLogger - Copying 1 resource
2022-11-06 20:05:55,122 [Worker-31: Launching booksapi - BooksapiApplication] INFO  o.e.m.c.i.embedder.EclipseLogger - Copying 0 resource
2022-11-06 20:05:55,125 [Worker-31: Launching booksapi - BooksapiApplication] INFO  o.e.m.c.i.embedder.EclipseLogger - Using 'UTF-8' encoding to copy filtered resources.
2022-11-06 20:05:55,125 [Worker-31: Launching booksapi - BooksapiApplication] INFO  o.e.m.c.i.embedder.EclipseLogger - Using 'UTF-8' encoding to copy filtered properties files.
2022-11-06 20:05:55,125 [Worker-31: Launching booksapi - BooksapiApplication] INFO  o.e.m.c.i.embedder.EclipseLogger - skip non existing resourceDirectory C:\PNSA-Cohort3\Java\Spring MVC\booksapi\src\test\resources
2022-11-06 20:11:29,484 [Worker-35: Launching booksapi - BooksapiApplication] INFO  o.e.m.c.i.embedder.EclipseLogger - Using 'UTF-8' encoding to copy filtered resources.
2022-11-06 20:11:29,484 [Worker-35: Launching booksapi - BooksapiApplication] INFO  o.e.m.c.i.embedder.EclipseLogger - Using 'UTF-8' encoding to copy filtered properties files.
2022-11-06 20:11:29,485 [Worker-35: Launching booksapi - BooksapiApplication] INFO  o.e.m.c.i.embedder.EclipseLogger - Copying 1 resource
2022-11-06 20:11:29,493 [Worker-35: Launching booksapi - BooksapiApplication] INFO  o.e.m.c.i.embedder.EclipseLogger - Copying 0 resource
2022-11-06 20:11:29,495 [Worker-35: Launching booksapi - BooksapiApplication] INFO  o.e.m.c.i.embedder.EclipseLogger - Using 'UTF-8' encoding to copy filtered resources.
2022-11-06 20:11:29,495 [Worker-35: Launching booksapi - BooksapiApplication] INFO  o.e.m.c.i.embedder.EclipseLogger - Using 'UTF-8' encoding to copy filtered properties files.
2022-11-06 20:11:29,495 [Worker-35: Launching booksapi - BooksapiApplication] INFO  o.e.m.c.i.embedder.EclipseLogger - skip non existing resourceDirectory C:\PNSA-Cohort3\Java\Spring MVC\booksapi\src\test\resources
2022-11-06 20:16:51,278 [Worker-41: Building] INFO  o.e.m.c.i.embedder.EclipseLogger - Using 'UTF-8' encoding to copy filtered resources.
2022-11-06 20:16:51,278 [Worker-41: Building] INFO  o.e.m.c.i.embedder.EclipseLogger - Using 'UTF-8' encoding to copy filtered properties files.
2022-11-06 20:16:51,279 [Worker-41: Building] INFO  o.e.m.c.i.embedder.EclipseLogger - Copying 1 resource
2022-11-06 20:16:51,302 [Worker-41: Building] INFO  o.e.m.c.i.embedder.EclipseLogger - Copying 0 resource
2022-11-06 20:16:51,304 [Worker-41: Building] INFO  o.e.m.c.i.embedder.EclipseLogger - Using 'UTF-8' encoding to copy filtered resources.
2022-11-06 20:16:51,304 [Worker-41: Building] INFO  o.e.m.c.i.embedder.EclipseLogger - Using 'UTF-8' encoding to copy filtered properties files.
2022-11-06 20:16:51,304 [Worker-41: Building] INFO  o.e.m.c.i.embedder.EclipseLogger - skip non existing resourceDirectory C:\PNSA-Cohort3\Java\Spring MVC\booksapi\src\test\resources
2022-11-06 20:20:54,330 [Worker-37: Launching booksapi - BooksapiApplication] INFO  o.e.m.c.i.embedder.EclipseLogger - Using 'UTF-8' encoding to copy filtered resources.
2022-11-06 20:20:54,330 [Worker-37: Launching booksapi - BooksapiApplication] INFO  o.e.m.c.i.embedder.EclipseLogger - Using 'UTF-8' encoding to copy filtered properties files.
2022-11-06 20:20:54,331 [Worker-37: Launching booksapi - BooksapiApplication] INFO  o.e.m.c.i.embedder.EclipseLogger - Copying 1 resource
2022-11-06 20:20:54,352 [Worker-37: Launching booksapi - BooksapiApplication] INFO  o.e.m.c.i.embedder.EclipseLogger - Copying 0 resource
2022-11-06 20:20:54,356 [Worker-37: Launching booksapi - BooksapiApplication] INFO  o.e.m.c.i.embedder.EclipseLogger - Using 'UTF-8' encoding to copy filtered resources.
2022-11-06 20:20:54,356 [Worker-37: Launching booksapi - BooksapiApplication] INFO  o.e.m.c.i.embedder.EclipseLogger - Using 'UTF-8' encoding to copy filtered properties files.
2022-11-06 20:20:54,356 [Worker-37: Launching booksapi - BooksapiApplication] INFO  o.e.m.c.i.embedder.EclipseLogger - skip non existing resourceDirectory C:\PNSA-Cohort3\Java\Spring MVC\booksapi\src\test\resources
2022-11-06 20:24:32,102 [Worker-47: Launching booksapi - BooksapiApplication] INFO  o.e.m.c.i.embedder.EclipseLogger - Using 'UTF-8' encoding to copy filtered resources.
2022-11-06 20:24:32,102 [Worker-47: Launching booksapi - BooksapiApplication] INFO  o.e.m.c.i.embedder.EclipseLogger - Using 'UTF-8' encoding to copy filtered properties files.
2022-11-06 20:24:32,103 [Worker-47: Launching booksapi - BooksapiApplication] INFO  o.e.m.c.i.embedder.EclipseLogger - Copying 1 resource
2022-11-06 20:24:32,114 [Worker-47: Launching booksapi - BooksapiApplication] INFO  o.e.m.c.i.embedder.EclipseLogger - Copying 0 resource
2022-11-06 20:24:32,116 [Worker-47: Launching booksapi - BooksapiApplication] INFO  o.e.m.c.i.embedder.EclipseLogger - Using 'UTF-8' encoding to copy filtered resources.
2022-11-06 20:24:32,117 [Worker-47: Launching booksapi - BooksapiApplication] INFO  o.e.m.c.i.embedder.EclipseLogger - Using 'UTF-8' encoding to copy filtered properties files.
2022-11-06 20:24:32,117 [Worker-47: Launching booksapi - BooksapiApplication] INFO  o.e.m.c.i.embedder.EclipseLogger - skip non existing resourceDirectory C:\PNSA-Cohort3\Java\Spring MVC\booksapi\src\test\resources
2022-11-06 20:35:02,635 [Worker-56: Launching booksapi - BooksapiApplication] INFO  o.e.m.c.i.embedder.EclipseLogger - Using 'UTF-8' encoding to copy filtered resources.
2022-11-06 20:35:02,636 [Worker-56: Launching booksapi - BooksapiApplication] INFO  o.e.m.c.i.embedder.EclipseLogger - Using 'UTF-8' encoding to copy filtered properties files.
2022-11-06 20:35:02,637 [Worker-56: Launching booksapi - BooksapiApplication] INFO  o.e.m.c.i.embedder.EclipseLogger - Copying 1 resource
2022-11-06 20:35:02,644 [Worker-56: Launching booksapi - BooksapiApplication] INFO  o.e.m.c.i.embedder.EclipseLogger - Copying 0 resource
2022-11-06 20:35:02,646 [Worker-56: Launching booksapi - BooksapiApplication] INFO  o.e.m.c.i.embedder.EclipseLogger - Using 'UTF-8' encoding to copy filtered resources.
2022-11-06 20:35:02,647 [Worker-56: Launching booksapi - BooksapiApplication] INFO  o.e.m.c.i.embedder.EclipseLogger - Using 'UTF-8' encoding to copy filtered properties files.
2022-11-06 20:35:02,647 [Worker-56: Launching booksapi - BooksapiApplication] INFO  o.e.m.c.i.embedder.EclipseLogger - skip non existing resourceDirectory C:\PNSA-Cohort3\Java\Spring MVC\booksapi\src\test\resources
2022-11-07 12:59:19,309 [Worker-7: Loading available Gradle versions] INFO  o.e.b.c.i.u.g.PublishedGradleVersions - Gradle version information cache is up-to-date. Trying to read.
2022-11-07 13:02:22,053 [Worker-14: Building] INFO  o.e.m.c.i.embedder.EclipseLogger - Using 'UTF-8' encoding to copy filtered resources.
2022-11-07 13:02:22,054 [Worker-14: Building] INFO  o.e.m.c.i.embedder.EclipseLogger - Using 'UTF-8' encoding to copy filtered properties files.
2022-11-07 13:02:22,059 [Worker-14: Building] INFO  o.e.m.c.i.embedder.EclipseLogger - Copying 1 resource
2022-11-07 13:02:22,074 [Worker-14: Building] INFO  o.e.m.c.i.embedder.EclipseLogger - Copying 0 resource
2022-11-07 13:02:22,078 [Worker-14: Building] INFO  o.e.m.c.i.embedder.EclipseLogger - Using 'UTF-8' encoding to copy filtered resources.
2022-11-07 13:02:22,078 [Worker-14: Building] INFO  o.e.m.c.i.embedder.EclipseLogger - Using 'UTF-8' encoding to copy filtered properties files.
2022-11-07 13:02:22,078 [Worker-14: Building] INFO  o.e.m.c.i.embedder.EclipseLogger - skip non existing resourceDirectory C:\PNSA-Cohort3\Java\Spring MVC\Rendering Books\Rendering Books\booksapi\src\test\resources
2022-11-07 13:07:00,470 [Worker-18: Launching booksapi - BooksapiApplication] INFO  o.e.m.c.i.embedder.EclipseLogger - Using 'UTF-8' encoding to copy filtered resources.
2022-11-07 13:07:00,471 [Worker-18: Launching booksapi - BooksapiApplication] INFO  o.e.m.c.i.embedder.EclipseLogger - Using 'UTF-8' encoding to copy filtered properties files.
2022-11-07 13:07:00,473 [Worker-18: Launching booksapi - BooksapiApplication] INFO  o.e.m.c.i.embedder.EclipseLogger - Copying 1 resource
2022-11-07 13:07:00,481 [Worker-18: Launching booksapi - BooksapiApplication] INFO  o.e.m.c.i.embedder.EclipseLogger - Copying 0 resource
2022-11-07 13:07:00,485 [Worker-18: Launching booksapi - BooksapiApplication] INFO  o.e.m.c.i.embedder.EclipseLogger - Using 'UTF-8' encoding to copy filtered resources.
2022-11-07 13:07:00,485 [Worker-18: Launching booksapi - BooksapiApplication] INFO  o.e.m.c.i.embedder.EclipseLogger - Using 'UTF-8' encoding to copy filtered properties files.
2022-11-07 13:07:00,485 [Worker-18: Launching booksapi - BooksapiApplication] INFO  o.e.m.c.i.embedder.EclipseLogger - skip non existing resourceDirectory C:\PNSA-Cohort3\Java\Spring MVC\Rendering Books\Rendering Books\booksapi\src\test\resources
2022-11-07 13:10:26,202 [Worker-23: Launching booksapi - BooksapiApplication] INFO  o.e.m.c.i.embedder.EclipseLogger - Using 'UTF-8' encoding to copy filtered resources.
2022-11-07 13:10:26,202 [Worker-23: Launching booksapi - BooksapiApplication] INFO  o.e.m.c.i.embedder.EclipseLogger - Using 'UTF-8' encoding to copy filtered properties files.
2022-11-07 13:10:26,203 [Worker-23: Launching booksapi - BooksapiApplication] INFO  o.e.m.c.i.embedder.EclipseLogger - Copying 1 resource
2022-11-07 13:10:26,210 [Worker-23: Launching booksapi - BooksapiApplication] INFO  o.e.m.c.i.embedder.EclipseLogger - Copying 0 resource
2022-11-07 13:10:26,213 [Worker-23: Launching booksapi - BooksapiApplication] INFO  o.e.m.c.i.embedder.EclipseLogger - Using 'UTF-8' encoding to copy filtered resources.
2022-11-07 13:10:26,213 [Worker-23: Launching booksapi - BooksapiApplication] INFO  o.e.m.c.i.embedder.EclipseLogger - Using 'UTF-8' encoding to copy filtered properties files.
2022-11-07 13:10:26,213 [Worker-23: Launching booksapi - BooksapiApplication] INFO  o.e.m.c.i.embedder.EclipseLogger - skip non existing resourceDirectory C:\PNSA-Cohort3\Java\Spring MVC\Rendering Books\Rendering Books\booksapi\src\test\resources
2022-11-07 13:28:43,657 [Worker-28: Building] INFO  o.e.m.c.i.embedder.EclipseLogger - Using 'UTF-8' encoding to copy filtered resources.
2022-11-07 13:28:43,658 [Worker-28: Building] INFO  o.e.m.c.i.embedder.EclipseLogger - Using 'UTF-8' encoding to copy filtered properties files.
2022-11-07 13:28:43,658 [Worker-28: Building] INFO  o.e.m.c.i.embedder.EclipseLogger - Copying 1 resource
2022-11-07 13:28:43,664 [Worker-28: Building] INFO  o.e.m.c.i.embedder.EclipseLogger - Copying 0 resource
2022-11-07 13:28:43,666 [Worker-28: Building] INFO  o.e.m.c.i.embedder.EclipseLogger - Using 'UTF-8' encoding to copy filtered resources.
2022-11-07 13:28:43,666 [Worker-28: Building] INFO  o.e.m.c.i.embedder.EclipseLogger - Using 'UTF-8' encoding to copy filtered properties files.
2022-11-07 13:28:43,667 [Worker-28: Building] INFO  o.e.m.c.i.embedder.EclipseLogger - skip non existing resourceDirectory C:\PNSA-Cohort3\Java\Spring MVC\Rendering Books\Rendering Books\booksapi\src\test\resources
2022-11-07 13:29:20,071 [Worker-30: Launching booksapi - BooksapiApplication] INFO  o.e.m.c.i.embedder.EclipseLogger - Using 'UTF-8' encoding to copy filtered resources.
2022-11-07 13:29:20,071 [Worker-30: Launching booksapi - BooksapiApplication] INFO  o.e.m.c.i.embedder.EclipseLogger - Using 'UTF-8' encoding to copy filtered properties files.
2022-11-07 13:29:20,072 [Worker-30: Launching booksapi - BooksapiApplication] INFO  o.e.m.c.i.embedder.EclipseLogger - Copying 1 resource
2022-11-07 13:29:20,078 [Worker-30: Launching booksapi - BooksapiApplication] INFO  o.e.m.c.i.embedder.EclipseLogger - Copying 0 resource
2022-11-07 13:29:20,080 [Worker-30: Launching booksapi - BooksapiApplication] INFO  o.e.m.c.i.embedder.EclipseLogger - Using 'UTF-8' encoding to copy filtered resources.
2022-11-07 13:29:20,080 [Worker-30: Launching booksapi - BooksapiApplication] INFO  o.e.m.c.i.embedder.EclipseLogger - Using 'UTF-8' encoding to copy filtered properties files.
2022-11-07 13:29:20,080 [Worker-30: Launching booksapi - BooksapiApplication] INFO  o.e.m.c.i.embedder.EclipseLogger - skip non existing resourceDirectory C:\PNSA-Cohort3\Java\Spring MVC\Rendering Books\Rendering Books\booksapi\src\test\resources
2022-11-07 13:32:06,102 [Worker-33: Launching booksapi - BooksapiApplication] INFO  o.e.m.c.i.embedder.EclipseLogger - Using 'UTF-8' encoding to copy filtered resources.
2022-11-07 13:32:06,102 [Worker-33: Launching booksapi - BooksapiApplication] INFO  o.e.m.c.i.embedder.EclipseLogger - Using 'UTF-8' encoding to copy filtered properties files.
2022-11-07 13:32:06,103 [Worker-33: Launching booksapi - BooksapiApplication] INFO  o.e.m.c.i.embedder.EclipseLogger - Copying 1 resource
2022-11-07 13:32:06,109 [Worker-33: Launching booksapi - BooksapiApplication] INFO  o.e.m.c.i.embedder.EclipseLogger - Copying 0 resource
2022-11-07 13:32:06,111 [Worker-33: Launching booksapi - BooksapiApplication] INFO  o.e.m.c.i.embedder.EclipseLogger - Using 'UTF-8' encoding to copy filtered resources.
2022-11-07 13:32:06,111 [Worker-33: Launching booksapi - BooksapiApplication] INFO  o.e.m.c.i.embedder.EclipseLogger - Using 'UTF-8' encoding to copy filtered properties files.
2022-11-07 13:32:06,111 [Worker-33: Launching booksapi - BooksapiApplication] INFO  o.e.m.c.i.embedder.EclipseLogger - skip non existing resourceDirectory C:\PNSA-Cohort3\Java\Spring MVC\Rendering Books\Rendering Books\booksapi\src\test\resources
2022-11-07 13:34:03,563 [Worker-31: Launching booksapi - BooksapiApplication] INFO  o.e.m.c.i.embedder.EclipseLogger - Using 'UTF-8' encoding to copy filtered resources.
2022-11-07 13:34:03,563 [Worker-31: Launching booksapi - BooksapiApplication] INFO  o.e.m.c.i.embedder.EclipseLogger - Using 'UTF-8' encoding to copy filtered properties files.
2022-11-07 13:34:03,564 [Worker-31: Launching booksapi - BooksapiApplication] INFO  o.e.m.c.i.embedder.EclipseLogger - Copying 0 resource
2022-11-07 13:34:03,564 [Worker-31: Launching booksapi - BooksapiApplication] INFO  o.e.m.c.i.embedder.EclipseLogger - Copying 0 resource
2022-11-07 13:34:03,567 [Worker-31: Launching booksapi - BooksapiApplication] INFO  o.e.m.c.i.embedder.EclipseLogger - Using 'UTF-8' encoding to copy filtered resources.
2022-11-07 13:34:03,567 [Worker-31: Launching booksapi - BooksapiApplication] INFO  o.e.m.c.i.embedder.EclipseLogger - Using 'UTF-8' encoding to copy filtered properties files.
2022-11-07 13:34:03,567 [Worker-31: Launching booksapi - BooksapiApplication] INFO  o.e.m.c.i.embedder.EclipseLogger - skip non existing resourceDirectory C:\PNSA-Cohort3\Java\Spring MVC\Rendering Books\Rendering Books\booksapi\src\test\resources
2022-11-07 13:45:11,830 [Worker-35: Launching booksapi - BooksapiApplication] INFO  o.e.m.c.i.embedder.EclipseLogger - Using 'UTF-8' encoding to copy filtered resources.
2022-11-07 13:45:11,830 [Worker-35: Launching booksapi - BooksapiApplication] INFO  o.e.m.c.i.embedder.EclipseLogger - Using 'UTF-8' encoding to copy filtered properties files.
2022-11-07 13:45:11,830 [Worker-35: Launching booksapi - BooksapiApplication] INFO  o.e.m.c.i.embedder.EclipseLogger - Copying 0 resource
2022-11-07 13:45:11,831 [Worker-35: Launching booksapi - BooksapiApplication] INFO  o.e.m.c.i.embedder.EclipseLogger - Copying 0 resource
2022-11-07 13:45:11,834 [Worker-35: Launching booksapi - BooksapiApplication] INFO  o.e.m.c.i.embedder.EclipseLogger - Using 'UTF-8' encoding to copy filtered resources.
2022-11-07 13:45:11,834 [Worker-35: Launching booksapi - BooksapiApplication] INFO  o.e.m.c.i.embedder.EclipseLogger - Using 'UTF-8' encoding to copy filtered properties files.
2022-11-07 13:45:11,835 [Worker-35: Launching booksapi - BooksapiApplication] INFO  o.e.m.c.i.embedder.EclipseLogger - skip non existing resourceDirectory C:\PNSA-Cohort3\Java\Spring MVC\Rendering Books\Rendering Books\booksapi\src\test\resources
2022-11-07 13:49:51,875 [Worker-44: Launching booksapi - BooksapiApplication] INFO  o.e.m.c.i.embedder.EclipseLogger - Using 'UTF-8' encoding to copy filtered resources.
2022-11-07 13:49:51,876 [Worker-44: Launching booksapi - BooksapiApplication] INFO  o.e.m.c.i.embedder.EclipseLogger - Using 'UTF-8' encoding to copy filtered properties files.
2022-11-07 13:49:51,876 [Worker-44: Launching booksapi - BooksapiApplication] INFO  o.e.m.c.i.embedder.EclipseLogger - Copying 1 resource
2022-11-07 13:49:51,884 [Worker-44: Launching booksapi - BooksapiApplication] INFO  o.e.m.c.i.embedder.EclipseLogger - Copying 0 resource
2022-11-07 13:49:51,887 [Worker-44: Launching booksapi - BooksapiApplication] INFO  o.e.m.c.i.embedder.EclipseLogger - Using 'UTF-8' encoding to copy filtered resources.
2022-11-07 13:49:51,887 [Worker-44: Launching booksapi - BooksapiApplication] INFO  o.e.m.c.i.embedder.EclipseLogger - Using 'UTF-8' encoding to copy filtered properties files.
2022-11-07 13:49:51,887 [Worker-44: Launching booksapi - BooksapiApplication] INFO  o.e.m.c.i.embedder.EclipseLogger - skip non existing resourceDirectory C:\PNSA-Cohort3\Java\Spring MVC\Rendering Books\Rendering Books\booksapi\src\test\resources
2022-11-07 13:50:27,366 [Worker-46: Launching booksapi - BooksapiApplication] INFO  o.e.m.c.i.embedder.EclipseLogger - Using 'UTF-8' encoding to copy filtered resources.
2022-11-07 13:50:27,366 [Worker-46: Launching booksapi - BooksapiApplication] INFO  o.e.m.c.i.embedder.EclipseLogger - Using 'UTF-8' encoding to copy filtered properties files.
2022-11-07 13:50:27,367 [Worker-46: Launching booksapi - BooksapiApplication] INFO  o.e.m.c.i.embedder.EclipseLogger - Copying 1 resource
2022-11-07 13:50:27,374 [Worker-46: Launching booksapi - BooksapiApplication] INFO  o.e.m.c.i.embedder.EclipseLogger - Copying 0 resource
2022-11-07 13:50:27,377 [Worker-46: Launching booksapi - BooksapiApplication] INFO  o.e.m.c.i.embedder.EclipseLogger - Using 'UTF-8' encoding to copy filtered resources.
2022-11-07 13:50:27,377 [Worker-46: Launching booksapi - BooksapiApplication] INFO  o.e.m.c.i.embedder.EclipseLogger - Using 'UTF-8' encoding to copy filtered properties files.
2022-11-07 13:50:27,377 [Worker-46: Launching booksapi - BooksapiApplication] INFO  o.e.m.c.i.embedder.EclipseLogger - skip non existing resourceDirectory C:\PNSA-Cohort3\Java\Spring MVC\Rendering Books\Rendering Books\booksapi\src\test\resources
2022-11-07 13:58:11,491 [Worker-48: Building] INFO  o.e.m.c.i.embedder.EclipseLogger - Using 'UTF-8' encoding to copy filtered resources.
2022-11-07 13:58:11,491 [Worker-48: Building] INFO  o.e.m.c.i.embedder.EclipseLogger - Using 'UTF-8' encoding to copy filtered properties files.
2022-11-07 13:58:11,492 [Worker-48: Building] INFO  o.e.m.c.i.embedder.EclipseLogger - Copying 1 resource
2022-11-07 13:58:11,499 [Worker-48: Building] INFO  o.e.m.c.i.embedder.EclipseLogger - Copying 0 resource
2022-11-07 13:58:11,501 [Worker-48: Building] INFO  o.e.m.c.i.embedder.EclipseLogger - Using 'UTF-8' encoding to copy filtered resources.
2022-11-07 13:58:11,501 [Worker-48: Building] INFO  o.e.m.c.i.embedder.EclipseLogger - Using 'UTF-8' encoding to copy filtered properties files.
2022-11-07 13:58:11,501 [Worker-48: Building] INFO  o.e.m.c.i.embedder.EclipseLogger - skip non existing resourceDirectory C:\PNSA-Cohort3\Java\Spring MVC\Rendering Books\Rendering Books\booksapi\src\test\resources
2022-11-07 14:26:37,433 [Worker-55: Building] INFO  o.e.m.c.i.embedder.EclipseLogger - Using 'UTF-8' encoding to copy filtered resources.
2022-11-07 14:26:37,433 [Worker-55: Building] INFO  o.e.m.c.i.embedder.EclipseLogger - Using 'UTF-8' encoding to copy filtered properties files.
2022-11-07 14:26:37,434 [Worker-55: Building] INFO  o.e.m.c.i.embedder.EclipseLogger - Copying 1 resource
2022-11-07 14:26:37,457 [Worker-55: Building] INFO  o.e.m.c.i.embedder.EclipseLogger - Copying 0 resource
2022-11-07 14:26:37,458 [Worker-55: Building] INFO  o.e.m.c.i.embedder.EclipseLogger - Using 'UTF-8' encoding to copy filtered resources.
2022-11-07 14:26:37,458 [Worker-55: Building] INFO  o.e.m.c.i.embedder.EclipseLogger - Using 'UTF-8' encoding to copy filtered properties files.
2022-11-07 14:26:37,458 [Worker-55: Building] INFO  o.e.m.c.i.embedder.EclipseLogger - skip non existing resourceDirectory C:\PNSA-Cohort3\Java\Spring MVC\Rendering Books\Rendering Books\booksapi\src\test\resources
2022-11-07 16:03:21,784 [Worker-62: Building] INFO  o.e.m.c.i.embedder.EclipseLogger - Using 'UTF-8' encoding to copy filtered resources.
2022-11-07 16:03:21,784 [Worker-62: Building] INFO  o.e.m.c.i.embedder.EclipseLogger - Using 'UTF-8' encoding to copy filtered properties files.
2022-11-07 16:03:21,785 [Worker-62: Building] INFO  o.e.m.c.i.embedder.EclipseLogger - Copying 1 resource
2022-11-07 16:03:21,812 [Worker-62: Building] INFO  o.e.m.c.i.embedder.EclipseLogger - Copying 0 resource
2022-11-07 16:03:21,816 [Worker-62: Building] INFO  o.e.m.c.i.embedder.EclipseLogger - Using 'UTF-8' encoding to copy filtered resources.
2022-11-07 16:03:21,816 [Worker-62: Building] INFO  o.e.m.c.i.embedder.EclipseLogger - Using 'UTF-8' encoding to copy filtered properties files.
2022-11-07 16:03:21,816 [Worker-62: Building] INFO  o.e.m.c.i.embedder.EclipseLogger - skip non existing resourceDirectory C:\PNSA-Cohort3\Java\Spring MVC\Rendering Books\Rendering Books\booksapi\src\test\resources
2022-11-07 16:05:55,934 [Worker-64: Launching booksapi - BooksapiApplication] INFO  o.e.m.c.i.embedder.EclipseLogger - Using 'UTF-8' encoding to copy filtered resources.
2022-11-07 16:05:55,935 [Worker-64: Launching booksapi - BooksapiApplication] INFO  o.e.m.c.i.embedder.EclipseLogger - Using 'UTF-8' encoding to copy filtered properties files.
2022-11-07 16:05:55,936 [Worker-64: Launching booksapi - BooksapiApplication] INFO  o.e.m.c.i.embedder.EclipseLogger - Copying 1 resource
2022-11-07 16:05:55,975 [Worker-64: Launching booksapi - BooksapiApplication] INFO  o.e.m.c.i.embedder.EclipseLogger - Copying 0 resource
2022-11-07 16:05:55,978 [Worker-64: Launching booksapi - BooksapiApplication] INFO  o.e.m.c.i.embedder.EclipseLogger - Using 'UTF-8' encoding to copy filtered resources.
2022-11-07 16:05:55,978 [Worker-64: Launching booksapi - BooksapiApplication] INFO  o.e.m.c.i.embedder.EclipseLogger - Using 'UTF-8' encoding to copy filtered properties files.
2022-11-07 16:05:55,978 [Worker-64: Launching booksapi - BooksapiApplication] INFO  o.e.m.c.i.embedder.EclipseLogger - skip non existing resourceDirectory C:\PNSA-Cohort3\Java\Spring MVC\Rendering Books\Rendering Books\booksapi\src\test\resources
2022-11-07 16:21:19,382 [Worker-55: Launching booksapi - BooksapiApplication] INFO  o.e.m.c.i.embedder.EclipseLogger - Using 'UTF-8' encoding to copy filtered resources.
2022-11-07 16:21:19,382 [Worker-55: Launching booksapi - BooksapiApplication] INFO  o.e.m.c.i.embedder.EclipseLogger - Using 'UTF-8' encoding to copy filtered properties files.
2022-11-07 16:21:19,383 [Worker-55: Launching booksapi - BooksapiApplication] INFO  o.e.m.c.i.embedder.EclipseLogger - Copying 1 resource
2022-11-07 16:21:19,395 [Worker-55: Launching booksapi - BooksapiApplication] INFO  o.e.m.c.i.embedder.EclipseLogger - Copying 0 resource
2022-11-07 16:21:19,398 [Worker-55: Launching booksapi - BooksapiApplication] INFO  o.e.m.c.i.embedder.EclipseLogger - Using 'UTF-8' encoding to copy filtered resources.
2022-11-07 16:21:19,400 [Worker-55: Launching booksapi - BooksapiApplication] INFO  o.e.m.c.i.embedder.EclipseLogger - Using 'UTF-8' encoding to copy filtered properties files.
2022-11-07 16:21:19,400 [Worker-55: Launching booksapi - BooksapiApplication] INFO  o.e.m.c.i.embedder.EclipseLogger - skip non existing resourceDirectory C:\PNSA-Cohort3\Java\Spring MVC\Rendering Books\Rendering Books\booksapi\src\test\resources
2022-11-07 16:22:03,085 [Worker-58: Launching booksapi - BooksapiApplication] INFO  o.e.m.c.i.embedder.EclipseLogger - Using 'UTF-8' encoding to copy filtered resources.
2022-11-07 16:22:03,085 [Worker-58: Launching booksapi - BooksapiApplication] INFO  o.e.m.c.i.embedder.EclipseLogger - Using 'UTF-8' encoding to copy filtered properties files.
2022-11-07 16:22:03,086 [Worker-58: Launching booksapi - BooksapiApplication] INFO  o.e.m.c.i.embedder.EclipseLogger - Copying 1 resource
2022-11-07 16:22:03,104 [Worker-58: Launching booksapi - BooksapiApplication] INFO  o.e.m.c.i.embedder.EclipseLogger - Copying 0 resource
2022-11-07 16:22:03,107 [Worker-58: Launching booksapi - BooksapiApplication] INFO  o.e.m.c.i.embedder.EclipseLogger - Using 'UTF-8' encoding to copy filtered resources.
2022-11-07 16:22:03,107 [Worker-58: Launching booksapi - BooksapiApplication] INFO  o.e.m.c.i.embedder.EclipseLogger - Using 'UTF-8' encoding to copy filtered properties files.
2022-11-07 16:22:03,108 [Worker-58: Launching booksapi - BooksapiApplication] INFO  o.e.m.c.i.embedder.EclipseLogger - skip non existing resourceDirectory C:\PNSA-Cohort3\Java\Spring MVC\Rendering Books\Rendering Books\booksapi\src\test\resources
2022-11-07 16:23:05,675 [Worker-55: Launching booksapi - BooksapiApplication] INFO  o.e.m.c.i.embedder.EclipseLogger - Using 'UTF-8' encoding to copy filtered resources.
2022-11-07 16:23:05,675 [Worker-55: Launching booksapi - BooksapiApplication] INFO  o.e.m.c.i.embedder.EclipseLogger - Using 'UTF-8' encoding to copy filtered properties files.
2022-11-07 16:23:05,676 [Worker-55: Launching booksapi - BooksapiApplication] INFO  o.e.m.c.i.embedder.EclipseLogger - Copying 1 resource
2022-11-07 16:23:05,701 [Worker-55: Launching booksapi - BooksapiApplication] INFO  o.e.m.c.i.embedder.EclipseLogger - Copying 0 resource
2022-11-07 16:23:05,703 [Worker-55: Launching booksapi - BooksapiApplication] INFO  o.e.m.c.i.embedder.EclipseLogger - Using 'UTF-8' encoding to copy filtered resources.
2022-11-07 16:23:05,703 [Worker-55: Launching booksapi - BooksapiApplication] INFO  o.e.m.c.i.embedder.EclipseLogger - Using 'UTF-8' encoding to copy filtered properties files.
2022-11-07 16:23:05,704 [Worker-55: Launching booksapi - BooksapiApplication] INFO  o.e.m.c.i.embedder.EclipseLogger - skip non existing resourceDirectory C:\PNSA-Cohort3\Java\Spring MVC\Rendering Books\Rendering Books\booksapi\src\test\resources
2022-11-07 16:24:05,988 [Worker-55: Launching booksapi - BooksapiApplication] INFO  o.e.m.c.i.embedder.EclipseLogger - Using 'UTF-8' encoding to copy filtered resources.
2022-11-07 16:24:05,988 [Worker-55: Launching booksapi - BooksapiApplication] INFO  o.e.m.c.i.embedder.EclipseLogger - Using 'UTF-8' encoding to copy filtered properties files.
2022-11-07 16:24:05,989 [Worker-55: Launching booksapi - BooksapiApplication] INFO  o.e.m.c.i.embedder.EclipseLogger - Copying 0 resource
2022-11-07 16:24:05,989 [Worker-55: Launching booksapi - BooksapiApplication] INFO  o.e.m.c.i.embedder.EclipseLogger - Copying 0 resource
2022-11-07 16:24:05,992 [Worker-55: Launching booksapi - BooksapiApplication] INFO  o.e.m.c.i.embedder.EclipseLogger - Using 'UTF-8' encoding to copy filtered resources.
2022-11-07 16:24:05,992 [Worker-55: Launching booksapi - BooksapiApplication] INFO  o.e.m.c.i.embedder.EclipseLogger - Using 'UTF-8' encoding to copy filtered properties files.
2022-11-07 16:24:05,992 [Worker-55: Launching booksapi - BooksapiApplication] INFO  o.e.m.c.i.embedder.EclipseLogger - skip non existing resourceDirectory C:\PNSA-Cohort3\Java\Spring MVC\Rendering Books\Rendering Books\booksapi\src\test\resources
2022-11-07 16:24:58,272 [Worker-71: Launching booksapi - BooksapiApplication] INFO  o.e.m.c.i.embedder.EclipseLogger - Using 'UTF-8' encoding to copy filtered resources.
2022-11-07 16:24:58,273 [Worker-71: Launching booksapi - BooksapiApplication] INFO  o.e.m.c.i.embedder.EclipseLogger - Using 'UTF-8' encoding to copy filtered properties files.
2022-11-07 16:24:58,273 [Worker-71: Launching booksapi - BooksapiApplication] INFO  o.e.m.c.i.embedder.EclipseLogger - Copying 0 resource
2022-11-07 16:24:58,273 [Worker-71: Launching booksapi - BooksapiApplication] INFO  o.e.m.c.i.embedder.EclipseLogger - Copying 0 resource
2022-11-07 16:24:58,276 [Worker-71: Launching booksapi - BooksapiApplication] INFO  o.e.m.c.i.embedder.EclipseLogger - Using 'UTF-8' encoding to copy filtered resources.
2022-11-07 16:24:58,276 [Worker-71: Launching booksapi - BooksapiApplication] INFO  o.e.m.c.i.embedder.EclipseLogger - Using 'UTF-8' encoding to copy filtered properties files.
2022-11-07 16:24:58,276 [Worker-71: Launching booksapi - BooksapiApplication] INFO  o.e.m.c.i.embedder.EclipseLogger - skip non existing resourceDirectory C:\PNSA-Cohort3\Java\Spring MVC\Rendering Books\Rendering Books\booksapi\src\test\resources
2022-11-07 16:25:18,187 [Worker-58: Launching booksapi - BooksapiApplication] INFO  o.e.m.c.i.embedder.EclipseLogger - Using 'UTF-8' encoding to copy filtered resources.
2022-11-07 16:25:18,187 [Worker-58: Launching booksapi - BooksapiApplication] INFO  o.e.m.c.i.embedder.EclipseLogger - Using 'UTF-8' encoding to copy filtered properties files.
2022-11-07 16:25:18,188 [Worker-58: Launching booksapi - BooksapiApplication] INFO  o.e.m.c.i.embedder.EclipseLogger - Copying 0 resource
2022-11-07 16:25:18,188 [Worker-58: Launching booksapi - BooksapiApplication] INFO  o.e.m.c.i.embedder.EclipseLogger - Copying 0 resource
2022-11-07 16:25:18,193 [Worker-58: Launching booksapi - BooksapiApplication] INFO  o.e.m.c.i.embedder.EclipseLogger - Using 'UTF-8' encoding to copy filtered resources.
2022-11-07 16:25:18,193 [Worker-58: Launching booksapi - BooksapiApplication] INFO  o.e.m.c.i.embedder.EclipseLogger - Using 'UTF-8' encoding to copy filtered properties files.
2022-11-07 16:25:18,193 [Worker-58: Launching booksapi - BooksapiApplication] INFO  o.e.m.c.i.embedder.EclipseLogger - skip non existing resourceDirectory C:\PNSA-Cohort3\Java\Spring MVC\Rendering Books\Rendering Books\booksapi\src\test\resources
2022-11-07 16:26:08,899 [Worker-73: Launching booksapi - BooksapiApplication] INFO  o.e.m.c.i.embedder.EclipseLogger - Using 'UTF-8' encoding to copy filtered resources.
2022-11-07 16:26:08,899 [Worker-73: Launching booksapi - BooksapiApplication] INFO  o.e.m.c.i.embedder.EclipseLogger - Using 'UTF-8' encoding to copy filtered properties files.
2022-11-07 16:26:08,900 [Worker-73: Launching booksapi - BooksapiApplication] INFO  o.e.m.c.i.embedder.EclipseLogger - Copying 0 resource
2022-11-07 16:26:08,900 [Worker-73: Launching booksapi - BooksapiApplication] INFO  o.e.m.c.i.embedder.EclipseLogger - Copying 0 resource
2022-11-07 16:26:08,902 [Worker-73: Launching booksapi - BooksapiApplication] INFO  o.e.m.c.i.embedder.EclipseLogger - Using 'UTF-8' encoding to copy filtered resources.
2022-11-07 16:26:08,902 [Worker-73: Launching booksapi - BooksapiApplication] INFO  o.e.m.c.i.embedder.EclipseLogger - Using 'UTF-8' encoding to copy filtered properties files.
2022-11-07 16:26:08,902 [Worker-73: Launching booksapi - BooksapiApplication] INFO  o.e.m.c.i.embedder.EclipseLogger - skip non existing resourceDirectory C:\PNSA-Cohort3\Java\Spring MVC\Rendering Books\Rendering Books\booksapi\src\test\resources
2022-11-07 16:26:49,156 [Worker-73: Launching booksapi - BooksapiApplication] INFO  o.e.m.c.i.embedder.EclipseLogger - Using 'UTF-8' encoding to copy filtered resources.
2022-11-07 16:26:49,157 [Worker-73: Launching booksapi - BooksapiApplication] INFO  o.e.m.c.i.embedder.EclipseLogger - Using 'UTF-8' encoding to copy filtered properties files.
2022-11-07 16:26:49,157 [Worker-73: Launching booksapi - BooksapiApplication] INFO  o.e.m.c.i.embedder.EclipseLogger - Copying 0 resource
2022-11-07 16:26:49,157 [Worker-73: Launching booksapi - BooksapiApplication] INFO  o.e.m.c.i.embedder.EclipseLogger - Copying 0 resource
2022-11-07 16:26:49,159 [Worker-73: Launching booksapi - BooksapiApplication] INFO  o.e.m.c.i.embedder.EclipseLogger - Using 'UTF-8' encoding to copy filtered resources.
2022-11-07 16:26:49,159 [Worker-73: Launching booksapi - BooksapiApplication] INFO  o.e.m.c.i.embedder.EclipseLogger - Using 'UTF-8' encoding to copy filtered properties files.
2022-11-07 16:26:49,159 [Worker-73: Launching booksapi - BooksapiApplication] INFO  o.e.m.c.i.embedder.EclipseLogger - skip non existing resourceDirectory C:\PNSA-Cohort3\Java\Spring MVC\Rendering Books\Rendering Books\booksapi\src\test\resources
2022-11-07 16:27:42,582 [Worker-72: Launching booksapi - BooksapiApplication] INFO  o.e.m.c.i.embedder.EclipseLogger - Using 'UTF-8' encoding to copy filtered resources.
2022-11-07 16:27:42,582 [Worker-72: Launching booksapi - BooksapiApplication] INFO  o.e.m.c.i.embedder.EclipseLogger - Using 'UTF-8' encoding to copy filtered properties files.
2022-11-07 16:27:42,582 [Worker-72: Launching booksapi - BooksapiApplication] INFO  o.e.m.c.i.embedder.EclipseLogger - Copying 0 resource
2022-11-07 16:27:42,582 [Worker-72: Launching booksapi - BooksapiApplication] INFO  o.e.m.c.i.embedder.EclipseLogger - Copying 0 resource
2022-11-07 16:27:42,586 [Worker-72: Launching booksapi - BooksapiApplication] INFO  o.e.m.c.i.embedder.EclipseLogger - Using 'UTF-8' encoding to copy filtered resources.
2022-11-07 16:27:42,586 [Worker-72: Launching booksapi - BooksapiApplication] INFO  o.e.m.c.i.embedder.EclipseLogger - Using 'UTF-8' encoding to copy filtered properties files.
2022-11-07 16:27:42,586 [Worker-72: Launching booksapi - BooksapiApplication] INFO  o.e.m.c.i.embedder.EclipseLogger - skip non existing resourceDirectory C:\PNSA-Cohort3\Java\Spring MVC\Rendering Books\Rendering Books\booksapi\src\test\resources
2022-11-07 16:28:04,582 [Worker-55: Launching booksapi - BooksapiApplication] INFO  o.e.m.c.i.embedder.EclipseLogger - Using 'UTF-8' encoding to copy filtered resources.
2022-11-07 16:28:04,583 [Worker-55: Launching booksapi - BooksapiApplication] INFO  o.e.m.c.i.embedder.EclipseLogger - Using 'UTF-8' encoding to copy filtered properties files.
2022-11-07 16:28:04,583 [Worker-55: Launching booksapi - BooksapiApplication] INFO  o.e.m.c.i.embedder.EclipseLogger - Copying 0 resource
2022-11-07 16:28:04,583 [Worker-55: Launching booksapi - BooksapiApplication] INFO  o.e.m.c.i.embedder.EclipseLogger - Copying 0 resource
2022-11-07 16:28:04,585 [Worker-55: Launching booksapi - BooksapiApplication] INFO  o.e.m.c.i.embedder.EclipseLogger - Using 'UTF-8' encoding to copy filtered resources.
2022-11-07 16:28:04,585 [Worker-55: Launching booksapi - BooksapiApplication] INFO  o.e.m.c.i.embedder.EclipseLogger - Using 'UTF-8' encoding to copy filtered properties files.
2022-11-07 16:28:04,586 [Worker-55: Launching booksapi - BooksapiApplication] INFO  o.e.m.c.i.embedder.EclipseLogger - skip non existing resourceDirectory C:\PNSA-Cohort3\Java\Spring MVC\Rendering Books\Rendering Books\booksapi\src\test\resources
2022-11-07 16:28:35,974 [Worker-71: Launching booksapi - BooksapiApplication] INFO  o.e.m.c.i.embedder.EclipseLogger - Using 'UTF-8' encoding to copy filtered resources.
2022-11-07 16:28:35,975 [Worker-71: Launching booksapi - BooksapiApplication] INFO  o.e.m.c.i.embedder.EclipseLogger - Using 'UTF-8' encoding to copy filtered properties files.
2022-11-07 16:28:35,975 [Worker-71: Launching booksapi - BooksapiApplication] INFO  o.e.m.c.i.embedder.EclipseLogger - Copying 0 resource
2022-11-07 16:28:35,975 [Worker-71: Launching booksapi - BooksapiApplication] INFO  o.e.m.c.i.embedder.EclipseLogger - Copying 0 resource
2022-11-07 16:28:35,977 [Worker-71: Launching booksapi - BooksapiApplication] INFO  o.e.m.c.i.embedder.EclipseLogger - Using 'UTF-8' encoding to copy filtered resources.
2022-11-07 16:28:35,977 [Worker-71: Launching booksapi - BooksapiApplication] INFO  o.e.m.c.i.embedder.EclipseLogger - Using 'UTF-8' encoding to copy filtered properties files.
2022-11-07 16:28:35,977 [Worker-71: Launching booksapi - BooksapiApplication] INFO  o.e.m.c.i.embedder.EclipseLogger - skip non existing resourceDirectory C:\PNSA-Cohort3\Java\Spring MVC\Rendering Books\Rendering Books\booksapi\src\test\resources
2022-11-07 16:29:16,478 [Worker-58: Launching booksapi - BooksapiApplication] INFO  o.e.m.c.i.embedder.EclipseLogger - Using 'UTF-8' encoding to copy filtered resources.
2022-11-07 16:29:16,478 [Worker-58: Launching booksapi - BooksapiApplication] INFO  o.e.m.c.i.embedder.EclipseLogger - Using 'UTF-8' encoding to copy filtered properties files.
2022-11-07 16:29:16,478 [Worker-58: Launching booksapi - BooksapiApplication] INFO  o.e.m.c.i.embedder.EclipseLogger - Copying 0 resource
2022-11-07 16:29:16,478 [Worker-58: Launching booksapi - BooksapiApplication] INFO  o.e.m.c.i.embedder.EclipseLogger - Copying 0 resource
2022-11-07 16:29:16,481 [Worker-58: Launching booksapi - BooksapiApplication] INFO  o.e.m.c.i.embedder.EclipseLogger - Using 'UTF-8' encoding to copy filtered resources.
2022-11-07 16:29:16,481 [Worker-58: Launching booksapi - BooksapiApplication] INFO  o.e.m.c.i.embedder.EclipseLogger - Using 'UTF-8' encoding to copy filtered properties files.
2022-11-07 16:29:16,481 [Worker-58: Launching booksapi - BooksapiApplication] INFO  o.e.m.c.i.embedder.EclipseLogger - skip non existing resourceDirectory C:\PNSA-Cohort3\Java\Spring MVC\Rendering Books\Rendering Books\booksapi\src\test\resources
2022-11-07 16:34:54,965 [Worker-6: Loading available Gradle versions] INFO  o.e.b.c.i.u.g.PublishedGradleVersions - Gradle version information cache is out-of-date. Trying to update.
2022-11-07 16:34:58,132 [Worker-5: Building] INFO  o.e.m.c.i.embedder.EclipseLogger - Using 'UTF-8' encoding to copy filtered resources.
2022-11-07 16:34:58,133 [Worker-5: Building] INFO  o.e.m.c.i.embedder.EclipseLogger - Using 'UTF-8' encoding to copy filtered properties files.
2022-11-07 16:34:58,136 [Worker-5: Building] INFO  o.e.m.c.i.embedder.EclipseLogger - Copying 1 resource
2022-11-07 16:34:58,152 [Worker-5: Building] INFO  o.e.m.c.i.embedder.EclipseLogger - Copying 0 resource
2022-11-07 16:34:58,156 [Worker-5: Building] INFO  o.e.m.c.i.embedder.EclipseLogger - Using 'UTF-8' encoding to copy filtered resources.
2022-11-07 16:34:58,156 [Worker-5: Building] INFO  o.e.m.c.i.embedder.EclipseLogger - Using 'UTF-8' encoding to copy filtered properties files.
2022-11-07 16:34:58,156 [Worker-5: Building] INFO  o.e.m.c.i.embedder.EclipseLogger - skip non existing resourceDirectory C:\PNSA-Cohort3\Java\Spring MVC\Rendering all books\Rendering all Books\booksapi\src\test\resources
2022-11-07 16:55:03,565 [Worker-15: Building] INFO  o.e.m.c.i.embedder.EclipseLogger - Using 'UTF-8' encoding to copy filtered resources.
2022-11-07 16:55:03,566 [Worker-15: Building] INFO  o.e.m.c.i.embedder.EclipseLogger - Using 'UTF-8' encoding to copy filtered properties files.
2022-11-07 16:55:03,569 [Worker-15: Building] INFO  o.e.m.c.i.embedder.EclipseLogger - Copying 0 resource
2022-11-07 16:55:03,569 [Worker-15: Building] INFO  o.e.m.c.i.embedder.EclipseLogger - Copying 0 resource
2022-11-07 16:55:03,573 [Worker-15: Building] INFO  o.e.m.c.i.embedder.EclipseLogger - Using 'UTF-8' encoding to copy filtered resources.
2022-11-07 16:55:03,573 [Worker-15: Building] INFO  o.e.m.c.i.embedder.EclipseLogger - Using 'UTF-8' encoding to copy filtered properties files.
2022-11-07 16:55:03,573 [Worker-15: Building] INFO  o.e.m.c.i.embedder.EclipseLogger - skip non existing resourceDirectory C:\PNSA-Cohort3\Java\Spring MVC\Rendering all books\Rendering all Books\booksapi\src\test\resources
2022-11-07 16:56:06,906 [Worker-19: Launching booksapi - BooksapiApplication] INFO  o.e.m.c.i.embedder.EclipseLogger - Using 'UTF-8' encoding to copy filtered resources.
2022-11-07 16:56:06,906 [Worker-19: Launching booksapi - BooksapiApplication] INFO  o.e.m.c.i.embedder.EclipseLogger - Using 'UTF-8' encoding to copy filtered properties files.
2022-11-07 16:56:06,909 [Worker-19: Launching booksapi - BooksapiApplication] INFO  o.e.m.c.i.embedder.EclipseLogger - Copying 1 resource
2022-11-07 16:56:06,922 [Worker-19: Launching booksapi - BooksapiApplication] INFO  o.e.m.c.i.embedder.EclipseLogger - Copying 0 resource
2022-11-07 16:56:06,926 [Worker-19: Launching booksapi - BooksapiApplication] INFO  o.e.m.c.i.embedder.EclipseLogger - Using 'UTF-8' encoding to copy filtered resources.
2022-11-07 16:56:06,926 [Worker-19: Launching booksapi - BooksapiApplication] INFO  o.e.m.c.i.embedder.EclipseLogger - Using 'UTF-8' encoding to copy filtered properties files.
2022-11-07 16:56:06,927 [Worker-19: Launching booksapi - BooksapiApplication] INFO  o.e.m.c.i.embedder.EclipseLogger - skip non existing resourceDirectory C:\PNSA-Cohort3\Java\Spring MVC\Rendering all books\Rendering all Books\booksapi\src\test\resources
2022-11-07 16:59:46,026 [Worker-15: Launching booksapi - BooksapiApplication] INFO  o.e.m.c.i.embedder.EclipseLogger - Using 'UTF-8' encoding to copy filtered resources.
2022-11-07 16:59:46,027 [Worker-15: Launching booksapi - BooksapiApplication] INFO  o.e.m.c.i.embedder.EclipseLogger - Using 'UTF-8' encoding to copy filtered properties files.
2022-11-07 16:59:46,027 [Worker-15: Launching booksapi - BooksapiApplication] INFO  o.e.m.c.i.embedder.EclipseLogger - Copying 0 resource
2022-11-07 16:59:46,027 [Worker-15: Launching booksapi - BooksapiApplication] INFO  o.e.m.c.i.embedder.EclipseLogger - Copying 0 resource
2022-11-07 16:59:46,031 [Worker-15: Launching booksapi - BooksapiApplication] INFO  o.e.m.c.i.embedder.EclipseLogger - Using 'UTF-8' encoding to copy filtered resources.
2022-11-07 16:59:46,031 [Worker-15: Launching booksapi - BooksapiApplication] INFO  o.e.m.c.i.embedder.EclipseLogger - Using 'UTF-8' encoding to copy filtered properties files.
2022-11-07 16:59:46,031 [Worker-15: Launching booksapi - BooksapiApplication] INFO  o.e.m.c.i.embedder.EclipseLogger - skip non existing resourceDirectory C:\PNSA-Cohort3\Java\Spring MVC\Rendering all books\Rendering all Books\booksapi\src\test\resources
2022-11-07 17:01:32,564 [Worker-23: Launching booksapi - BooksapiApplication] INFO  o.e.m.c.i.embedder.EclipseLogger - Using 'UTF-8' encoding to copy filtered resources.
2022-11-07 17:01:32,565 [Worker-23: Launching booksapi - BooksapiApplication] INFO  o.e.m.c.i.embedder.EclipseLogger - Using 'UTF-8' encoding to copy filtered properties files.
2022-11-07 17:01:32,565 [Worker-23: Launching booksapi - BooksapiApplication] INFO  o.e.m.c.i.embedder.EclipseLogger - Copying 0 resource
2022-11-07 17:01:32,565 [Worker-23: Launching booksapi - BooksapiApplication] INFO  o.e.m.c.i.embedder.EclipseLogger - Copying 0 resource
2022-11-07 17:01:32,570 [Worker-23: Launching booksapi - BooksapiApplication] INFO  o.e.m.c.i.embedder.EclipseLogger - Using 'UTF-8' encoding to copy filtered resources.
2022-11-07 17:01:32,570 [Worker-23: Launching booksapi - BooksapiApplication] INFO  o.e.m.c.i.embedder.EclipseLogger - Using 'UTF-8' encoding to copy filtered properties files.
2022-11-07 17:01:32,570 [Worker-23: Launching booksapi - BooksapiApplication] INFO  o.e.m.c.i.embedder.EclipseLogger - skip non existing resourceDirectory C:\PNSA-Cohort3\Java\Spring MVC\Rendering all books\Rendering all Books\booksapi\src\test\resources
2022-11-07 17:02:08,948 [Worker-18: Launching booksapi - BooksapiApplication] INFO  o.e.m.c.i.embedder.EclipseLogger - Using 'UTF-8' encoding to copy filtered resources.
2022-11-07 17:02:08,948 [Worker-18: Launching booksapi - BooksapiApplication] INFO  o.e.m.c.i.embedder.EclipseLogger - Using 'UTF-8' encoding to copy filtered properties files.
2022-11-07 17:02:08,948 [Worker-18: Launching booksapi - BooksapiApplication] INFO  o.e.m.c.i.embedder.EclipseLogger - Copying 0 resource
2022-11-07 17:02:08,949 [Worker-18: Launching booksapi - BooksapiApplication] INFO  o.e.m.c.i.embedder.EclipseLogger - Copying 0 resource
2022-11-07 17:02:08,952 [Worker-18: Launching booksapi - BooksapiApplication] INFO  o.e.m.c.i.embedder.EclipseLogger - Using 'UTF-8' encoding to copy filtered resources.
2022-11-07 17:02:08,952 [Worker-18: Launching booksapi - BooksapiApplication] INFO  o.e.m.c.i.embedder.EclipseLogger - Using 'UTF-8' encoding to copy filtered properties files.
2022-11-07 17:02:08,952 [Worker-18: Launching booksapi - BooksapiApplication] INFO  o.e.m.c.i.embedder.EclipseLogger - skip non existing resourceDirectory C:\PNSA-Cohort3\Java\Spring MVC\Rendering all books\Rendering all Books\booksapi\src\test\resources
2022-11-07 17:03:20,447 [Worker-29: Launching booksapi - BooksapiApplication] INFO  o.e.m.c.i.embedder.EclipseLogger - Using 'UTF-8' encoding to copy filtered resources.
2022-11-07 17:03:20,447 [Worker-29: Launching booksapi - BooksapiApplication] INFO  o.e.m.c.i.embedder.EclipseLogger - Using 'UTF-8' encoding to copy filtered properties files.
2022-11-07 17:03:20,448 [Worker-29: Launching booksapi - BooksapiApplication] INFO  o.e.m.c.i.embedder.EclipseLogger - Copying 0 resource
2022-11-07 17:03:20,448 [Worker-29: Launching booksapi - BooksapiApplication] INFO  o.e.m.c.i.embedder.EclipseLogger - Copying 0 resource
2022-11-07 17:03:20,451 [Worker-29: Launching booksapi - BooksapiApplication] INFO  o.e.m.c.i.embedder.EclipseLogger - Using 'UTF-8' encoding to copy filtered resources.
2022-11-07 17:03:20,452 [Worker-29: Launching booksapi - BooksapiApplication] INFO  o.e.m.c.i.embedder.EclipseLogger - Using 'UTF-8' encoding to copy filtered properties files.
2022-11-07 17:03:20,452 [Worker-29: Launching booksapi - BooksapiApplication] INFO  o.e.m.c.i.embedder.EclipseLogger - skip non existing resourceDirectory C:\PNSA-Cohort3\Java\Spring MVC\Rendering all books\Rendering all Books\booksapi\src\test\resources
2022-11-07 17:04:59,674 [Worker-34: Launching booksapi - BooksapiApplication] INFO  o.e.m.c.i.embedder.EclipseLogger - Using 'UTF-8' encoding to copy filtered resources.
2022-11-07 17:04:59,675 [Worker-34: Launching booksapi - BooksapiApplication] INFO  o.e.m.c.i.embedder.EclipseLogger - Using 'UTF-8' encoding to copy filtered properties files.
2022-11-07 17:04:59,675 [Worker-34: Launching booksapi - BooksapiApplication] INFO  o.e.m.c.i.embedder.EclipseLogger - Copying 0 resource
2022-11-07 17:04:59,675 [Worker-34: Launching booksapi - BooksapiApplication] INFO  o.e.m.c.i.embedder.EclipseLogger - Copying 0 resource
2022-11-07 17:04:59,680 [Worker-34: Launching booksapi - BooksapiApplication] INFO  o.e.m.c.i.embedder.EclipseLogger - Using 'UTF-8' encoding to copy filtered resources.
2022-11-07 17:04:59,680 [Worker-34: Launching booksapi - BooksapiApplication] INFO  o.e.m.c.i.embedder.EclipseLogger - Using 'UTF-8' encoding to copy filtered properties files.
2022-11-07 17:04:59,680 [Worker-34: Launching booksapi - BooksapiApplication] INFO  o.e.m.c.i.embedder.EclipseLogger - skip non existing resourceDirectory C:\PNSA-Cohort3\Java\Spring MVC\Rendering all books\Rendering all Books\booksapi\src\test\resources
2022-11-07 17:05:52,087 [Worker-24: Launching booksapi - BooksapiApplication] INFO  o.e.m.c.i.embedder.EclipseLogger - Using 'UTF-8' encoding to copy filtered resources.
2022-11-07 17:05:52,087 [Worker-24: Launching booksapi - BooksapiApplication] INFO  o.e.m.c.i.embedder.EclipseLogger - Using 'UTF-8' encoding to copy filtered properties files.
2022-11-07 17:05:52,087 [Worker-24: Launching booksapi - BooksapiApplication] INFO  o.e.m.c.i.embedder.EclipseLogger - Copying 0 resource
2022-11-07 17:05:52,087 [Worker-24: Launching booksapi - BooksapiApplication] INFO  o.e.m.c.i.embedder.EclipseLogger - Copying 0 resource
2022-11-07 17:05:52,090 [Worker-24: Launching booksapi - BooksapiApplication] INFO  o.e.m.c.i.embedder.EclipseLogger - Using 'UTF-8' encoding to copy filtered resources.
2022-11-07 17:05:52,090 [Worker-24: Launching booksapi - BooksapiApplication] INFO  o.e.m.c.i.embedder.EclipseLogger - Using 'UTF-8' encoding to copy filtered properties files.
2022-11-07 17:05:52,090 [Worker-24: Launching booksapi - BooksapiApplication] INFO  o.e.m.c.i.embedder.EclipseLogger - skip non existing resourceDirectory C:\PNSA-Cohort3\Java\Spring MVC\Rendering all books\Rendering all Books\booksapi\src\test\resources
2022-11-07 17:06:12,215 [Worker-32: Launching booksapi - BooksapiApplication] INFO  o.e.m.c.i.embedder.EclipseLogger - Using 'UTF-8' encoding to copy filtered resources.
2022-11-07 17:06:12,215 [Worker-32: Launching booksapi - BooksapiApplication] INFO  o.e.m.c.i.embedder.EclipseLogger - Using 'UTF-8' encoding to copy filtered properties files.
2022-11-07 17:06:12,215 [Worker-32: Launching booksapi - BooksapiApplication] INFO  o.e.m.c.i.embedder.EclipseLogger - Copying 0 resource
2022-11-07 17:06:12,215 [Worker-32: Launching booksapi - BooksapiApplication] INFO  o.e.m.c.i.embedder.EclipseLogger - Copying 0 resource
2022-11-07 17:06:12,218 [Worker-32: Launching booksapi - BooksapiApplication] INFO  o.e.m.c.i.embedder.EclipseLogger - Using 'UTF-8' encoding to copy filtered resources.
2022-11-07 17:06:12,219 [Worker-32: Launching booksapi - BooksapiApplication] INFO  o.e.m.c.i.embedder.EclipseLogger - Using 'UTF-8' encoding to copy filtered properties files.
2022-11-07 17:06:12,219 [Worker-32: Launching booksapi - BooksapiApplication] INFO  o.e.m.c.i.embedder.EclipseLogger - skip non existing resourceDirectory C:\PNSA-Cohort3\Java\Spring MVC\Rendering all books\Rendering all Books\booksapi\src\test\resources
2022-11-07 17:06:22,770 [Worker-27: Launching booksapi - BooksapiApplication] INFO  o.e.m.c.i.embedder.EclipseLogger - Using 'UTF-8' encoding to copy filtered resources.
2022-11-07 17:06:22,771 [Worker-27: Launching booksapi - BooksapiApplication] INFO  o.e.m.c.i.embedder.EclipseLogger - Using 'UTF-8' encoding to copy filtered properties files.
2022-11-07 17:06:22,771 [Worker-27: Launching booksapi - BooksapiApplication] INFO  o.e.m.c.i.embedder.EclipseLogger - Copying 0 resource
2022-11-07 17:06:22,771 [Worker-27: Launching booksapi - BooksapiApplication] INFO  o.e.m.c.i.embedder.EclipseLogger - Copying 0 resource
2022-11-07 17:06:22,774 [Worker-27: Launching booksapi - BooksapiApplication] INFO  o.e.m.c.i.embedder.EclipseLogger - Using 'UTF-8' encoding to copy filtered resources.
2022-11-07 17:06:22,774 [Worker-27: Launching booksapi - BooksapiApplication] INFO  o.e.m.c.i.embedder.EclipseLogger - Using 'UTF-8' encoding to copy filtered properties files.
2022-11-07 17:06:22,774 [Worker-27: Launching booksapi - BooksapiApplication] INFO  o.e.m.c.i.embedder.EclipseLogger - skip non existing resourceDirectory C:\PNSA-Cohort3\Java\Spring MVC\Rendering all books\Rendering all Books\booksapi\src\test\resources
2022-11-07 17:06:54,133 [Worker-33: Launching booksapi - BooksapiApplication] INFO  o.e.m.c.i.embedder.EclipseLogger - Using 'UTF-8' encoding to copy filtered resources.
2022-11-07 17:06:54,134 [Worker-33: Launching booksapi - BooksapiApplication] INFO  o.e.m.c.i.embedder.EclipseLogger - Using 'UTF-8' encoding to copy filtered properties files.
2022-11-07 17:06:54,134 [Worker-33: Launching booksapi - BooksapiApplication] INFO  o.e.m.c.i.embedder.EclipseLogger - Copying 0 resource
2022-11-07 17:06:54,135 [Worker-33: Launching booksapi - BooksapiApplication] INFO  o.e.m.c.i.embedder.EclipseLogger - Copying 0 resource
2022-11-07 17:06:54,138 [Worker-33: Launching booksapi - BooksapiApplication] INFO  o.e.m.c.i.embedder.EclipseLogger - Using 'UTF-8' encoding to copy filtered resources.
2022-11-07 17:06:54,138 [Worker-33: Launching booksapi - BooksapiApplication] INFO  o.e.m.c.i.embedder.EclipseLogger - Using 'UTF-8' encoding to copy filtered properties files.
2022-11-07 17:06:54,139 [Worker-33: Launching booksapi - BooksapiApplication] INFO  o.e.m.c.i.embedder.EclipseLogger - skip non existing resourceDirectory C:\PNSA-Cohort3\Java\Spring MVC\Rendering all books\Rendering all Books\booksapi\src\test\resources
2022-11-07 17:07:33,049 [Worker-34: Building] INFO  o.e.m.c.i.embedder.EclipseLogger - Using 'UTF-8' encoding to copy filtered resources.
2022-11-07 17:07:33,050 [Worker-34: Building] INFO  o.e.m.c.i.embedder.EclipseLogger - Using 'UTF-8' encoding to copy filtered properties files.
2022-11-07 17:07:33,050 [Worker-34: Building] INFO  o.e.m.c.i.embedder.EclipseLogger - Copying 0 resource
2022-11-07 17:07:33,050 [Worker-34: Building] INFO  o.e.m.c.i.embedder.EclipseLogger - Copying 0 resource
2022-11-07 17:07:33,053 [Worker-34: Building] INFO  o.e.m.c.i.embedder.EclipseLogger - Using 'UTF-8' encoding to copy filtered resources.
2022-11-07 17:07:33,053 [Worker-34: Building] INFO  o.e.m.c.i.embedder.EclipseLogger - Using 'UTF-8' encoding to copy filtered properties files.
2022-11-07 17:07:33,053 [Worker-34: Building] INFO  o.e.m.c.i.embedder.EclipseLogger - skip non existing resourceDirectory C:\PNSA-Cohort3\Java\Spring MVC\Rendering all books\Rendering all Books\booksapi\src\test\resources
2022-11-08 08:39:49,316 [Worker-7: Loading available Gradle versions] INFO  o.e.b.c.i.u.g.PublishedGradleVersions - Gradle version information cache is up-to-date. Trying to read.
2022-11-08 08:39:52,528 [Worker-9: Building] INFO  o.e.m.c.i.embedder.EclipseLogger - Using 'UTF-8' encoding to copy filtered resources.
2022-11-08 08:39:52,529 [Worker-9: Building] INFO  o.e.m.c.i.embedder.EclipseLogger - Using 'UTF-8' encoding to copy filtered properties files.
2022-11-08 08:39:52,532 [Worker-9: Building] INFO  o.e.m.c.i.embedder.EclipseLogger - Copying 1 resource
2022-11-08 08:39:52,564 [Worker-9: Building] INFO  o.e.m.c.i.embedder.EclipseLogger - Copying 0 resource
2022-11-08 08:39:52,568 [Worker-9: Building] INFO  o.e.m.c.i.embedder.EclipseLogger - Using 'UTF-8' encoding to copy filtered resources.
2022-11-08 08:39:52,568 [Worker-9: Building] INFO  o.e.m.c.i.embedder.EclipseLogger - Using 'UTF-8' encoding to copy filtered properties files.
2022-11-08 08:39:52,568 [Worker-9: Building] INFO  o.e.m.c.i.embedder.EclipseLogger - skip non existing resourceDirectory C:\PNSA-Cohort3\Java\Spring MVC\Rendering all books\Rendering all Books\booksapi\src\test\resources
2022-11-08 08:40:58,923 [Worker-5: Launching booksapi - BooksapiApplication] INFO  o.e.m.c.i.embedder.EclipseLogger - Using 'UTF-8' encoding to copy filtered resources.
2022-11-08 08:40:58,923 [Worker-5: Launching booksapi - BooksapiApplication] INFO  o.e.m.c.i.embedder.EclipseLogger - Using 'UTF-8' encoding to copy filtered properties files.
2022-11-08 08:40:58,924 [Worker-5: Launching booksapi - BooksapiApplication] INFO  o.e.m.c.i.embedder.EclipseLogger - Copying 0 resource
2022-11-08 08:40:58,924 [Worker-5: Launching booksapi - BooksapiApplication] INFO  o.e.m.c.i.embedder.EclipseLogger - Copying 0 resource
2022-11-08 08:40:58,928 [Worker-5: Launching booksapi - BooksapiApplication] INFO  o.e.m.c.i.embedder.EclipseLogger - Using 'UTF-8' encoding to copy filtered resources.
2022-11-08 08:40:58,929 [Worker-5: Launching booksapi - BooksapiApplication] INFO  o.e.m.c.i.embedder.EclipseLogger - Using 'UTF-8' encoding to copy filtered properties files.
2022-11-08 08:40:58,929 [Worker-5: Launching booksapi - BooksapiApplication] INFO  o.e.m.c.i.embedder.EclipseLogger - skip non existing resourceDirectory C:\PNSA-Cohort3\Java\Spring MVC\Rendering all books\Rendering all Books\booksapi\src\test\resources
2022-11-08 08:43:48,723 [Worker-14: Launching booksapi - BooksapiApplication] INFO  o.e.m.c.i.embedder.EclipseLogger - Using 'UTF-8' encoding to copy filtered resources.
2022-11-08 08:43:48,723 [Worker-14: Launching booksapi - BooksapiApplication] INFO  o.e.m.c.i.embedder.EclipseLogger - Using 'UTF-8' encoding to copy filtered properties files.
2022-11-08 08:43:48,724 [Worker-14: Launching booksapi - BooksapiApplication] INFO  o.e.m.c.i.embedder.EclipseLogger - Copying 0 resource
2022-11-08 08:43:48,724 [Worker-14: Launching booksapi - BooksapiApplication] INFO  o.e.m.c.i.embedder.EclipseLogger - Copying 0 resource
2022-11-08 08:43:48,726 [Worker-14: Launching booksapi - BooksapiApplication] INFO  o.e.m.c.i.embedder.EclipseLogger - Using 'UTF-8' encoding to copy filtered resources.
2022-11-08 08:43:48,726 [Worker-14: Launching booksapi - BooksapiApplication] INFO  o.e.m.c.i.embedder.EclipseLogger - Using 'UTF-8' encoding to copy filtered properties files.
2022-11-08 08:43:48,727 [Worker-14: Launching booksapi - BooksapiApplication] INFO  o.e.m.c.i.embedder.EclipseLogger - skip non existing resourceDirectory C:\PNSA-Cohort3\Java\Spring MVC\Rendering all books\Rendering all Books\booksapi\src\test\resources
2022-11-08 08:44:11,781 [Worker-7: Launching booksapi - BooksapiApplication] INFO  o.e.m.c.i.embedder.EclipseLogger - Using 'UTF-8' encoding to copy filtered resources.
2022-11-08 08:44:11,781 [Worker-7: Launching booksapi - BooksapiApplication] INFO  o.e.m.c.i.embedder.EclipseLogger - Using 'UTF-8' encoding to copy filtered properties files.
2022-11-08 08:44:11,781 [Worker-7: Launching booksapi - BooksapiApplication] INFO  o.e.m.c.i.embedder.EclipseLogger - Copying 0 resource
2022-11-08 08:44:11,781 [Worker-7: Launching booksapi - BooksapiApplication] INFO  o.e.m.c.i.embedder.EclipseLogger - Copying 0 resource
2022-11-08 08:44:11,784 [Worker-7: Launching booksapi - BooksapiApplication] INFO  o.e.m.c.i.embedder.EclipseLogger - Using 'UTF-8' encoding to copy filtered resources.
2022-11-08 08:44:11,784 [Worker-7: Launching booksapi - BooksapiApplication] INFO  o.e.m.c.i.embedder.EclipseLogger - Using 'UTF-8' encoding to copy filtered properties files.
2022-11-08 08:44:11,784 [Worker-7: Launching booksapi - BooksapiApplication] INFO  o.e.m.c.i.embedder.EclipseLogger - skip non existing resourceDirectory C:\PNSA-Cohort3\Java\Spring MVC\Rendering all books\Rendering all Books\booksapi\src\test\resources
2022-11-08 08:49:49,980 [Worker-17: Launching booksapi - BooksapiApplication] INFO  o.e.m.c.i.embedder.EclipseLogger - Using 'UTF-8' encoding to copy filtered resources.
2022-11-08 08:49:49,981 [Worker-17: Launching booksapi - BooksapiApplication] INFO  o.e.m.c.i.embedder.EclipseLogger - Using 'UTF-8' encoding to copy filtered properties files.
2022-11-08 08:49:49,981 [Worker-17: Launching booksapi - BooksapiApplication] INFO  o.e.m.c.i.embedder.EclipseLogger - Copying 0 resource
2022-11-08 08:49:49,981 [Worker-17: Launching booksapi - BooksapiApplication] INFO  o.e.m.c.i.embedder.EclipseLogger - Copying 0 resource
2022-11-08 08:49:49,983 [Worker-17: Launching booksapi - BooksapiApplication] INFO  o.e.m.c.i.embedder.EclipseLogger - Using 'UTF-8' encoding to copy filtered resources.
2022-11-08 08:49:49,983 [Worker-17: Launching booksapi - BooksapiApplication] INFO  o.e.m.c.i.embedder.EclipseLogger - Using 'UTF-8' encoding to copy filtered properties files.
2022-11-08 08:49:49,983 [Worker-17: Launching booksapi - BooksapiApplication] INFO  o.e.m.c.i.embedder.EclipseLogger - skip non existing resourceDirectory C:\PNSA-Cohort3\Java\Spring MVC\Rendering all books\Rendering all Books\booksapi\src\test\resources
2022-11-09 23:32:31,662 [Worker-4: Loading available Gradle versions] INFO  o.e.b.c.i.u.g.PublishedGradleVersions - Gradle version information cache is up-to-date. Trying to read.
2022-11-09 23:32:35,307 [Worker-0: Building] INFO  o.e.m.c.i.embedder.EclipseLogger - Using 'UTF-8' encoding to copy filtered resources.
2022-11-09 23:32:35,309 [Worker-0: Building] INFO  o.e.m.c.i.embedder.EclipseLogger - Using 'UTF-8' encoding to copy filtered properties files.
2022-11-09 23:32:35,314 [Worker-0: Building] INFO  o.e.m.c.i.embedder.EclipseLogger - Copying 1 resource
2022-11-09 23:32:35,331 [Worker-0: Building] INFO  o.e.m.c.i.embedder.EclipseLogger - Copying 0 resource
2022-11-09 23:32:35,335 [Worker-0: Building] INFO  o.e.m.c.i.embedder.EclipseLogger - Using 'UTF-8' encoding to copy filtered resources.
2022-11-09 23:32:35,335 [Worker-0: Building] INFO  o.e.m.c.i.embedder.EclipseLogger - Using 'UTF-8' encoding to copy filtered properties files.
2022-11-09 23:32:35,335 [Worker-0: Building] INFO  o.e.m.c.i.embedder.EclipseLogger - skip non existing resourceDirectory C:\PNSA-Cohort3\Java\Spring MVC\Rendering all books\Rendering all Books\booksapi\src\test\resources
