2022-11-03 16:01:44,179 [Worker-1: Loading available Gradle versions] INFO  o.e.b.c.i.u.g.PublishedGradleVersions - Gradle version information cache is up-to-date. Trying to read.
2022-11-03 16:02:18,147 [Worker-1: Loading available Gradle versions] INFO  o.e.b.c.i.u.g.PublishedGradleVersions - Gradle version information cache is up-to-date. Trying to read.
2022-11-03 16:03:29,208 [Worker-4: Import Getting Started Content] INFO  o.e.m.c.i.l.LifecycleMappingFactory - Using org.maven.ide.eclipse.wtp.WarLifecycleMapping lifecycle mapping for MavenProject: com.example:DisplayDate:0.0.1-SNAPSHOT @ C:\PNSA-Cohort3\Java\Spring\Display Date\DisplayDate\pom.xml.
2022-11-03 16:03:29,998 [Worker-4: Import Getting Started Content] INFO  o.e.m.j.i.AbstractJavaProjectConfigurator - Adding source folder /DisplayDate/src/main/java
2022-11-03 16:03:29,998 [Worker-4: Import Getting Started Content] INFO  o.e.m.j.i.AbstractJavaProjectConfigurator - Adding resource folder /DisplayDate/src/main/resources
2022-11-03 16:03:30,001 [Worker-4: Import Getting Started Content] INFO  o.e.m.j.i.AbstractJavaProjectConfigurator - Adding resource folder /DisplayDate/src/main/resources
2022-11-03 16:03:30,005 [Worker-4: Import Getting Started Content] INFO  o.e.m.j.i.AbstractJavaProjectConfigurator - Adding source folder /DisplayDate/src/test/java
2022-11-03 16:03:31,512 [Worker-4: Import Getting Started Content] INFO  o.e.m.c.i.p.ProjectConfigurationManager - Imported and configured 1 project(s) in 2 sec
2022-11-03 16:03:31,515 [Worker-4: Import Getting Started Content] INFO  o.e.m.c.i.p.ProjectConfigurationManager - Update started
2022-11-03 16:03:31,709 [Worker-4: Import Getting Started Content] INFO  o.e.m.c.i.l.LifecycleMappingFactory - Using org.maven.ide.eclipse.wtp.WarLifecycleMapping lifecycle mapping for MavenProject: com.example:DisplayDate:0.0.1-SNAPSHOT @ C:\PNSA-Cohort3\Java\Spring\Display Date\DisplayDate\pom.xml.
2022-11-03 16:03:32,288 [Worker-4: Import Getting Started Content] INFO  o.e.m.j.i.AbstractJavaProjectConfigurator - Adding source folder /DisplayDate/src/main/java
2022-11-03 16:03:32,289 [Worker-4: Import Getting Started Content] INFO  o.e.m.j.i.AbstractJavaProjectConfigurator - Adding resource folder /DisplayDate/src/main/resources
2022-11-03 16:03:32,289 [Worker-4: Import Getting Started Content] INFO  o.e.m.j.i.AbstractJavaProjectConfigurator - Adding resource folder /DisplayDate/src/main/resources
2022-11-03 16:03:32,290 [Worker-4: Import Getting Started Content] INFO  o.e.m.j.i.AbstractJavaProjectConfigurator - Adding source folder /DisplayDate/src/test/java
2022-11-03 16:03:32,770 [Worker-4: Import Getting Started Content] INFO  o.e.m.w.i.f.ResourceFilteringBuildParticipant - Cleaning filtered folder for DisplayDate
2022-11-03 16:03:32,774 [Worker-4: Import Getting Started Content] INFO  o.e.m.c.i.p.ProjectConfigurationManager - Update completed: 1 sec
2022-11-03 16:03:33,122 [Worker-1: Building] INFO  o.e.m.c.i.embedder.EclipseLogger - Using 'UTF-8' encoding to copy filtered resources.
2022-11-03 16:03:33,122 [Worker-1: Building] INFO  o.e.m.c.i.embedder.EclipseLogger - Using 'UTF-8' encoding to copy filtered properties files.
2022-11-03 16:03:33,125 [Worker-1: Building] INFO  o.e.m.c.i.embedder.EclipseLogger - Copying 1 resource
2022-11-03 16:03:33,137 [Worker-1: Building] INFO  o.e.m.c.i.embedder.EclipseLogger - Copying 0 resource
2022-11-03 16:03:33,140 [Worker-1: Building] INFO  o.e.m.c.i.embedder.EclipseLogger - Using 'UTF-8' encoding to copy filtered resources.
2022-11-03 16:03:33,140 [Worker-1: Building] INFO  o.e.m.c.i.embedder.EclipseLogger - Using 'UTF-8' encoding to copy filtered properties files.
2022-11-03 16:03:33,140 [Worker-1: Building] INFO  o.e.m.c.i.embedder.EclipseLogger - skip non existing resourceDirectory C:\PNSA-Cohort3\Java\Spring\Display Date\DisplayDate\src\test\resources
2022-11-03 16:03:33,141 [Worker-1: Building] INFO  o.e.m.w.i.f.ResourceFilteringBuildParticipant - Changed resources require a complete clean of filtered resources of DisplayDate
2022-11-03 16:03:33,141 [Worker-1: Building] INFO  o.e.m.w.i.f.ResourceFilteringBuildParticipant - Executing resource filtering for DisplayDate
2022-11-03 16:03:33,145 [Worker-1: Building] INFO  o.e.m.c.i.embedder.EclipseLogger - Using 'UTF-8' encoding to copy filtered resources.
2022-11-03 16:03:33,145 [Worker-1: Building] INFO  o.e.m.c.i.embedder.EclipseLogger - Using 'UTF-8' encoding to copy filtered properties files.
2022-11-03 16:05:14,669 [Worker-8: Building] INFO  o.e.m.c.i.embedder.EclipseLogger - Using 'UTF-8' encoding to copy filtered resources.
2022-11-03 16:05:14,670 [Worker-8: Building] INFO  o.e.m.c.i.embedder.EclipseLogger - Using 'UTF-8' encoding to copy filtered properties files.
2022-11-03 16:05:14,672 [Worker-8: Building] INFO  o.e.m.c.i.embedder.EclipseLogger - Copying 1 resource
2022-11-03 16:05:14,679 [Worker-8: Building] INFO  o.e.m.c.i.embedder.EclipseLogger - Copying 0 resource
2022-11-03 16:05:14,683 [Worker-8: Building] INFO  o.e.m.c.i.embedder.EclipseLogger - Using 'UTF-8' encoding to copy filtered resources.
2022-11-03 16:05:14,683 [Worker-8: Building] INFO  o.e.m.c.i.embedder.EclipseLogger - Using 'UTF-8' encoding to copy filtered properties files.
2022-11-03 16:05:14,683 [Worker-8: Building] INFO  o.e.m.c.i.embedder.EclipseLogger - skip non existing resourceDirectory C:\PNSA-Cohort3\Java\Spring\Display Date\DisplayDate\src\test\resources
2022-11-03 16:05:15,714 [Worker-1: Building] INFO  o.e.m.c.i.embedder.EclipseLogger - Using 'UTF-8' encoding to copy filtered resources.
2022-11-03 16:05:15,715 [Worker-1: Building] INFO  o.e.m.c.i.embedder.EclipseLogger - Using 'UTF-8' encoding to copy filtered properties files.
2022-11-03 16:05:15,715 [Worker-1: Building] INFO  o.e.m.c.i.embedder.EclipseLogger - Copying 0 resource
2022-11-03 16:05:15,715 [Worker-1: Building] INFO  o.e.m.c.i.embedder.EclipseLogger - Copying 0 resource
2022-11-03 16:05:15,717 [Worker-1: Building] INFO  o.e.m.c.i.embedder.EclipseLogger - Using 'UTF-8' encoding to copy filtered resources.
2022-11-03 16:05:15,717 [Worker-1: Building] INFO  o.e.m.c.i.embedder.EclipseLogger - Using 'UTF-8' encoding to copy filtered properties files.
2022-11-03 16:05:15,717 [Worker-1: Building] INFO  o.e.m.c.i.embedder.EclipseLogger - skip non existing resourceDirectory C:\PNSA-Cohort3\Java\Spring\Display Date\DisplayDate\src\test\resources
2022-11-05 13:08:30,661 [Worker-16: Building] INFO  o.e.m.c.i.embedder.EclipseLogger - Using 'UTF-8' encoding to copy filtered resources.
2022-11-05 13:08:30,661 [Worker-16: Building] INFO  o.e.m.c.i.embedder.EclipseLogger - Using 'UTF-8' encoding to copy filtered properties files.
2022-11-05 13:08:30,661 [Worker-16: Building] INFO  o.e.m.c.i.embedder.EclipseLogger - Copying 0 resource
2022-11-05 13:08:30,661 [Worker-16: Building] INFO  o.e.m.c.i.embedder.EclipseLogger - Copying 0 resource
2022-11-05 13:08:30,664 [Worker-16: Building] INFO  o.e.m.c.i.embedder.EclipseLogger - Using 'UTF-8' encoding to copy filtered resources.
2022-11-05 13:08:30,664 [Worker-16: Building] INFO  o.e.m.c.i.embedder.EclipseLogger - Using 'UTF-8' encoding to copy filtered properties files.
2022-11-05 13:08:30,664 [Worker-16: Building] INFO  o.e.m.c.i.embedder.EclipseLogger - skip non existing resourceDirectory C:\PNSA-Cohort3\Java\Spring\Display Date\DisplayDate\src\test\resources
2022-11-05 13:08:31,706 [Worker-11: Building] INFO  o.e.m.c.i.embedder.EclipseLogger - Using 'UTF-8' encoding to copy filtered resources.
2022-11-05 13:08:31,706 [Worker-11: Building] INFO  o.e.m.c.i.embedder.EclipseLogger - Using 'UTF-8' encoding to copy filtered properties files.
2022-11-05 13:08:31,706 [Worker-11: Building] INFO  o.e.m.c.i.embedder.EclipseLogger - Copying 0 resource
2022-11-05 13:08:31,706 [Worker-11: Building] INFO  o.e.m.c.i.embedder.EclipseLogger - Copying 0 resource
2022-11-05 13:08:31,708 [Worker-11: Building] INFO  o.e.m.c.i.embedder.EclipseLogger - Using 'UTF-8' encoding to copy filtered resources.
2022-11-05 13:08:31,708 [Worker-11: Building] INFO  o.e.m.c.i.embedder.EclipseLogger - Using 'UTF-8' encoding to copy filtered properties files.
2022-11-05 13:08:31,708 [Worker-11: Building] INFO  o.e.m.c.i.embedder.EclipseLogger - skip non existing resourceDirectory C:\PNSA-Cohort3\Java\Spring\Display Date\DisplayDate\src\test\resources
2022-11-05 13:14:03,209 [Worker-17: Building] INFO  o.e.m.c.i.embedder.EclipseLogger - Using 'UTF-8' encoding to copy filtered resources.
2022-11-05 13:14:03,210 [Worker-17: Building] INFO  o.e.m.c.i.embedder.EclipseLogger - Using 'UTF-8' encoding to copy filtered properties files.
2022-11-05 13:14:03,210 [Worker-17: Building] INFO  o.e.m.c.i.embedder.EclipseLogger - Copying 0 resource
2022-11-05 13:14:03,210 [Worker-17: Building] INFO  o.e.m.c.i.embedder.EclipseLogger - Copying 0 resource
2022-11-05 13:14:03,212 [Worker-17: Building] INFO  o.e.m.c.i.embedder.EclipseLogger - Using 'UTF-8' encoding to copy filtered resources.
2022-11-05 13:14:03,212 [Worker-17: Building] INFO  o.e.m.c.i.embedder.EclipseLogger - Using 'UTF-8' encoding to copy filtered properties files.
2022-11-05 13:14:03,212 [Worker-17: Building] INFO  o.e.m.c.i.embedder.EclipseLogger - skip non existing resourceDirectory C:\PNSA-Cohort3\Java\Spring\Display Date\DisplayDate\src\test\resources
2022-11-05 13:14:45,444 [Worker-18: Building] INFO  o.e.m.c.i.embedder.EclipseLogger - Using 'UTF-8' encoding to copy filtered resources.
2022-11-05 13:14:45,444 [Worker-18: Building] INFO  o.e.m.c.i.embedder.EclipseLogger - Using 'UTF-8' encoding to copy filtered properties files.
2022-11-05 13:14:45,444 [Worker-18: Building] INFO  o.e.m.c.i.embedder.EclipseLogger - Copying 0 resource
2022-11-05 13:14:45,445 [Worker-18: Building] INFO  o.e.m.c.i.embedder.EclipseLogger - Copying 0 resource
2022-11-05 13:14:45,448 [Worker-18: Building] INFO  o.e.m.c.i.embedder.EclipseLogger - Using 'UTF-8' encoding to copy filtered resources.
2022-11-05 13:14:45,448 [Worker-18: Building] INFO  o.e.m.c.i.embedder.EclipseLogger - Using 'UTF-8' encoding to copy filtered properties files.
2022-11-05 13:14:45,448 [Worker-18: Building] INFO  o.e.m.c.i.embedder.EclipseLogger - skip non existing resourceDirectory C:\PNSA-Cohort3\Java\Spring\Display Date\DisplayDate\src\test\resources
2022-11-05 13:19:22,607 [Worker-19: Building] INFO  o.e.m.c.i.l.LifecycleMappingFactory - Using org.maven.ide.eclipse.wtp.WarLifecycleMapping lifecycle mapping for MavenProject: com.example:DisplayDate:0.0.1-SNAPSHOT @ C:\PNSA-Cohort3\Java\Spring\Display Date\DisplayDate\pom.xml.
2022-11-05 13:19:23,358 [Worker-19: Building] INFO  o.e.m.c.i.embedder.EclipseLogger - Using 'UTF-8' encoding to copy filtered resources.
2022-11-05 13:19:23,358 [Worker-19: Building] INFO  o.e.m.c.i.embedder.EclipseLogger - Using 'UTF-8' encoding to copy filtered properties files.
2022-11-05 13:19:23,360 [Worker-19: Building] INFO  o.e.m.c.i.embedder.EclipseLogger - Copying 0 resource
2022-11-05 13:19:23,360 [Worker-19: Building] INFO  o.e.m.c.i.embedder.EclipseLogger - Copying 0 resource
2022-11-05 13:19:23,363 [Worker-19: Building] INFO  o.e.m.c.i.embedder.EclipseLogger - Using 'UTF-8' encoding to copy filtered resources.
2022-11-05 13:19:23,363 [Worker-19: Building] INFO  o.e.m.c.i.embedder.EclipseLogger - Using 'UTF-8' encoding to copy filtered properties files.
2022-11-05 13:19:23,363 [Worker-19: Building] INFO  o.e.m.c.i.embedder.EclipseLogger - skip non existing resourceDirectory C:\PNSA-Cohort3\Java\Spring\Display Date\DisplayDate\src\test\resources
2022-11-05 13:19:23,364 [Worker-19: Building] INFO  o.e.m.w.i.f.ResourceFilteringBuildParticipant - Changed resources require a complete clean of filtered resources of DisplayDate
2022-11-05 13:19:23,364 [Worker-19: Building] INFO  o.e.m.w.i.f.ResourceFilteringBuildParticipant - Executing resource filtering for DisplayDate
2022-11-05 13:19:23,366 [Worker-19: Building] INFO  o.e.m.c.i.embedder.EclipseLogger - Using 'UTF-8' encoding to copy filtered resources.
2022-11-05 13:19:23,366 [Worker-19: Building] INFO  o.e.m.c.i.embedder.EclipseLogger - Using 'UTF-8' encoding to copy filtered properties files.
2022-11-05 13:19:24,632 [Worker-23: Download sources and javadoc] INFO  o.e.m.c.i.e.AbstractTransferListenerAdapter - Downloading https://repo.maven.apache.org/maven2/org/webjars/webjars-locator/0.45/webjars-locator-0.45-sources.jar
2022-11-05 13:19:24,681 [Worker-16: Building] INFO  o.e.m.c.i.embedder.EclipseLogger - Using 'UTF-8' encoding to copy filtered resources.
2022-11-05 13:19:24,681 [Worker-16: Building] INFO  o.e.m.c.i.embedder.EclipseLogger - Using 'UTF-8' encoding to copy filtered properties files.
2022-11-05 13:19:24,682 [Worker-16: Building] INFO  o.e.m.c.i.embedder.EclipseLogger - Copying 1 resource
2022-11-05 13:19:24,692 [Worker-16: Building] INFO  o.e.m.c.i.embedder.EclipseLogger - Copying 0 resource
2022-11-05 13:19:24,694 [Worker-16: Building] INFO  o.e.m.c.i.embedder.EclipseLogger - Using 'UTF-8' encoding to copy filtered resources.
2022-11-05 13:19:24,694 [Worker-16: Building] INFO  o.e.m.c.i.embedder.EclipseLogger - Using 'UTF-8' encoding to copy filtered properties files.
2022-11-05 13:19:24,694 [Worker-16: Building] INFO  o.e.m.c.i.embedder.EclipseLogger - skip non existing resourceDirectory C:\PNSA-Cohort3\Java\Spring\Display Date\DisplayDate\src\test\resources
2022-11-05 13:19:24,720 [Worker-23: Download sources and javadoc] INFO  o.e.m.c.i.e.AbstractTransferListenerAdapter - Downloaded https://repo.maven.apache.org/maven2/org/webjars/webjars-locator/0.45/webjars-locator-0.45-sources.jar
2022-11-05 13:19:24,722 [Worker-23: Download sources and javadoc] INFO  o.e.m.j.internal.DownloadSourcesJob - Downloaded sources for org.webjars:webjars-locator:0.45
2022-11-05 13:19:24,938 [Worker-23: Download sources and javadoc] INFO  o.e.m.c.i.e.AbstractTransferListenerAdapter - Downloading https://repo.maven.apache.org/maven2/org/webjars/webjars-locator-core/0.50/webjars-locator-core-0.50-sources.jar
2022-11-05 13:19:25,032 [Worker-23: Download sources and javadoc] INFO  o.e.m.c.i.e.AbstractTransferListenerAdapter - Downloaded https://repo.maven.apache.org/maven2/org/webjars/webjars-locator-core/0.50/webjars-locator-core-0.50-sources.jar
2022-11-05 13:19:25,038 [Worker-23: Download sources and javadoc] INFO  o.e.m.j.internal.DownloadSourcesJob - Downloaded sources for org.webjars:webjars-locator-core:0.50
2022-11-05 13:19:25,250 [Worker-23: Download sources and javadoc] INFO  o.e.m.c.i.e.AbstractTransferListenerAdapter - Downloading https://repo.maven.apache.org/maven2/io/github/classgraph/classgraph/4.8.139/classgraph-4.8.139-sources.jar
2022-11-05 13:19:26,053 [Worker-23: Download sources and javadoc] INFO  o.e.m.c.i.e.AbstractTransferListenerAdapter - Downloaded https://repo.maven.apache.org/maven2/io/github/classgraph/classgraph/4.8.139/classgraph-4.8.139-sources.jar
2022-11-05 13:19:26,057 [Worker-23: Download sources and javadoc] INFO  o.e.m.j.internal.DownloadSourcesJob - Downloaded sources for io.github.classgraph:classgraph:4.8.139
2022-11-05 13:19:26,265 [Worker-23: Download sources and javadoc] INFO  o.e.m.c.i.e.AbstractTransferListenerAdapter - Downloading https://repo.maven.apache.org/maven2/org/apache/commons/commons-text/1.9/commons-text-1.9-sources.jar
2022-11-05 13:19:26,739 [Worker-23: Download sources and javadoc] INFO  o.e.m.c.i.e.AbstractTransferListenerAdapter - Downloaded https://repo.maven.apache.org/maven2/org/apache/commons/commons-text/1.9/commons-text-1.9-sources.jar
2022-11-05 13:19:26,741 [Worker-23: Download sources and javadoc] INFO  o.e.m.j.internal.DownloadSourcesJob - Downloaded sources for org.apache.commons:commons-text:1.9
2022-11-05 13:19:26,984 [Worker-23: Download sources and javadoc] INFO  o.e.m.c.i.e.AbstractTransferListenerAdapter - Downloading https://repo.maven.apache.org/maven2/org/apache/commons/commons-lang3/3.12.0/commons-lang3-3.12.0-sources.jar
2022-11-05 13:19:28,038 [Worker-23: Download sources and javadoc] INFO  o.e.m.c.i.e.AbstractTransferListenerAdapter - Downloaded https://repo.maven.apache.org/maven2/org/apache/commons/commons-lang3/3.12.0/commons-lang3-3.12.0-sources.jar
2022-11-05 13:19:28,044 [Worker-23: Download sources and javadoc] INFO  o.e.m.j.internal.DownloadSourcesJob - Downloaded sources for org.apache.commons:commons-lang3:3.12.0
2022-11-05 13:19:28,263 [Worker-23: Download sources and javadoc] INFO  o.e.m.c.i.e.AbstractTransferListenerAdapter - Downloading https://repo.maven.apache.org/maven2/com/github/spullara/mustache/java/compiler/0.9.10/compiler-0.9.10-sources.jar
2022-11-05 13:19:28,379 [Worker-23: Download sources and javadoc] INFO  o.e.m.c.i.e.AbstractTransferListenerAdapter - Downloaded https://repo.maven.apache.org/maven2/com/github/spullara/mustache/java/compiler/0.9.10/compiler-0.9.10-sources.jar
2022-11-05 13:19:28,380 [Worker-23: Download sources and javadoc] INFO  o.e.m.j.internal.DownloadSourcesJob - Downloaded sources for com.github.spullara.mustache.java:compiler:0.9.10
2022-11-05 13:19:28,587 [Worker-23: Download sources and javadoc] INFO  o.e.m.c.i.e.AbstractTransferListenerAdapter - Downloaded https://repo.maven.apache.org/maven2/org/webjars/bootstrap/5.2.2/bootstrap-5.2.2-sources.jar
2022-11-05 13:19:28,608 [Worker-23: Download sources and javadoc] ERROR o.e.m.j.internal.DownloadSourcesJob - Could not download sources for org.webjars:bootstrap:5.2.2
org.eclipse.core.runtime.CoreException: Could not resolve artifact org.webjars:bootstrap:jar:sources:5.2.2
	at org.eclipse.m2e.core.internal.embedder.MavenImpl.lambda$6(MavenImpl.java:608)
	at org.eclipse.m2e.core.internal.embedder.MavenExecutionContext.executeBare(MavenExecutionContext.java:350)
	at org.eclipse.m2e.core.internal.embedder.MavenExecutionContext.execute(MavenExecutionContext.java:219)
	at org.eclipse.m2e.core.internal.embedder.MavenExecutionContext.execute(MavenExecutionContext.java:205)
	at org.eclipse.m2e.core.internal.embedder.MavenImpl.resolve(MavenImpl.java:577)
	at org.eclipse.m2e.core.internal.embedder.MavenImpl.resolve(MavenImpl.java:562)
	at org.eclipse.m2e.jdt.internal.DownloadSourcesJob.download(DownloadSourcesJob.java:308)
	at org.eclipse.m2e.jdt.internal.DownloadSourcesJob.downloadAttachments(DownloadSourcesJob.java:282)
	at org.eclipse.m2e.jdt.internal.DownloadSourcesJob.downloadMaven(DownloadSourcesJob.java:252)
	at org.eclipse.m2e.jdt.internal.DownloadSourcesJob.downloadFilesAndPopulateToUpdate(DownloadSourcesJob.java:220)
	at org.eclipse.m2e.jdt.internal.DownloadSourcesJob.lambda$0(DownloadSourcesJob.java:149)
	at org.eclipse.m2e.core.internal.embedder.MavenExecutionContext.executeBare(MavenExecutionContext.java:350)
	at org.eclipse.m2e.core.internal.embedder.MavenExecutionContext.execute(MavenExecutionContext.java:262)
	at org.eclipse.m2e.core.internal.embedder.MavenExecutionContext.execute(MavenExecutionContext.java:205)
	at org.eclipse.m2e.core.embedder.IMaven.execute(IMaven.java:270)
	at org.eclipse.m2e.jdt.internal.DownloadSourcesJob.run(DownloadSourcesJob.java:149)
	at org.eclipse.core.internal.jobs.Worker.run(Worker.java:63)
2022-11-05 13:19:28,864 [Worker-23: Download sources and javadoc] INFO  o.e.m.c.i.e.AbstractTransferListenerAdapter - Downloading https://repo.maven.apache.org/maven2/org/webjars/jquery/3.6.0/jquery-3.6.0-sources.jar
2022-11-05 13:19:29,029 [Worker-23: Download sources and javadoc] INFO  o.e.m.c.i.e.AbstractTransferListenerAdapter - Downloaded https://repo.maven.apache.org/maven2/org/webjars/jquery/3.6.0/jquery-3.6.0-sources.jar
2022-11-05 13:19:29,035 [Worker-23: Download sources and javadoc] INFO  o.e.m.j.internal.DownloadSourcesJob - Downloaded sources for org.webjars:jquery:3.6.0
2022-11-05 13:19:29,356 [Worker-23: Building] INFO  o.e.m.c.i.embedder.EclipseLogger - Using 'UTF-8' encoding to copy filtered resources.
2022-11-05 13:19:29,356 [Worker-23: Building] INFO  o.e.m.c.i.embedder.EclipseLogger - Using 'UTF-8' encoding to copy filtered properties files.
2022-11-05 13:19:29,357 [Worker-23: Building] INFO  o.e.m.c.i.embedder.EclipseLogger - Copying 0 resource
2022-11-05 13:19:29,357 [Worker-23: Building] INFO  o.e.m.c.i.embedder.EclipseLogger - Copying 0 resource
2022-11-05 13:19:29,359 [Worker-23: Building] INFO  o.e.m.c.i.embedder.EclipseLogger - Using 'UTF-8' encoding to copy filtered resources.
2022-11-05 13:19:29,359 [Worker-23: Building] INFO  o.e.m.c.i.embedder.EclipseLogger - Using 'UTF-8' encoding to copy filtered properties files.
2022-11-05 13:19:29,359 [Worker-23: Building] INFO  o.e.m.c.i.embedder.EclipseLogger - skip non existing resourceDirectory C:\PNSA-Cohort3\Java\Spring\Display Date\DisplayDate\src\test\resources
2022-11-05 13:19:32,580 [Worker-19: Building] INFO  o.e.m.c.i.embedder.EclipseLogger - Using 'UTF-8' encoding to copy filtered resources.
2022-11-05 13:19:32,580 [Worker-19: Building] INFO  o.e.m.c.i.embedder.EclipseLogger - Using 'UTF-8' encoding to copy filtered properties files.
2022-11-05 13:19:32,580 [Worker-19: Building] INFO  o.e.m.c.i.embedder.EclipseLogger - Copying 0 resource
2022-11-05 13:19:32,580 [Worker-19: Building] INFO  o.e.m.c.i.embedder.EclipseLogger - Copying 0 resource
2022-11-05 13:19:32,582 [Worker-19: Building] INFO  o.e.m.c.i.embedder.EclipseLogger - Using 'UTF-8' encoding to copy filtered resources.
2022-11-05 13:19:32,582 [Worker-19: Building] INFO  o.e.m.c.i.embedder.EclipseLogger - Using 'UTF-8' encoding to copy filtered properties files.
2022-11-05 13:19:32,582 [Worker-19: Building] INFO  o.e.m.c.i.embedder.EclipseLogger - skip non existing resourceDirectory C:\PNSA-Cohort3\Java\Spring\Display Date\DisplayDate\src\test\resources
2022-11-05 13:19:57,501 [Worker-24: Building] INFO  o.e.m.c.i.embedder.EclipseLogger - Using 'UTF-8' encoding to copy filtered resources.
2022-11-05 13:19:57,502 [Worker-24: Building] INFO  o.e.m.c.i.embedder.EclipseLogger - Using 'UTF-8' encoding to copy filtered properties files.
2022-11-05 13:19:57,502 [Worker-24: Building] INFO  o.e.m.c.i.embedder.EclipseLogger - Copying 0 resource
2022-11-05 13:19:57,502 [Worker-24: Building] INFO  o.e.m.c.i.embedder.EclipseLogger - Copying 0 resource
2022-11-05 13:19:57,504 [Worker-24: Building] INFO  o.e.m.c.i.embedder.EclipseLogger - Using 'UTF-8' encoding to copy filtered resources.
2022-11-05 13:19:57,504 [Worker-24: Building] INFO  o.e.m.c.i.embedder.EclipseLogger - Using 'UTF-8' encoding to copy filtered properties files.
2022-11-05 13:19:57,504 [Worker-24: Building] INFO  o.e.m.c.i.embedder.EclipseLogger - skip non existing resourceDirectory C:\PNSA-Cohort3\Java\Spring\Display Date\DisplayDate\src\test\resources
2022-11-05 13:20:42,797 [Worker-16: Building] INFO  o.e.m.c.i.embedder.EclipseLogger - Using 'UTF-8' encoding to copy filtered resources.
2022-11-05 13:20:42,797 [Worker-16: Building] INFO  o.e.m.c.i.embedder.EclipseLogger - Using 'UTF-8' encoding to copy filtered properties files.
2022-11-05 13:20:42,797 [Worker-16: Building] INFO  o.e.m.c.i.embedder.EclipseLogger - Copying 0 resource
2022-11-05 13:20:42,798 [Worker-16: Building] INFO  o.e.m.c.i.embedder.EclipseLogger - Copying 0 resource
2022-11-05 13:20:42,801 [Worker-16: Building] INFO  o.e.m.c.i.embedder.EclipseLogger - Using 'UTF-8' encoding to copy filtered resources.
2022-11-05 13:20:42,801 [Worker-16: Building] INFO  o.e.m.c.i.embedder.EclipseLogger - Using 'UTF-8' encoding to copy filtered properties files.
2022-11-05 13:20:42,801 [Worker-16: Building] INFO  o.e.m.c.i.embedder.EclipseLogger - skip non existing resourceDirectory C:\PNSA-Cohort3\Java\Spring\Display Date\DisplayDate\src\test\resources
2022-11-05 13:20:55,502 [Worker-23: Building] INFO  o.e.m.c.i.embedder.EclipseLogger - Using 'UTF-8' encoding to copy filtered resources.
2022-11-05 13:20:55,502 [Worker-23: Building] INFO  o.e.m.c.i.embedder.EclipseLogger - Using 'UTF-8' encoding to copy filtered properties files.
2022-11-05 13:20:55,502 [Worker-23: Building] INFO  o.e.m.c.i.embedder.EclipseLogger - Copying 0 resource
2022-11-05 13:20:55,502 [Worker-23: Building] INFO  o.e.m.c.i.embedder.EclipseLogger - Copying 0 resource
2022-11-05 13:20:55,506 [Worker-23: Building] INFO  o.e.m.c.i.embedder.EclipseLogger - Using 'UTF-8' encoding to copy filtered resources.
2022-11-05 13:20:55,506 [Worker-23: Building] INFO  o.e.m.c.i.embedder.EclipseLogger - Using 'UTF-8' encoding to copy filtered properties files.
2022-11-05 13:20:55,506 [Worker-23: Building] INFO  o.e.m.c.i.embedder.EclipseLogger - skip non existing resourceDirectory C:\PNSA-Cohort3\Java\Spring\Display Date\DisplayDate\src\test\resources
2022-11-05 13:21:29,910 [Worker-16: Building] INFO  o.e.m.c.i.embedder.EclipseLogger - Using 'UTF-8' encoding to copy filtered resources.
2022-11-05 13:21:29,910 [Worker-16: Building] INFO  o.e.m.c.i.embedder.EclipseLogger - Using 'UTF-8' encoding to copy filtered properties files.
2022-11-05 13:21:29,910 [Worker-16: Building] INFO  o.e.m.c.i.embedder.EclipseLogger - Copying 0 resource
2022-11-05 13:21:29,910 [Worker-16: Building] INFO  o.e.m.c.i.embedder.EclipseLogger - Copying 0 resource
2022-11-05 13:21:29,912 [Worker-16: Building] INFO  o.e.m.c.i.embedder.EclipseLogger - Using 'UTF-8' encoding to copy filtered resources.
2022-11-05 13:21:29,912 [Worker-16: Building] INFO  o.e.m.c.i.embedder.EclipseLogger - Using 'UTF-8' encoding to copy filtered properties files.
2022-11-05 13:21:29,912 [Worker-16: Building] INFO  o.e.m.c.i.embedder.EclipseLogger - skip non existing resourceDirectory C:\PNSA-Cohort3\Java\Spring\Display Date\DisplayDate\src\test\resources
2022-11-05 13:21:50,557 [Worker-21: Building] INFO  o.e.m.c.i.embedder.EclipseLogger - Using 'UTF-8' encoding to copy filtered resources.
2022-11-05 13:21:50,558 [Worker-21: Building] INFO  o.e.m.c.i.embedder.EclipseLogger - Using 'UTF-8' encoding to copy filtered properties files.
2022-11-05 13:21:50,559 [Worker-21: Building] INFO  o.e.m.c.i.embedder.EclipseLogger - Copying 1 resource
2022-11-05 13:21:50,567 [Worker-21: Building] INFO  o.e.m.c.i.embedder.EclipseLogger - Copying 0 resource
2022-11-05 13:21:50,571 [Worker-21: Building] INFO  o.e.m.c.i.embedder.EclipseLogger - Using 'UTF-8' encoding to copy filtered resources.
2022-11-05 13:21:50,571 [Worker-21: Building] INFO  o.e.m.c.i.embedder.EclipseLogger - Using 'UTF-8' encoding to copy filtered properties files.
2022-11-05 13:21:50,571 [Worker-21: Building] INFO  o.e.m.c.i.embedder.EclipseLogger - skip non existing resourceDirectory C:\PNSA-Cohort3\Java\Spring\Display Date\DisplayDate\src\test\resources
2022-11-05 13:25:03,461 [Worker-22: Launching DisplayDate - DisplayDateApplication] INFO  o.e.m.c.i.embedder.EclipseLogger - Using 'UTF-8' encoding to copy filtered resources.
2022-11-05 13:25:03,461 [Worker-22: Launching DisplayDate - DisplayDateApplication] INFO  o.e.m.c.i.embedder.EclipseLogger - Using 'UTF-8' encoding to copy filtered properties files.
2022-11-05 13:25:03,463 [Worker-22: Launching DisplayDate - DisplayDateApplication] INFO  o.e.m.c.i.embedder.EclipseLogger - Copying 1 resource
2022-11-05 13:25:03,470 [Worker-22: Launching DisplayDate - DisplayDateApplication] INFO  o.e.m.c.i.embedder.EclipseLogger - Copying 0 resource
2022-11-05 13:25:03,472 [Worker-22: Launching DisplayDate - DisplayDateApplication] INFO  o.e.m.c.i.embedder.EclipseLogger - Using 'UTF-8' encoding to copy filtered resources.
2022-11-05 13:25:03,473 [Worker-22: Launching DisplayDate - DisplayDateApplication] INFO  o.e.m.c.i.embedder.EclipseLogger - Using 'UTF-8' encoding to copy filtered properties files.
2022-11-05 13:25:03,473 [Worker-22: Launching DisplayDate - DisplayDateApplication] INFO  o.e.m.c.i.embedder.EclipseLogger - skip non existing resourceDirectory C:\PNSA-Cohort3\Java\Spring\Display Date\DisplayDate\src\test\resources
2022-11-05 13:25:06,164 [Worker-21: Download sources and javadoc] INFO  o.e.m.c.i.e.AbstractTransferListenerAdapter - Downloading https://repo.maven.apache.org/maven2/org/webjars/bootstrap/5.2.2/bootstrap-5.2.2-javadoc.jar
2022-11-05 13:25:13,766 [Worker-21: Download sources and javadoc] INFO  o.e.m.c.i.e.AbstractTransferListenerAdapter - Downloaded https://repo.maven.apache.org/maven2/org/webjars/bootstrap/5.2.2/bootstrap-5.2.2-javadoc.jar
2022-11-05 13:25:13,769 [Worker-21: Download sources and javadoc] INFO  o.e.m.j.internal.DownloadSourcesJob - Downloaded javadoc for org.webjars:bootstrap:5.2.2
2022-11-05 13:25:14,371 [Worker-26: Building] INFO  o.e.m.c.i.embedder.EclipseLogger - Using 'UTF-8' encoding to copy filtered resources.
2022-11-05 13:25:14,371 [Worker-26: Building] INFO  o.e.m.c.i.embedder.EclipseLogger - Using 'UTF-8' encoding to copy filtered properties files.
2022-11-05 13:25:14,371 [Worker-26: Building] INFO  o.e.m.c.i.embedder.EclipseLogger - Copying 0 resource
2022-11-05 13:25:14,371 [Worker-26: Building] INFO  o.e.m.c.i.embedder.EclipseLogger - Copying 0 resource
2022-11-05 13:25:14,374 [Worker-26: Building] INFO  o.e.m.c.i.embedder.EclipseLogger - Using 'UTF-8' encoding to copy filtered resources.
2022-11-05 13:25:14,374 [Worker-26: Building] INFO  o.e.m.c.i.embedder.EclipseLogger - Using 'UTF-8' encoding to copy filtered properties files.
2022-11-05 13:25:14,374 [Worker-26: Building] INFO  o.e.m.c.i.embedder.EclipseLogger - skip non existing resourceDirectory C:\PNSA-Cohort3\Java\Spring\Display Date\DisplayDate\src\test\resources
2022-11-05 13:28:40,429 [Worker-23: Launching DisplayDate - DisplayDateApplication] INFO  o.e.m.c.i.embedder.EclipseLogger - Using 'UTF-8' encoding to copy filtered resources.
2022-11-05 13:28:40,429 [Worker-23: Launching DisplayDate - DisplayDateApplication] INFO  o.e.m.c.i.embedder.EclipseLogger - Using 'UTF-8' encoding to copy filtered properties files.
2022-11-05 13:28:40,429 [Worker-23: Launching DisplayDate - DisplayDateApplication] INFO  o.e.m.c.i.embedder.EclipseLogger - Copying 0 resource
2022-11-05 13:28:40,430 [Worker-23: Launching DisplayDate - DisplayDateApplication] INFO  o.e.m.c.i.embedder.EclipseLogger - Copying 0 resource
2022-11-05 13:28:40,432 [Worker-23: Launching DisplayDate - DisplayDateApplication] INFO  o.e.m.c.i.embedder.EclipseLogger - Using 'UTF-8' encoding to copy filtered resources.
2022-11-05 13:28:40,432 [Worker-23: Launching DisplayDate - DisplayDateApplication] INFO  o.e.m.c.i.embedder.EclipseLogger - Using 'UTF-8' encoding to copy filtered properties files.
2022-11-05 13:28:40,432 [Worker-23: Launching DisplayDate - DisplayDateApplication] INFO  o.e.m.c.i.embedder.EclipseLogger - skip non existing resourceDirectory C:\PNSA-Cohort3\Java\Spring\Display Date\DisplayDate\src\test\resources
2022-11-05 13:29:20,706 [Worker-27: Launching DisplayDate - DisplayDateApplication] INFO  o.e.m.c.i.embedder.EclipseLogger - Using 'UTF-8' encoding to copy filtered resources.
2022-11-05 13:29:20,706 [Worker-27: Launching DisplayDate - DisplayDateApplication] INFO  o.e.m.c.i.embedder.EclipseLogger - Using 'UTF-8' encoding to copy filtered properties files.
2022-11-05 13:29:20,706 [Worker-27: Launching DisplayDate - DisplayDateApplication] INFO  o.e.m.c.i.embedder.EclipseLogger - Copying 0 resource
2022-11-05 13:29:20,707 [Worker-27: Launching DisplayDate - DisplayDateApplication] INFO  o.e.m.c.i.embedder.EclipseLogger - Copying 0 resource
2022-11-05 13:29:20,710 [Worker-27: Launching DisplayDate - DisplayDateApplication] INFO  o.e.m.c.i.embedder.EclipseLogger - Using 'UTF-8' encoding to copy filtered resources.
2022-11-05 13:29:20,711 [Worker-27: Launching DisplayDate - DisplayDateApplication] INFO  o.e.m.c.i.embedder.EclipseLogger - Using 'UTF-8' encoding to copy filtered properties files.
2022-11-05 13:29:20,711 [Worker-27: Launching DisplayDate - DisplayDateApplication] INFO  o.e.m.c.i.embedder.EclipseLogger - skip non existing resourceDirectory C:\PNSA-Cohort3\Java\Spring\Display Date\DisplayDate\src\test\resources
2022-11-05 13:30:20,192 [Worker-23: Launching DisplayDate - DisplayDateApplication] INFO  o.e.m.c.i.embedder.EclipseLogger - Using 'UTF-8' encoding to copy filtered resources.
2022-11-05 13:30:20,192 [Worker-23: Launching DisplayDate - DisplayDateApplication] INFO  o.e.m.c.i.embedder.EclipseLogger - Using 'UTF-8' encoding to copy filtered properties files.
2022-11-05 13:30:20,193 [Worker-23: Launching DisplayDate - DisplayDateApplication] INFO  o.e.m.c.i.embedder.EclipseLogger - Copying 0 resource
2022-11-05 13:30:20,193 [Worker-23: Launching DisplayDate - DisplayDateApplication] INFO  o.e.m.c.i.embedder.EclipseLogger - Copying 0 resource
2022-11-05 13:30:20,197 [Worker-23: Launching DisplayDate - DisplayDateApplication] INFO  o.e.m.c.i.embedder.EclipseLogger - Using 'UTF-8' encoding to copy filtered resources.
2022-11-05 13:30:20,197 [Worker-23: Launching DisplayDate - DisplayDateApplication] INFO  o.e.m.c.i.embedder.EclipseLogger - Using 'UTF-8' encoding to copy filtered properties files.
2022-11-05 13:30:20,198 [Worker-23: Launching DisplayDate - DisplayDateApplication] INFO  o.e.m.c.i.embedder.EclipseLogger - skip non existing resourceDirectory C:\PNSA-Cohort3\Java\Spring\Display Date\DisplayDate\src\test\resources
2022-11-05 13:31:01,753 [Worker-28: Launching DisplayDate - DisplayDateApplication] INFO  o.e.m.c.i.embedder.EclipseLogger - Using 'UTF-8' encoding to copy filtered resources.
2022-11-05 13:31:01,753 [Worker-28: Launching DisplayDate - DisplayDateApplication] INFO  o.e.m.c.i.embedder.EclipseLogger - Using 'UTF-8' encoding to copy filtered properties files.
2022-11-05 13:31:01,753 [Worker-28: Launching DisplayDate - DisplayDateApplication] INFO  o.e.m.c.i.embedder.EclipseLogger - Copying 0 resource
2022-11-05 13:31:01,754 [Worker-28: Launching DisplayDate - DisplayDateApplication] INFO  o.e.m.c.i.embedder.EclipseLogger - Copying 0 resource
2022-11-05 13:31:01,756 [Worker-28: Launching DisplayDate - DisplayDateApplication] INFO  o.e.m.c.i.embedder.EclipseLogger - Using 'UTF-8' encoding to copy filtered resources.
2022-11-05 13:31:01,756 [Worker-28: Launching DisplayDate - DisplayDateApplication] INFO  o.e.m.c.i.embedder.EclipseLogger - Using 'UTF-8' encoding to copy filtered properties files.
2022-11-05 13:31:01,756 [Worker-28: Launching DisplayDate - DisplayDateApplication] INFO  o.e.m.c.i.embedder.EclipseLogger - skip non existing resourceDirectory C:\PNSA-Cohort3\Java\Spring\Display Date\DisplayDate\src\test\resources
2022-11-05 13:32:02,611 [Worker-28: Launching DisplayDate - DisplayDateApplication] INFO  o.e.m.c.i.embedder.EclipseLogger - Using 'UTF-8' encoding to copy filtered resources.
2022-11-05 13:32:02,612 [Worker-28: Launching DisplayDate - DisplayDateApplication] INFO  o.e.m.c.i.embedder.EclipseLogger - Using 'UTF-8' encoding to copy filtered properties files.
2022-11-05 13:32:02,612 [Worker-28: Launching DisplayDate - DisplayDateApplication] INFO  o.e.m.c.i.embedder.EclipseLogger - Copying 0 resource
2022-11-05 13:32:02,612 [Worker-28: Launching DisplayDate - DisplayDateApplication] INFO  o.e.m.c.i.embedder.EclipseLogger - Copying 0 resource
2022-11-05 13:32:02,617 [Worker-28: Launching DisplayDate - DisplayDateApplication] INFO  o.e.m.c.i.embedder.EclipseLogger - Using 'UTF-8' encoding to copy filtered resources.
2022-11-05 13:32:02,617 [Worker-28: Launching DisplayDate - DisplayDateApplication] INFO  o.e.m.c.i.embedder.EclipseLogger - Using 'UTF-8' encoding to copy filtered properties files.
2022-11-05 13:32:02,618 [Worker-28: Launching DisplayDate - DisplayDateApplication] INFO  o.e.m.c.i.embedder.EclipseLogger - skip non existing resourceDirectory C:\PNSA-Cohort3\Java\Spring\Display Date\DisplayDate\src\test\resources
2022-11-05 13:32:30,875 [Worker-21: Launching DisplayDate - DisplayDateApplication] INFO  o.e.m.c.i.embedder.EclipseLogger - Using 'UTF-8' encoding to copy filtered resources.
2022-11-05 13:32:30,875 [Worker-21: Launching DisplayDate - DisplayDateApplication] INFO  o.e.m.c.i.embedder.EclipseLogger - Using 'UTF-8' encoding to copy filtered properties files.
2022-11-05 13:32:30,876 [Worker-21: Launching DisplayDate - DisplayDateApplication] INFO  o.e.m.c.i.embedder.EclipseLogger - Copying 0 resource
2022-11-05 13:32:30,876 [Worker-21: Launching DisplayDate - DisplayDateApplication] INFO  o.e.m.c.i.embedder.EclipseLogger - Copying 0 resource
2022-11-05 13:32:30,879 [Worker-21: Launching DisplayDate - DisplayDateApplication] INFO  o.e.m.c.i.embedder.EclipseLogger - Using 'UTF-8' encoding to copy filtered resources.
2022-11-05 13:32:30,880 [Worker-21: Launching DisplayDate - DisplayDateApplication] INFO  o.e.m.c.i.embedder.EclipseLogger - Using 'UTF-8' encoding to copy filtered properties files.
2022-11-05 13:32:30,880 [Worker-21: Launching DisplayDate - DisplayDateApplication] INFO  o.e.m.c.i.embedder.EclipseLogger - skip non existing resourceDirectory C:\PNSA-Cohort3\Java\Spring\Display Date\DisplayDate\src\test\resources
2022-11-05 13:33:04,767 [Worker-29: Launching DisplayDate - DisplayDateApplication] INFO  o.e.m.c.i.embedder.EclipseLogger - Using 'UTF-8' encoding to copy filtered resources.
2022-11-05 13:33:04,767 [Worker-29: Launching DisplayDate - DisplayDateApplication] INFO  o.e.m.c.i.embedder.EclipseLogger - Using 'UTF-8' encoding to copy filtered properties files.
2022-11-05 13:33:04,768 [Worker-29: Launching DisplayDate - DisplayDateApplication] INFO  o.e.m.c.i.embedder.EclipseLogger - Copying 0 resource
2022-11-05 13:33:04,768 [Worker-29: Launching DisplayDate - DisplayDateApplication] INFO  o.e.m.c.i.embedder.EclipseLogger - Copying 0 resource
2022-11-05 13:33:04,771 [Worker-29: Launching DisplayDate - DisplayDateApplication] INFO  o.e.m.c.i.embedder.EclipseLogger - Using 'UTF-8' encoding to copy filtered resources.
2022-11-05 13:33:04,771 [Worker-29: Launching DisplayDate - DisplayDateApplication] INFO  o.e.m.c.i.embedder.EclipseLogger - Using 'UTF-8' encoding to copy filtered properties files.
2022-11-05 13:33:04,772 [Worker-29: Launching DisplayDate - DisplayDateApplication] INFO  o.e.m.c.i.embedder.EclipseLogger - skip non existing resourceDirectory C:\PNSA-Cohort3\Java\Spring\Display Date\DisplayDate\src\test\resources
2022-11-05 13:33:34,829 [Worker-21: Launching DisplayDate - DisplayDateApplication] INFO  o.e.m.c.i.embedder.EclipseLogger - Using 'UTF-8' encoding to copy filtered resources.
2022-11-05 13:33:34,830 [Worker-21: Launching DisplayDate - DisplayDateApplication] INFO  o.e.m.c.i.embedder.EclipseLogger - Using 'UTF-8' encoding to copy filtered properties files.
2022-11-05 13:33:34,830 [Worker-21: Launching DisplayDate - DisplayDateApplication] INFO  o.e.m.c.i.embedder.EclipseLogger - Copying 0 resource
2022-11-05 13:33:34,830 [Worker-21: Launching DisplayDate - DisplayDateApplication] INFO  o.e.m.c.i.embedder.EclipseLogger - Copying 0 resource
2022-11-05 13:33:34,832 [Worker-21: Launching DisplayDate - DisplayDateApplication] INFO  o.e.m.c.i.embedder.EclipseLogger - Using 'UTF-8' encoding to copy filtered resources.
2022-11-05 13:33:34,832 [Worker-21: Launching DisplayDate - DisplayDateApplication] INFO  o.e.m.c.i.embedder.EclipseLogger - Using 'UTF-8' encoding to copy filtered properties files.
2022-11-05 13:33:34,832 [Worker-21: Launching DisplayDate - DisplayDateApplication] INFO  o.e.m.c.i.embedder.EclipseLogger - skip non existing resourceDirectory C:\PNSA-Cohort3\Java\Spring\Display Date\DisplayDate\src\test\resources
2022-11-05 13:34:33,788 [Worker-21: Launching DisplayDate - DisplayDateApplication] INFO  o.e.m.c.i.embedder.EclipseLogger - Using 'UTF-8' encoding to copy filtered resources.
2022-11-05 13:34:33,788 [Worker-21: Launching DisplayDate - DisplayDateApplication] INFO  o.e.m.c.i.embedder.EclipseLogger - Using 'UTF-8' encoding to copy filtered properties files.
2022-11-05 13:34:33,788 [Worker-21: Launching DisplayDate - DisplayDateApplication] INFO  o.e.m.c.i.embedder.EclipseLogger - Copying 0 resource
2022-11-05 13:34:33,789 [Worker-21: Launching DisplayDate - DisplayDateApplication] INFO  o.e.m.c.i.embedder.EclipseLogger - Copying 0 resource
2022-11-05 13:34:33,791 [Worker-21: Launching DisplayDate - DisplayDateApplication] INFO  o.e.m.c.i.embedder.EclipseLogger - Using 'UTF-8' encoding to copy filtered resources.
2022-11-05 13:34:33,791 [Worker-21: Launching DisplayDate - DisplayDateApplication] INFO  o.e.m.c.i.embedder.EclipseLogger - Using 'UTF-8' encoding to copy filtered properties files.
2022-11-05 13:34:33,791 [Worker-21: Launching DisplayDate - DisplayDateApplication] INFO  o.e.m.c.i.embedder.EclipseLogger - skip non existing resourceDirectory C:\PNSA-Cohort3\Java\Spring\Display Date\DisplayDate\src\test\resources
2022-11-05 13:35:05,648 [Worker-21: Launching DisplayDate - DisplayDateApplication] INFO  o.e.m.c.i.embedder.EclipseLogger - Using 'UTF-8' encoding to copy filtered resources.
2022-11-05 13:35:05,648 [Worker-21: Launching DisplayDate - DisplayDateApplication] INFO  o.e.m.c.i.embedder.EclipseLogger - Using 'UTF-8' encoding to copy filtered properties files.
2022-11-05 13:35:05,648 [Worker-21: Launching DisplayDate - DisplayDateApplication] INFO  o.e.m.c.i.embedder.EclipseLogger - Copying 0 resource
2022-11-05 13:35:05,649 [Worker-21: Launching DisplayDate - DisplayDateApplication] INFO  o.e.m.c.i.embedder.EclipseLogger - Copying 0 resource
2022-11-05 13:35:05,651 [Worker-21: Launching DisplayDate - DisplayDateApplication] INFO  o.e.m.c.i.embedder.EclipseLogger - Using 'UTF-8' encoding to copy filtered resources.
2022-11-05 13:35:05,652 [Worker-21: Launching DisplayDate - DisplayDateApplication] INFO  o.e.m.c.i.embedder.EclipseLogger - Using 'UTF-8' encoding to copy filtered properties files.
2022-11-05 13:35:05,652 [Worker-21: Launching DisplayDate - DisplayDateApplication] INFO  o.e.m.c.i.embedder.EclipseLogger - skip non existing resourceDirectory C:\PNSA-Cohort3\Java\Spring\Display Date\DisplayDate\src\test\resources
2022-11-05 13:35:21,756 [Worker-23: Launching DisplayDate - DisplayDateApplication] INFO  o.e.m.c.i.embedder.EclipseLogger - Using 'UTF-8' encoding to copy filtered resources.
2022-11-05 13:35:21,756 [Worker-23: Launching DisplayDate - DisplayDateApplication] INFO  o.e.m.c.i.embedder.EclipseLogger - Using 'UTF-8' encoding to copy filtered properties files.
2022-11-05 13:35:21,757 [Worker-23: Launching DisplayDate - DisplayDateApplication] INFO  o.e.m.c.i.embedder.EclipseLogger - Copying 0 resource
2022-11-05 13:35:21,757 [Worker-23: Launching DisplayDate - DisplayDateApplication] INFO  o.e.m.c.i.embedder.EclipseLogger - Copying 0 resource
2022-11-05 13:35:21,759 [Worker-23: Launching DisplayDate - DisplayDateApplication] INFO  o.e.m.c.i.embedder.EclipseLogger - Using 'UTF-8' encoding to copy filtered resources.
2022-11-05 13:35:21,759 [Worker-23: Launching DisplayDate - DisplayDateApplication] INFO  o.e.m.c.i.embedder.EclipseLogger - Using 'UTF-8' encoding to copy filtered properties files.
2022-11-05 13:35:21,759 [Worker-23: Launching DisplayDate - DisplayDateApplication] INFO  o.e.m.c.i.embedder.EclipseLogger - skip non existing resourceDirectory C:\PNSA-Cohort3\Java\Spring\Display Date\DisplayDate\src\test\resources
2022-11-05 13:35:33,764 [Worker-30: Launching DisplayDate - DisplayDateApplication] INFO  o.e.m.c.i.embedder.EclipseLogger - Using 'UTF-8' encoding to copy filtered resources.
2022-11-05 13:35:33,765 [Worker-30: Launching DisplayDate - DisplayDateApplication] INFO  o.e.m.c.i.embedder.EclipseLogger - Using 'UTF-8' encoding to copy filtered properties files.
2022-11-05 13:35:33,765 [Worker-30: Launching DisplayDate - DisplayDateApplication] INFO  o.e.m.c.i.embedder.EclipseLogger - Copying 0 resource
2022-11-05 13:35:33,765 [Worker-30: Launching DisplayDate - DisplayDateApplication] INFO  o.e.m.c.i.embedder.EclipseLogger - Copying 0 resource
2022-11-05 13:35:33,767 [Worker-30: Launching DisplayDate - DisplayDateApplication] INFO  o.e.m.c.i.embedder.EclipseLogger - Using 'UTF-8' encoding to copy filtered resources.
2022-11-05 13:35:33,767 [Worker-30: Launching DisplayDate - DisplayDateApplication] INFO  o.e.m.c.i.embedder.EclipseLogger - Using 'UTF-8' encoding to copy filtered properties files.
2022-11-05 13:35:33,768 [Worker-30: Launching DisplayDate - DisplayDateApplication] INFO  o.e.m.c.i.embedder.EclipseLogger - skip non existing resourceDirectory C:\PNSA-Cohort3\Java\Spring\Display Date\DisplayDate\src\test\resources
2022-11-05 13:36:14,177 [Worker-23: Launching DisplayDate - DisplayDateApplication] INFO  o.e.m.c.i.embedder.EclipseLogger - Using 'UTF-8' encoding to copy filtered resources.
2022-11-05 13:36:14,177 [Worker-23: Launching DisplayDate - DisplayDateApplication] INFO  o.e.m.c.i.embedder.EclipseLogger - Using 'UTF-8' encoding to copy filtered properties files.
2022-11-05 13:36:14,177 [Worker-23: Launching DisplayDate - DisplayDateApplication] INFO  o.e.m.c.i.embedder.EclipseLogger - Copying 0 resource
2022-11-05 13:36:14,177 [Worker-23: Launching DisplayDate - DisplayDateApplication] INFO  o.e.m.c.i.embedder.EclipseLogger - Copying 0 resource
2022-11-05 13:36:14,181 [Worker-23: Launching DisplayDate - DisplayDateApplication] INFO  o.e.m.c.i.embedder.EclipseLogger - Using 'UTF-8' encoding to copy filtered resources.
2022-11-05 13:36:14,181 [Worker-23: Launching DisplayDate - DisplayDateApplication] INFO  o.e.m.c.i.embedder.EclipseLogger - Using 'UTF-8' encoding to copy filtered properties files.
2022-11-05 13:36:14,181 [Worker-23: Launching DisplayDate - DisplayDateApplication] INFO  o.e.m.c.i.embedder.EclipseLogger - skip non existing resourceDirectory C:\PNSA-Cohort3\Java\Spring\Display Date\DisplayDate\src\test\resources
2022-11-05 13:40:20,093 [Worker-21: Building] INFO  o.e.m.c.i.embedder.EclipseLogger - Using 'UTF-8' encoding to copy filtered resources.
2022-11-05 13:40:20,093 [Worker-21: Building] INFO  o.e.m.c.i.embedder.EclipseLogger - Using 'UTF-8' encoding to copy filtered properties files.
2022-11-05 13:40:20,093 [Worker-21: Building] INFO  o.e.m.c.i.embedder.EclipseLogger - Copying 0 resource
2022-11-05 13:40:20,093 [Worker-21: Building] INFO  o.e.m.c.i.embedder.EclipseLogger - Copying 0 resource
2022-11-05 13:40:20,095 [Worker-21: Building] INFO  o.e.m.c.i.embedder.EclipseLogger - Using 'UTF-8' encoding to copy filtered resources.
2022-11-05 13:40:20,096 [Worker-21: Building] INFO  o.e.m.c.i.embedder.EclipseLogger - Using 'UTF-8' encoding to copy filtered properties files.
2022-11-05 13:40:20,096 [Worker-21: Building] INFO  o.e.m.c.i.embedder.EclipseLogger - skip non existing resourceDirectory C:\PNSA-Cohort3\Java\Spring\Display Date\DisplayDate\src\test\resources
2022-11-05 13:41:01,676 [Worker-28: Launching DisplayDate - DisplayDateApplication] INFO  o.e.m.c.i.embedder.EclipseLogger - Using 'UTF-8' encoding to copy filtered resources.
2022-11-05 13:41:01,676 [Worker-28: Launching DisplayDate - DisplayDateApplication] INFO  o.e.m.c.i.embedder.EclipseLogger - Using 'UTF-8' encoding to copy filtered properties files.
2022-11-05 13:41:01,676 [Worker-28: Launching DisplayDate - DisplayDateApplication] INFO  o.e.m.c.i.embedder.EclipseLogger - Copying 0 resource
2022-11-05 13:41:01,676 [Worker-28: Launching DisplayDate - DisplayDateApplication] INFO  o.e.m.c.i.embedder.EclipseLogger - Copying 0 resource
2022-11-05 13:41:01,678 [Worker-28: Launching DisplayDate - DisplayDateApplication] INFO  o.e.m.c.i.embedder.EclipseLogger - Using 'UTF-8' encoding to copy filtered resources.
2022-11-05 13:41:01,678 [Worker-28: Launching DisplayDate - DisplayDateApplication] INFO  o.e.m.c.i.embedder.EclipseLogger - Using 'UTF-8' encoding to copy filtered properties files.
2022-11-05 13:41:01,678 [Worker-28: Launching DisplayDate - DisplayDateApplication] INFO  o.e.m.c.i.embedder.EclipseLogger - skip non existing resourceDirectory C:\PNSA-Cohort3\Java\Spring\Display Date\DisplayDate\src\test\resources
