2022-11-02 13:43:11,330 [Worker-6: Loading available Gradle versions] INFO  o.e.b.c.i.u.g.PublishedGradleVersions - Gradle version information cache is up-to-date. Trying to read.
2022-11-02 13:50:50,136 [Worker-11: Import Getting Started Content] INFO  o.e.m.c.i.l.LifecycleMappingFactory - Using org.maven.ide.eclipse.wtp.WarLifecycleMapping lifecycle mapping for MavenProject: com.example:DaikichiRoutes:0.0.1-SNAPSHOT @ C:\PNSA-Cohort3\Java\Spring\Daikichi Routes\DaikichiRoutes\pom.xml.
2022-11-02 13:50:51,114 [Worker-11: Import Getting Started Content] INFO  o.e.m.j.i.AbstractJavaProjectConfigurator - Adding source folder /DaikichiRoutes/src/main/java
2022-11-02 13:50:51,114 [Worker-11: Import Getting Started Content] INFO  o.e.m.j.i.AbstractJavaProjectConfigurator - Adding resource folder /DaikichiRoutes/src/main/resources
2022-11-02 13:50:51,116 [Worker-11: Import Getting Started Content] INFO  o.e.m.j.i.AbstractJavaProjectConfigurator - Adding resource folder /DaikichiRoutes/src/main/resources
2022-11-02 13:50:51,119 [Worker-11: Import Getting Started Content] INFO  o.e.m.j.i.AbstractJavaProjectConfigurator - Adding source folder /DaikichiRoutes/src/test/java
2022-11-02 13:50:52,834 [Worker-11: Import Getting Started Content] INFO  o.e.m.c.i.p.ProjectConfigurationManager - Imported and configured 1 project(s) in 3 sec
2022-11-02 13:50:52,837 [Worker-11: Import Getting Started Content] INFO  o.e.m.c.i.p.ProjectConfigurationManager - Update started
2022-11-02 13:50:53,074 [Worker-11: Import Getting Started Content] INFO  o.e.m.c.i.l.LifecycleMappingFactory - Using org.maven.ide.eclipse.wtp.WarLifecycleMapping lifecycle mapping for MavenProject: com.example:DaikichiRoutes:0.0.1-SNAPSHOT @ C:\PNSA-Cohort3\Java\Spring\Daikichi Routes\DaikichiRoutes\pom.xml.
2022-11-02 13:50:53,812 [Worker-11: Import Getting Started Content] INFO  o.e.m.j.i.AbstractJavaProjectConfigurator - Adding source folder /DaikichiRoutes/src/main/java
2022-11-02 13:50:53,813 [Worker-11: Import Getting Started Content] INFO  o.e.m.j.i.AbstractJavaProjectConfigurator - Adding resource folder /DaikichiRoutes/src/main/resources
2022-11-02 13:50:53,813 [Worker-11: Import Getting Started Content] INFO  o.e.m.j.i.AbstractJavaProjectConfigurator - Adding resource folder /DaikichiRoutes/src/main/resources
2022-11-02 13:50:53,813 [Worker-11: Import Getting Started Content] INFO  o.e.m.j.i.AbstractJavaProjectConfigurator - Adding source folder /DaikichiRoutes/src/test/java
2022-11-02 13:50:54,578 [Worker-11: Import Getting Started Content] INFO  o.e.m.w.i.f.ResourceFilteringBuildParticipant - Cleaning filtered folder for DaikichiRoutes
2022-11-02 13:50:54,584 [Worker-11: Import Getting Started Content] INFO  o.e.m.c.i.p.ProjectConfigurationManager - Update completed: 1 sec
2022-11-02 13:50:55,012 [Worker-12: Building] INFO  o.e.m.c.i.embedder.EclipseLogger - Using 'UTF-8' encoding to copy filtered resources.
2022-11-02 13:50:55,012 [Worker-12: Building] INFO  o.e.m.c.i.embedder.EclipseLogger - Using 'UTF-8' encoding to copy filtered properties files.
2022-11-02 13:50:55,015 [Worker-12: Building] INFO  o.e.m.c.i.embedder.EclipseLogger - Copying 1 resource
2022-11-02 13:50:55,026 [Worker-12: Building] INFO  o.e.m.c.i.embedder.EclipseLogger - Copying 0 resource
2022-11-02 13:50:55,029 [Worker-12: Building] INFO  o.e.m.c.i.embedder.EclipseLogger - Using 'UTF-8' encoding to copy filtered resources.
2022-11-02 13:50:55,029 [Worker-12: Building] INFO  o.e.m.c.i.embedder.EclipseLogger - Using 'UTF-8' encoding to copy filtered properties files.
2022-11-02 13:50:55,029 [Worker-12: Building] INFO  o.e.m.c.i.embedder.EclipseLogger - skip non existing resourceDirectory C:\PNSA-Cohort3\Java\Spring\Daikichi Routes\DaikichiRoutes\src\test\resources
2022-11-02 13:50:55,031 [Worker-12: Building] INFO  o.e.m.w.i.f.ResourceFilteringBuildParticipant - Changed resources require a complete clean of filtered resources of DaikichiRoutes
2022-11-02 13:50:55,031 [Worker-12: Building] INFO  o.e.m.w.i.f.ResourceFilteringBuildParticipant - Executing resource filtering for DaikichiRoutes
2022-11-02 13:50:55,036 [Worker-12: Building] INFO  o.e.m.c.i.embedder.EclipseLogger - Using 'UTF-8' encoding to copy filtered resources.
2022-11-02 13:50:55,036 [Worker-12: Building] INFO  o.e.m.c.i.embedder.EclipseLogger - Using 'UTF-8' encoding to copy filtered properties files.
2022-11-02 13:54:21,870 [Worker-17: Building] INFO  o.e.m.c.i.embedder.EclipseLogger - Using 'UTF-8' encoding to copy filtered resources.
2022-11-02 13:54:21,870 [Worker-17: Building] INFO  o.e.m.c.i.embedder.EclipseLogger - Using 'UTF-8' encoding to copy filtered properties files.
2022-11-02 13:54:21,871 [Worker-17: Building] INFO  o.e.m.c.i.embedder.EclipseLogger - Copying 0 resource
2022-11-02 13:54:21,871 [Worker-17: Building] INFO  o.e.m.c.i.embedder.EclipseLogger - Copying 0 resource
2022-11-02 13:54:21,874 [Worker-17: Building] INFO  o.e.m.c.i.embedder.EclipseLogger - Using 'UTF-8' encoding to copy filtered resources.
2022-11-02 13:54:21,874 [Worker-17: Building] INFO  o.e.m.c.i.embedder.EclipseLogger - Using 'UTF-8' encoding to copy filtered properties files.
2022-11-02 13:54:21,874 [Worker-17: Building] INFO  o.e.m.c.i.embedder.EclipseLogger - skip non existing resourceDirectory C:\PNSA-Cohort3\Java\Spring\Daikichi Routes\DaikichiRoutes\src\test\resources
2022-11-02 13:59:57,990 [Worker-12: Launching DaikichiRoutes - DaikichiRoutesApplication] INFO  o.e.m.c.i.embedder.EclipseLogger - Using 'UTF-8' encoding to copy filtered resources.
2022-11-02 13:59:57,991 [Worker-12: Launching DaikichiRoutes - DaikichiRoutesApplication] INFO  o.e.m.c.i.embedder.EclipseLogger - Using 'UTF-8' encoding to copy filtered properties files.
2022-11-02 13:59:57,993 [Worker-12: Launching DaikichiRoutes - DaikichiRoutesApplication] INFO  o.e.m.c.i.embedder.EclipseLogger - Copying 1 resource
2022-11-02 13:59:58,004 [Worker-12: Launching DaikichiRoutes - DaikichiRoutesApplication] INFO  o.e.m.c.i.embedder.EclipseLogger - Copying 0 resource
2022-11-02 13:59:58,006 [Worker-12: Launching DaikichiRoutes - DaikichiRoutesApplication] INFO  o.e.m.c.i.embedder.EclipseLogger - Using 'UTF-8' encoding to copy filtered resources.
2022-11-02 13:59:58,006 [Worker-12: Launching DaikichiRoutes - DaikichiRoutesApplication] INFO  o.e.m.c.i.embedder.EclipseLogger - Using 'UTF-8' encoding to copy filtered properties files.
2022-11-02 13:59:58,006 [Worker-12: Launching DaikichiRoutes - DaikichiRoutesApplication] INFO  o.e.m.c.i.embedder.EclipseLogger - skip non existing resourceDirectory C:\PNSA-Cohort3\Java\Spring\Daikichi Routes\DaikichiRoutes\src\test\resources
2022-11-02 14:23:19,039 [Worker-4: Loading available Gradle versions] INFO  o.e.b.c.i.u.g.PublishedGradleVersions - Gradle version information cache is up-to-date. Trying to read.
2022-11-02 14:31:39,036 [Worker-15: Launching DaikichiRoutes - DaikichiRoutesApplication] INFO  o.e.m.c.i.embedder.EclipseLogger - Using 'UTF-8' encoding to copy filtered resources.
2022-11-02 14:31:39,037 [Worker-15: Launching DaikichiRoutes - DaikichiRoutesApplication] INFO  o.e.m.c.i.embedder.EclipseLogger - Using 'UTF-8' encoding to copy filtered properties files.
2022-11-02 14:31:39,039 [Worker-15: Launching DaikichiRoutes - DaikichiRoutesApplication] INFO  o.e.m.c.i.embedder.EclipseLogger - Copying 1 resource
2022-11-02 14:31:39,067 [Worker-15: Launching DaikichiRoutes - DaikichiRoutesApplication] INFO  o.e.m.c.i.embedder.EclipseLogger - Copying 0 resource
2022-11-02 14:31:39,072 [Worker-15: Launching DaikichiRoutes - DaikichiRoutesApplication] INFO  o.e.m.c.i.embedder.EclipseLogger - Using 'UTF-8' encoding to copy filtered resources.
2022-11-02 14:31:39,072 [Worker-15: Launching DaikichiRoutes - DaikichiRoutesApplication] INFO  o.e.m.c.i.embedder.EclipseLogger - Using 'UTF-8' encoding to copy filtered properties files.
2022-11-02 14:31:39,072 [Worker-15: Launching DaikichiRoutes - DaikichiRoutesApplication] INFO  o.e.m.c.i.embedder.EclipseLogger - skip non existing resourceDirectory C:\PNSA-Cohort3\Java\Spring\Daikichi Routes\DaikichiRoutes\src\test\resources
2022-11-02 14:33:34,247 [Worker-15: Launching DaikichiRoutes - DaikichiRoutesApplication] INFO  o.e.m.c.i.embedder.EclipseLogger - Using 'UTF-8' encoding to copy filtered resources.
2022-11-02 14:33:34,247 [Worker-15: Launching DaikichiRoutes - DaikichiRoutesApplication] INFO  o.e.m.c.i.embedder.EclipseLogger - Using 'UTF-8' encoding to copy filtered properties files.
2022-11-02 14:33:34,250 [Worker-15: Launching DaikichiRoutes - DaikichiRoutesApplication] INFO  o.e.m.c.i.embedder.EclipseLogger - Copying 1 resource
2022-11-02 14:33:34,258 [Worker-15: Launching DaikichiRoutes - DaikichiRoutesApplication] INFO  o.e.m.c.i.embedder.EclipseLogger - Copying 0 resource
2022-11-02 14:33:34,262 [Worker-15: Launching DaikichiRoutes - DaikichiRoutesApplication] INFO  o.e.m.c.i.embedder.EclipseLogger - Using 'UTF-8' encoding to copy filtered resources.
2022-11-02 14:33:34,262 [Worker-15: Launching DaikichiRoutes - DaikichiRoutesApplication] INFO  o.e.m.c.i.embedder.EclipseLogger - Using 'UTF-8' encoding to copy filtered properties files.
2022-11-02 14:33:34,262 [Worker-15: Launching DaikichiRoutes - DaikichiRoutesApplication] INFO  o.e.m.c.i.embedder.EclipseLogger - skip non existing resourceDirectory C:\PNSA-Cohort3\Java\Spring\Daikichi Routes\DaikichiRoutes\src\test\resources
2022-11-02 14:34:05,300 [Worker-13: Launching DaikichiRoutes - DaikichiRoutesApplication] INFO  o.e.m.c.i.embedder.EclipseLogger - Using 'UTF-8' encoding to copy filtered resources.
2022-11-02 14:34:05,300 [Worker-13: Launching DaikichiRoutes - DaikichiRoutesApplication] INFO  o.e.m.c.i.embedder.EclipseLogger - Using 'UTF-8' encoding to copy filtered properties files.
2022-11-02 14:34:05,302 [Worker-13: Launching DaikichiRoutes - DaikichiRoutesApplication] INFO  o.e.m.c.i.embedder.EclipseLogger - Copying 1 resource
2022-11-02 14:34:05,323 [Worker-13: Launching DaikichiRoutes - DaikichiRoutesApplication] INFO  o.e.m.c.i.embedder.EclipseLogger - Copying 0 resource
2022-11-02 14:34:05,338 [Worker-13: Launching DaikichiRoutes - DaikichiRoutesApplication] INFO  o.e.m.c.i.embedder.EclipseLogger - Using 'UTF-8' encoding to copy filtered resources.
2022-11-02 14:34:05,338 [Worker-13: Launching DaikichiRoutes - DaikichiRoutesApplication] INFO  o.e.m.c.i.embedder.EclipseLogger - Using 'UTF-8' encoding to copy filtered properties files.
2022-11-02 14:34:05,338 [Worker-13: Launching DaikichiRoutes - DaikichiRoutesApplication] INFO  o.e.m.c.i.embedder.EclipseLogger - skip non existing resourceDirectory C:\PNSA-Cohort3\Java\Spring\Daikichi Routes\DaikichiRoutes\src\test\resources
2022-11-02 14:37:31,790 [Worker-18: Launching DaikichiRoutes - DaikichiRoutesApplication] INFO  o.e.m.c.i.embedder.EclipseLogger - Using 'UTF-8' encoding to copy filtered resources.
2022-11-02 14:37:31,790 [Worker-18: Launching DaikichiRoutes - DaikichiRoutesApplication] INFO  o.e.m.c.i.embedder.EclipseLogger - Using 'UTF-8' encoding to copy filtered properties files.
2022-11-02 14:37:31,791 [Worker-18: Launching DaikichiRoutes - DaikichiRoutesApplication] INFO  o.e.m.c.i.embedder.EclipseLogger - Copying 1 resource
2022-11-02 14:37:31,796 [Worker-18: Launching DaikichiRoutes - DaikichiRoutesApplication] INFO  o.e.m.c.i.embedder.EclipseLogger - Copying 0 resource
2022-11-02 14:37:31,798 [Worker-18: Launching DaikichiRoutes - DaikichiRoutesApplication] INFO  o.e.m.c.i.embedder.EclipseLogger - Using 'UTF-8' encoding to copy filtered resources.
2022-11-02 14:37:31,798 [Worker-18: Launching DaikichiRoutes - DaikichiRoutesApplication] INFO  o.e.m.c.i.embedder.EclipseLogger - Using 'UTF-8' encoding to copy filtered properties files.
2022-11-02 14:37:31,798 [Worker-18: Launching DaikichiRoutes - DaikichiRoutesApplication] INFO  o.e.m.c.i.embedder.EclipseLogger - skip non existing resourceDirectory C:\PNSA-Cohort3\Java\Spring\Daikichi Routes\DaikichiRoutes\src\test\resources
2022-11-02 14:40:01,787 [Worker-26: Launching DaikichiRoutes - DaikichiRoutesApplication] INFO  o.e.m.c.i.embedder.EclipseLogger - Using 'UTF-8' encoding to copy filtered resources.
2022-11-02 14:40:01,787 [Worker-26: Launching DaikichiRoutes - DaikichiRoutesApplication] INFO  o.e.m.c.i.embedder.EclipseLogger - Using 'UTF-8' encoding to copy filtered properties files.
2022-11-02 14:40:01,788 [Worker-26: Launching DaikichiRoutes - DaikichiRoutesApplication] INFO  o.e.m.c.i.embedder.EclipseLogger - Copying 1 resource
2022-11-02 14:40:01,793 [Worker-26: Launching DaikichiRoutes - DaikichiRoutesApplication] INFO  o.e.m.c.i.embedder.EclipseLogger - Copying 0 resource
2022-11-02 14:40:01,796 [Worker-26: Launching DaikichiRoutes - DaikichiRoutesApplication] INFO  o.e.m.c.i.embedder.EclipseLogger - Using 'UTF-8' encoding to copy filtered resources.
2022-11-02 14:40:01,796 [Worker-26: Launching DaikichiRoutes - DaikichiRoutesApplication] INFO  o.e.m.c.i.embedder.EclipseLogger - Using 'UTF-8' encoding to copy filtered properties files.
2022-11-02 14:40:01,797 [Worker-26: Launching DaikichiRoutes - DaikichiRoutesApplication] INFO  o.e.m.c.i.embedder.EclipseLogger - skip non existing resourceDirectory C:\PNSA-Cohort3\Java\Spring\Daikichi Routes\DaikichiRoutes\src\test\resources
2022-11-02 14:40:45,547 [Worker-18: Launching DaikichiRoutes - DaikichiRoutesApplication] INFO  o.e.m.c.i.embedder.EclipseLogger - Using 'UTF-8' encoding to copy filtered resources.
2022-11-02 14:40:45,547 [Worker-18: Launching DaikichiRoutes - DaikichiRoutesApplication] INFO  o.e.m.c.i.embedder.EclipseLogger - Using 'UTF-8' encoding to copy filtered properties files.
2022-11-02 14:40:45,549 [Worker-18: Launching DaikichiRoutes - DaikichiRoutesApplication] INFO  o.e.m.c.i.embedder.EclipseLogger - Copying 1 resource
2022-11-02 14:40:45,558 [Worker-18: Launching DaikichiRoutes - DaikichiRoutesApplication] INFO  o.e.m.c.i.embedder.EclipseLogger - Copying 0 resource
2022-11-02 14:40:45,562 [Worker-18: Launching DaikichiRoutes - DaikichiRoutesApplication] INFO  o.e.m.c.i.embedder.EclipseLogger - Using 'UTF-8' encoding to copy filtered resources.
2022-11-02 14:40:45,562 [Worker-18: Launching DaikichiRoutes - DaikichiRoutesApplication] INFO  o.e.m.c.i.embedder.EclipseLogger - Using 'UTF-8' encoding to copy filtered properties files.
2022-11-02 14:40:45,562 [Worker-18: Launching DaikichiRoutes - DaikichiRoutesApplication] INFO  o.e.m.c.i.embedder.EclipseLogger - skip non existing resourceDirectory C:\PNSA-Cohort3\Java\Spring\Daikichi Routes\DaikichiRoutes\src\test\resources
2022-11-02 14:41:28,010 [Worker-23: Launching DaikichiRoutes - DaikichiRoutesApplication] INFO  o.e.m.c.i.embedder.EclipseLogger - Using 'UTF-8' encoding to copy filtered resources.
2022-11-02 14:41:28,011 [Worker-23: Launching DaikichiRoutes - DaikichiRoutesApplication] INFO  o.e.m.c.i.embedder.EclipseLogger - Using 'UTF-8' encoding to copy filtered properties files.
2022-11-02 14:41:28,011 [Worker-23: Launching DaikichiRoutes - DaikichiRoutesApplication] INFO  o.e.m.c.i.embedder.EclipseLogger - Copying 1 resource
2022-11-02 14:41:28,023 [Worker-23: Launching DaikichiRoutes - DaikichiRoutesApplication] INFO  o.e.m.c.i.embedder.EclipseLogger - Copying 0 resource
2022-11-02 14:41:28,027 [Worker-23: Launching DaikichiRoutes - DaikichiRoutesApplication] INFO  o.e.m.c.i.embedder.EclipseLogger - Using 'UTF-8' encoding to copy filtered resources.
2022-11-02 14:41:28,027 [Worker-23: Launching DaikichiRoutes - DaikichiRoutesApplication] INFO  o.e.m.c.i.embedder.EclipseLogger - Using 'UTF-8' encoding to copy filtered properties files.
2022-11-02 14:41:28,027 [Worker-23: Launching DaikichiRoutes - DaikichiRoutesApplication] INFO  o.e.m.c.i.embedder.EclipseLogger - skip non existing resourceDirectory C:\PNSA-Cohort3\Java\Spring\Daikichi Routes\DaikichiRoutes\src\test\resources
2022-11-02 14:42:26,737 [Worker-24: Launching DaikichiRoutes - DaikichiRoutesApplication] INFO  o.e.m.c.i.embedder.EclipseLogger - Using 'UTF-8' encoding to copy filtered resources.
2022-11-02 14:42:26,738 [Worker-24: Launching DaikichiRoutes - DaikichiRoutesApplication] INFO  o.e.m.c.i.embedder.EclipseLogger - Using 'UTF-8' encoding to copy filtered properties files.
2022-11-02 14:42:26,738 [Worker-24: Launching DaikichiRoutes - DaikichiRoutesApplication] INFO  o.e.m.c.i.embedder.EclipseLogger - Copying 1 resource
2022-11-02 14:42:26,748 [Worker-24: Launching DaikichiRoutes - DaikichiRoutesApplication] INFO  o.e.m.c.i.embedder.EclipseLogger - Copying 0 resource
2022-11-02 14:42:26,753 [Worker-24: Launching DaikichiRoutes - DaikichiRoutesApplication] INFO  o.e.m.c.i.embedder.EclipseLogger - Using 'UTF-8' encoding to copy filtered resources.
2022-11-02 14:42:26,754 [Worker-24: Launching DaikichiRoutes - DaikichiRoutesApplication] INFO  o.e.m.c.i.embedder.EclipseLogger - Using 'UTF-8' encoding to copy filtered properties files.
2022-11-02 14:42:26,754 [Worker-24: Launching DaikichiRoutes - DaikichiRoutesApplication] INFO  o.e.m.c.i.embedder.EclipseLogger - skip non existing resourceDirectory C:\PNSA-Cohort3\Java\Spring\Daikichi Routes\DaikichiRoutes\src\test\resources
2022-11-02 14:44:28,806 [Worker-0: Launching DaikichiRoutes - DaikichiRoutesApplication] INFO  o.e.m.c.i.embedder.EclipseLogger - Using 'UTF-8' encoding to copy filtered resources.
2022-11-02 14:44:28,806 [Worker-0: Launching DaikichiRoutes - DaikichiRoutesApplication] INFO  o.e.m.c.i.embedder.EclipseLogger - Using 'UTF-8' encoding to copy filtered properties files.
2022-11-02 14:44:28,807 [Worker-0: Launching DaikichiRoutes - DaikichiRoutesApplication] INFO  o.e.m.c.i.embedder.EclipseLogger - Copying 1 resource
2022-11-02 14:44:28,811 [Worker-0: Launching DaikichiRoutes - DaikichiRoutesApplication] INFO  o.e.m.c.i.embedder.EclipseLogger - Copying 0 resource
2022-11-02 14:44:28,814 [Worker-0: Launching DaikichiRoutes - DaikichiRoutesApplication] INFO  o.e.m.c.i.embedder.EclipseLogger - Using 'UTF-8' encoding to copy filtered resources.
2022-11-02 14:44:28,814 [Worker-0: Launching DaikichiRoutes - DaikichiRoutesApplication] INFO  o.e.m.c.i.embedder.EclipseLogger - Using 'UTF-8' encoding to copy filtered properties files.
2022-11-02 14:44:28,815 [Worker-0: Launching DaikichiRoutes - DaikichiRoutesApplication] INFO  o.e.m.c.i.embedder.EclipseLogger - skip non existing resourceDirectory C:\PNSA-Cohort3\Java\Spring\Daikichi Routes\DaikichiRoutes\src\test\resources
2022-11-02 14:46:09,726 [Worker-23: Launching DaikichiRoutes - DaikichiRoutesApplication] INFO  o.e.m.c.i.embedder.EclipseLogger - Using 'UTF-8' encoding to copy filtered resources.
2022-11-02 14:46:09,726 [Worker-23: Launching DaikichiRoutes - DaikichiRoutesApplication] INFO  o.e.m.c.i.embedder.EclipseLogger - Using 'UTF-8' encoding to copy filtered properties files.
2022-11-02 14:46:09,728 [Worker-23: Launching DaikichiRoutes - DaikichiRoutesApplication] INFO  o.e.m.c.i.embedder.EclipseLogger - Copying 1 resource
2022-11-02 14:46:09,736 [Worker-23: Launching DaikichiRoutes - DaikichiRoutesApplication] INFO  o.e.m.c.i.embedder.EclipseLogger - Copying 0 resource
2022-11-02 14:46:09,741 [Worker-23: Launching DaikichiRoutes - DaikichiRoutesApplication] INFO  o.e.m.c.i.embedder.EclipseLogger - Using 'UTF-8' encoding to copy filtered resources.
2022-11-02 14:46:09,741 [Worker-23: Launching DaikichiRoutes - DaikichiRoutesApplication] INFO  o.e.m.c.i.embedder.EclipseLogger - Using 'UTF-8' encoding to copy filtered properties files.
2022-11-02 14:46:09,742 [Worker-23: Launching DaikichiRoutes - DaikichiRoutesApplication] INFO  o.e.m.c.i.embedder.EclipseLogger - skip non existing resourceDirectory C:\PNSA-Cohort3\Java\Spring\Daikichi Routes\DaikichiRoutes\src\test\resources
2022-11-02 14:46:56,958 [Worker-0: Building] INFO  o.e.m.c.i.embedder.EclipseLogger - Using 'UTF-8' encoding to copy filtered resources.
2022-11-02 14:46:56,958 [Worker-0: Building] INFO  o.e.m.c.i.embedder.EclipseLogger - Using 'UTF-8' encoding to copy filtered properties files.
2022-11-02 14:46:56,959 [Worker-0: Building] INFO  o.e.m.c.i.embedder.EclipseLogger - Copying 1 resource
2022-11-02 14:46:56,970 [Worker-0: Building] INFO  o.e.m.c.i.embedder.EclipseLogger - Copying 0 resource
2022-11-02 14:46:56,974 [Worker-0: Building] INFO  o.e.m.c.i.embedder.EclipseLogger - Using 'UTF-8' encoding to copy filtered resources.
2022-11-02 14:46:56,974 [Worker-0: Building] INFO  o.e.m.c.i.embedder.EclipseLogger - Using 'UTF-8' encoding to copy filtered properties files.
2022-11-02 14:46:56,974 [Worker-0: Building] INFO  o.e.m.c.i.embedder.EclipseLogger - skip non existing resourceDirectory C:\PNSA-Cohort3\Java\Spring\Daikichi Routes\DaikichiRoutes\src\test\resources
2022-11-02 14:49:30,008 [Worker-31: Launching DaikichiRoutes - DaikichiRoutesApplication] INFO  o.e.m.c.i.embedder.EclipseLogger - Using 'UTF-8' encoding to copy filtered resources.
2022-11-02 14:49:30,008 [Worker-31: Launching DaikichiRoutes - DaikichiRoutesApplication] INFO  o.e.m.c.i.embedder.EclipseLogger - Using 'UTF-8' encoding to copy filtered properties files.
2022-11-02 14:49:30,010 [Worker-31: Launching DaikichiRoutes - DaikichiRoutesApplication] INFO  o.e.m.c.i.embedder.EclipseLogger - Copying 1 resource
2022-11-02 14:49:30,020 [Worker-31: Launching DaikichiRoutes - DaikichiRoutesApplication] INFO  o.e.m.c.i.embedder.EclipseLogger - Copying 0 resource
2022-11-02 14:49:30,022 [Worker-31: Launching DaikichiRoutes - DaikichiRoutesApplication] INFO  o.e.m.c.i.embedder.EclipseLogger - Using 'UTF-8' encoding to copy filtered resources.
2022-11-02 14:49:30,023 [Worker-31: Launching DaikichiRoutes - DaikichiRoutesApplication] INFO  o.e.m.c.i.embedder.EclipseLogger - Using 'UTF-8' encoding to copy filtered properties files.
2022-11-02 14:49:30,023 [Worker-31: Launching DaikichiRoutes - DaikichiRoutesApplication] INFO  o.e.m.c.i.embedder.EclipseLogger - skip non existing resourceDirectory C:\PNSA-Cohort3\Java\Spring\Daikichi Routes\DaikichiRoutes\src\test\resources
2022-11-02 14:51:55,843 [Worker-34: Launching DaikichiRoutes - DaikichiRoutesApplication] INFO  o.e.m.c.i.embedder.EclipseLogger - Using 'UTF-8' encoding to copy filtered resources.
2022-11-02 14:51:55,844 [Worker-34: Launching DaikichiRoutes - DaikichiRoutesApplication] INFO  o.e.m.c.i.embedder.EclipseLogger - Using 'UTF-8' encoding to copy filtered properties files.
2022-11-02 14:51:55,845 [Worker-34: Launching DaikichiRoutes - DaikichiRoutesApplication] INFO  o.e.m.c.i.embedder.EclipseLogger - Copying 1 resource
2022-11-02 14:51:55,855 [Worker-34: Launching DaikichiRoutes - DaikichiRoutesApplication] INFO  o.e.m.c.i.embedder.EclipseLogger - Copying 0 resource
2022-11-02 14:51:55,858 [Worker-34: Launching DaikichiRoutes - DaikichiRoutesApplication] INFO  o.e.m.c.i.embedder.EclipseLogger - Using 'UTF-8' encoding to copy filtered resources.
2022-11-02 14:51:55,860 [Worker-34: Launching DaikichiRoutes - DaikichiRoutesApplication] INFO  o.e.m.c.i.embedder.EclipseLogger - Using 'UTF-8' encoding to copy filtered properties files.
2022-11-02 14:51:55,860 [Worker-34: Launching DaikichiRoutes - DaikichiRoutesApplication] INFO  o.e.m.c.i.embedder.EclipseLogger - skip non existing resourceDirectory C:\PNSA-Cohort3\Java\Spring\Daikichi Routes\DaikichiRoutes\src\test\resources
2022-11-02 16:22:16,081 [Worker-2: Loading available Gradle versions] INFO  o.e.b.c.i.u.g.PublishedGradleVersions - Gradle version information cache is up-to-date. Trying to read.
2022-11-02 16:25:33,880 [Worker-11: Building] INFO  o.e.m.c.i.embedder.EclipseLogger - Using 'UTF-8' encoding to copy filtered resources.
2022-11-02 16:25:33,881 [Worker-11: Building] INFO  o.e.m.c.i.embedder.EclipseLogger - Using 'UTF-8' encoding to copy filtered properties files.
2022-11-02 16:25:33,883 [Worker-11: Building] INFO  o.e.m.c.i.embedder.EclipseLogger - Copying 1 resource
2022-11-02 16:25:33,897 [Worker-11: Building] INFO  o.e.m.c.i.embedder.EclipseLogger - Copying 0 resource
2022-11-02 16:25:33,900 [Worker-11: Building] INFO  o.e.m.c.i.embedder.EclipseLogger - Using 'UTF-8' encoding to copy filtered resources.
2022-11-02 16:25:33,900 [Worker-11: Building] INFO  o.e.m.c.i.embedder.EclipseLogger - Using 'UTF-8' encoding to copy filtered properties files.
2022-11-02 16:25:33,900 [Worker-11: Building] INFO  o.e.m.c.i.embedder.EclipseLogger - skip non existing resourceDirectory C:\PNSA-Cohort3\Java\Spring\Daikichi Path Variables\DaikichiRoutes\src\test\resources
2022-11-02 16:31:58,124 [Worker-15: Launching DaikichiRoutes - DaikichiRoutesApplication] INFO  o.e.m.c.i.embedder.EclipseLogger - Using 'UTF-8' encoding to copy filtered resources.
2022-11-02 16:31:58,124 [Worker-15: Launching DaikichiRoutes - DaikichiRoutesApplication] INFO  o.e.m.c.i.embedder.EclipseLogger - Using 'UTF-8' encoding to copy filtered properties files.
2022-11-02 16:31:58,127 [Worker-15: Launching DaikichiRoutes - DaikichiRoutesApplication] INFO  o.e.m.c.i.embedder.EclipseLogger - Copying 1 resource
2022-11-02 16:31:58,135 [Worker-15: Launching DaikichiRoutes - DaikichiRoutesApplication] INFO  o.e.m.c.i.embedder.EclipseLogger - Copying 0 resource
2022-11-02 16:31:58,138 [Worker-15: Launching DaikichiRoutes - DaikichiRoutesApplication] INFO  o.e.m.c.i.embedder.EclipseLogger - Using 'UTF-8' encoding to copy filtered resources.
2022-11-02 16:31:58,138 [Worker-15: Launching DaikichiRoutes - DaikichiRoutesApplication] INFO  o.e.m.c.i.embedder.EclipseLogger - Using 'UTF-8' encoding to copy filtered properties files.
2022-11-02 16:31:58,138 [Worker-15: Launching DaikichiRoutes - DaikichiRoutesApplication] INFO  o.e.m.c.i.embedder.EclipseLogger - skip non existing resourceDirectory C:\PNSA-Cohort3\Java\Spring\Daikichi Path Variables\DaikichiRoutes\src\test\resources
2022-11-02 16:46:19,347 [Worker-21: Launching DaikichiRoutes - DaikichiRoutesApplication] INFO  o.e.m.c.i.embedder.EclipseLogger - Using 'UTF-8' encoding to copy filtered resources.
2022-11-02 16:46:19,347 [Worker-21: Launching DaikichiRoutes - DaikichiRoutesApplication] INFO  o.e.m.c.i.embedder.EclipseLogger - Using 'UTF-8' encoding to copy filtered properties files.
2022-11-02 16:46:19,348 [Worker-21: Launching DaikichiRoutes - DaikichiRoutesApplication] INFO  o.e.m.c.i.embedder.EclipseLogger - Copying 1 resource
2022-11-02 16:46:19,356 [Worker-21: Launching DaikichiRoutes - DaikichiRoutesApplication] INFO  o.e.m.c.i.embedder.EclipseLogger - Copying 0 resource
2022-11-02 16:46:19,359 [Worker-21: Launching DaikichiRoutes - DaikichiRoutesApplication] INFO  o.e.m.c.i.embedder.EclipseLogger - Using 'UTF-8' encoding to copy filtered resources.
2022-11-02 16:46:19,359 [Worker-21: Launching DaikichiRoutes - DaikichiRoutesApplication] INFO  o.e.m.c.i.embedder.EclipseLogger - Using 'UTF-8' encoding to copy filtered properties files.
2022-11-02 16:46:19,359 [Worker-21: Launching DaikichiRoutes - DaikichiRoutesApplication] INFO  o.e.m.c.i.embedder.EclipseLogger - skip non existing resourceDirectory C:\PNSA-Cohort3\Java\Spring\Daikichi Path Variables\DaikichiRoutes\src\test\resources
2022-11-02 16:48:04,626 [Worker-18: Launching DaikichiRoutes - DaikichiRoutesApplication] INFO  o.e.m.c.i.embedder.EclipseLogger - Using 'UTF-8' encoding to copy filtered resources.
2022-11-02 16:48:04,626 [Worker-18: Launching DaikichiRoutes - DaikichiRoutesApplication] INFO  o.e.m.c.i.embedder.EclipseLogger - Using 'UTF-8' encoding to copy filtered properties files.
2022-11-02 16:48:04,628 [Worker-18: Launching DaikichiRoutes - DaikichiRoutesApplication] INFO  o.e.m.c.i.embedder.EclipseLogger - Copying 1 resource
2022-11-02 16:48:04,637 [Worker-18: Launching DaikichiRoutes - DaikichiRoutesApplication] INFO  o.e.m.c.i.embedder.EclipseLogger - Copying 0 resource
2022-11-02 16:48:04,641 [Worker-18: Launching DaikichiRoutes - DaikichiRoutesApplication] INFO  o.e.m.c.i.embedder.EclipseLogger - Using 'UTF-8' encoding to copy filtered resources.
2022-11-02 16:48:04,641 [Worker-18: Launching DaikichiRoutes - DaikichiRoutesApplication] INFO  o.e.m.c.i.embedder.EclipseLogger - Using 'UTF-8' encoding to copy filtered properties files.
2022-11-02 16:48:04,642 [Worker-18: Launching DaikichiRoutes - DaikichiRoutesApplication] INFO  o.e.m.c.i.embedder.EclipseLogger - skip non existing resourceDirectory C:\PNSA-Cohort3\Java\Spring\Daikichi Path Variables\DaikichiRoutes\src\test\resources
2022-11-02 16:51:19,710 [Worker-25: Launching DaikichiRoutes - DaikichiRoutesApplication] INFO  o.e.m.c.i.embedder.EclipseLogger - Using 'UTF-8' encoding to copy filtered resources.
2022-11-02 16:51:19,710 [Worker-25: Launching DaikichiRoutes - DaikichiRoutesApplication] INFO  o.e.m.c.i.embedder.EclipseLogger - Using 'UTF-8' encoding to copy filtered properties files.
2022-11-02 16:51:19,712 [Worker-25: Launching DaikichiRoutes - DaikichiRoutesApplication] INFO  o.e.m.c.i.embedder.EclipseLogger - Copying 1 resource
2022-11-02 16:51:19,720 [Worker-25: Launching DaikichiRoutes - DaikichiRoutesApplication] INFO  o.e.m.c.i.embedder.EclipseLogger - Copying 0 resource
2022-11-02 16:51:19,724 [Worker-25: Launching DaikichiRoutes - DaikichiRoutesApplication] INFO  o.e.m.c.i.embedder.EclipseLogger - Using 'UTF-8' encoding to copy filtered resources.
2022-11-02 16:51:19,724 [Worker-25: Launching DaikichiRoutes - DaikichiRoutesApplication] INFO  o.e.m.c.i.embedder.EclipseLogger - Using 'UTF-8' encoding to copy filtered properties files.
2022-11-02 16:51:19,724 [Worker-25: Launching DaikichiRoutes - DaikichiRoutesApplication] INFO  o.e.m.c.i.embedder.EclipseLogger - skip non existing resourceDirectory C:\PNSA-Cohort3\Java\Spring\Daikichi Path Variables\DaikichiRoutes\src\test\resources
